
 ["start",{"name":"moveValues","i":300,"batchSize":10,"totalI":8048},1526088870653]
 {"percent":"1.3%","estimatedTimeMinutes":9,"i":400,"totalI":8048,"errors":[[null,350]]}
 {"percent":"3.8%","estimatedTimeMinutes":8,"i":600,"totalI":8048,"errors":[[null,450],[null,460],[null,480],[null,490],[null,580],[null,590]]}
 {"percent":"6.4%","estimatedTimeMinutes":8,"i":800,"totalI":8048,"errors":[]}
 ["start",{"name":"moveValues","i":300,"batchSize":10,"totalI":8048},1526088913035]
 ["start",{"name":"moveValues","i":300,"batchSize":10,"totalI":8048},1526089182988]
 {"percent":"1.3%","estimatedTimeMinutes":9,"i":400,"totalI":8048,"errors":[null]}
 {"percent":"3.8%","estimatedTimeMinutes":8,"i":600,"totalI":8048,"errors":[null,null,null,null,null,null]}
 {"percent":"6.4%","estimatedTimeMinutes":8,"i":800,"totalI":8048,"errors":[]}
 {"percent":"9%","estimatedTimeMinutes":8,"i":1000,"totalI":8048,"errors":[]}
 {"percent":"11.6%","estimatedTimeMinutes":9,"i":1200,"totalI":8048,"errors":[]}
 ["start",{"name":"moveValues","i":300,"batchSize":10,"totalI":8048},1526089259681]
 {"percent":"1.3%","estimatedTimeMinutes":10,"i":400,"totalI":8048,"errors":[[null,350]]}
 {"percent":"3.8%","estimatedTimeMinutes":9,"i":600,"totalI":8048,"errors":[[null,450],[null,460],[null,480],[null,490],[null,580],[null,590]]}
 {"percent":"6.4%","estimatedTimeMinutes":9,"i":800,"totalI":8048,"errors":[]}
 {"percent":"9%","estimatedTimeMinutes":8,"i":1000,"totalI":8048,"errors":[]}
 {"percent":"11.6%","estimatedTimeMinutes":9,"i":1200,"totalI":8048,"errors":[]}
 ["start",{"name":"moveValues","i":300,"batchSize":10,"totalI":8048},1526089339969]
 {"percent":"1.3%","estimatedTimeMinutes":9,"i":400,"totalI":8048,"errors":[[{"message":"NO todaysReport or performance OBJECT","missing":[0,null],"symbol":"ALZH"},350]]}
 {"percent":"3.8%","estimatedTimeMinutes":8,"i":600,"totalI":8048,"errors":[[{"message":"NO todaysReport or performance OBJECT","missing":"performance missing","symbol":"APTV"},450],[{"message":"NO todaysReport or performance OBJECT","missing":"performance missing","symbol":"APT"},460],[{"message":"NO todaysReport or performance OBJECT","missing":"performance missing","symbol":"APOG"},480],[{"message":"NO todaysReport or performance OBJECT","missing":"performance missing","symbol":"APPN"},490],[{"message":"NO todaysReport or performance OBJECT","missing":"performance missing","symbol":"ASTC"},580],[{"message":"NO todaysReport or performance OBJECT","missing":"performance missing","symbol":"ATACR"},590]]}
 ["start",{"name":"moveValues","i":300,"batchSize":10,"totalI":8048},1526089410364]
 {"percent":"1.3%","estimatedTimeMinutes":11,"i":400,"totalI":8048,"errLength":1,"errors":[[{"message":"NO todaysReport or performance OBJECT","missing":[0,null],"symbol":"ALZH"},350]]}
 ["start",{"name":"moveValues","i":300,"batchSize":10,"totalI":8048},1526089486853]
 {"percent":"1.3%","estimatedTimeMinutes":9,"i":400,"totalI":8048,"errTot":1,"errors":[[{"message":"NO todaysReport or performance OBJECT","missing":[0,null],"symbol":"ALZH"},350]]}
 {"percent":"3.8%","estimatedTimeMinutes":8,"i":600,"totalI":8048,"errTot":7,"errors":[[{"message":"NO todaysReport or performance OBJECT","missing":"performance missing","symbol":"APTV"},450],[{"message":"NO todaysReport or performance OBJECT","missing":"performance missing","symbol":"APT"},460],[{"message":"NO todaysReport or performance OBJECT","missing":"performance missing","symbol":"APOG"},480],[{"message":"NO todaysReport or performance OBJECT","missing":"performance missing","symbol":"APPN"},490],[{"message":"NO todaysReport or performance OBJECT","missing":"performance missing","symbol":"ASTC"},580],[{"message":"NO todaysReport or performance OBJECT","missing":"performance missing","symbol":"ATACR"},590]]}
 {"percent":"6.4%","estimatedTimeMinutes":8,"i":800,"totalI":8048,"errTot":7,"errors":[]}
 {"percent":"9%","estimatedTimeMinutes":8,"i":1000,"totalI":8048,"errTot":7,"errors":[]}
 {"percent":"11.6%","estimatedTimeMinutes":8,"i":1200,"totalI":8048,"errTot":7,"errors":[]}
 {"percent":"14.2%","estimatedTimeMinutes":8,"i":1400,"totalI":8048,"errTot":8,"errors":[[{"message":"NO todaysReport or performance OBJECT","missing":[0,null],"symbol":"CMCTP"},1240]]}
 {"percent":"16.7%","estimatedTimeMinutes":8,"i":1600,"totalI":8048,"errTot":8,"errors":[]}
 {"percent":"19.3%","estimatedTimeMinutes":8,"i":1800,"totalI":8048,"errTot":9,"errors":[[{"message":"NO todaysReport or performance OBJECT","missing":[0,null],"symbol":"DFBHW"},1780]]}
 {"percent":"21.9%","estimatedTimeMinutes":8,"i":2000,"totalI":8048,"errTot":11,"errors":[[{"message":"NO todaysReport or performance OBJECT","missing":"performance missing","symbol":"CWT"},1850],[{"message":"NO todaysReport or performance OBJECT","missing":"performance missing","symbol":"CXH"},1860]]}
 {"percent":"24.5%","estimatedTimeMinutes":8,"i":2200,"totalI":8048,"errTot":12,"errors":[[{"message":"NO todaysReport or performance OBJECT","missing":[0,null],"symbol":"DFBH"},2030]]}
 {"percent":"27.1%","estimatedTimeMinutes":8,"i":2400,"totalI":8048,"errTot":12,"errors":[]}
 {"percent":"29.6%","estimatedTimeMinutes":8,"i":2600,"totalI":8048,"errTot":12,"errors":[]}
 {"percent":"32.2%","estimatedTimeMinutes":7,"i":2800,"totalI":8048,"errTot":12,"errors":[]}
 {"percent":"34.8%","estimatedTimeMinutes":7,"i":3000,"totalI":8048,"errTot":12,"errors":[]}
 {"percent":"37.4%","estimatedTimeMinutes":7,"i":3200,"totalI":8048,"errTot":12,"errors":[]}
 ["start",{"name":"moveValues","i":300,"batchSize":10,"totalI":8048},1526089784081]
 ["start",{"name":"moveValues","i":300,"batchSize":10,"totalI":8048},1526089789577]
 {"time":1526089796927,"percent":"1.3%","estimatedTimeMinutes":9,"i":400,"totalI":8048,"errTot":1,"errors":[[{"message":"NO todaysReport or performance OBJECT","missing":[0,null],"symbol":"ALZH"},350]]}
 {"time":1526089809469,"percent":"3.8%","estimatedTimeMinutes":8,"i":600,"totalI":8048,"errTot":7,"errors":[[{"message":"NO todaysReport or performance OBJECT","missing":"performance missing","symbol":"APTV"},450],[{"message":"NO todaysReport or performance OBJECT","missing":"performance missing","symbol":"APT"},460],[{"message":"NO todaysReport or performance OBJECT","missing":"performance missing","symbol":"APOG"},480],[{"message":"NO todaysReport or performance OBJECT","missing":"performance missing","symbol":"APPN"},490],[{"message":"NO todaysReport or performance OBJECT","missing":"performance missing","symbol":"ASTC"},580],[{"message":"NO todaysReport or performance OBJECT","missing":"performance missing","symbol":"ATACR"},590]]}
 {"time":1526089822136,"percent":"6.4%","estimatedTimeMinutes":7,"i":800,"totalI":8048,"errTot":7,"errors":[]}
 {"time":1526089833949,"percent":"9%","estimatedTimeMinutes":7,"i":1000,"totalI":8048,"errTot":7,"errors":[]}
 {"time":1526089846287,"percent":"11.6%","estimatedTimeMinutes":7,"i":1200,"totalI":8048,"errTot":7,"errors":[]}
 {"time":1526089859014,"percent":"14.2%","estimatedTimeMinutes":6,"i":1400,"totalI":8048,"errTot":8,"errors":[[{"message":"NO todaysReport or performance OBJECT","missing":[0,null],"symbol":"CMCTP"},1240]]}
 {"time":1526089871154,"percent":"16.7%","estimatedTimeMinutes":6,"i":1600,"totalI":8048,"errTot":8,"errors":[]}
 {"time":1526089883684,"percent":"19.3%","estimatedTimeMinutes":6,"i":1800,"totalI":8048,"errTot":9,"errors":[[{"message":"NO todaysReport or performance OBJECT","missing":[0,null],"symbol":"DFBHW"},1780]]}
 {"time":1526089895321,"percent":"21.9%","estimatedTimeMinutes":6,"i":2000,"totalI":8048,"errTot":11,"errors":[[{"message":"NO todaysReport or performance OBJECT","missing":"performance missing","symbol":"CWT"},1850],[{"message":"NO todaysReport or performance OBJECT","missing":"performance missing","symbol":"CXH"},1860]]}
 {"time":1526089907194,"percent":"24.5%","estimatedTimeMinutes":6,"i":2200,"totalI":8048,"errTot":12,"errors":[[{"message":"NO todaysReport or performance OBJECT","missing":[0,null],"symbol":"DFBH"},2030]]}
 {"time":1526089919082,"percent":"27.1%","estimatedTimeMinutes":5,"i":2400,"totalI":8048,"errTot":12,"errors":[]}
 {"time":1526089931112,"percent":"29.6%","estimatedTimeMinutes":5,"i":2600,"totalI":8048,"errTot":12,"errors":[]}
 {"time":1526089945316,"percent":"32.2%","estimatedTimeMinutes":5,"i":2800,"totalI":8048,"errTot":12,"errors":[]}
 {"time":1526089963293,"percent":"34.8%","estimatedTimeMinutes":5,"i":3000,"totalI":8048,"errTot":12,"errors":[]}
 {"time":1526089984282,"percent":"37.4%","estimatedTimeMinutes":5,"i":3200,"totalI":8048,"errTot":12,"errors":[]}
 {"time":1526090007042,"percent":"40%","estimatedTimeMinutes":5,"i":3400,"totalI":8048,"errTot":12,"errors":[]}
 ["start",{"name":"moveValues","i":300,"batchSize":10,"totalI":8048},1526090206286]
 {"time":1526090213376,"percent":"1.3%","estimatedTimeMinutes":8,"i":400,"totalI":8048,"errTot":1,"errors":[[{"message":"NO todaysReport or performance OBJECT","missing":[0,null],"symbol":"ALZH"},350]]}
 {"time":1526090225092,"percent":"3.8%","estimatedTimeMinutes":7,"i":600,"totalI":8048,"errTot":7,"errors":[[{"message":"NO todaysReport or performance OBJECT","missing":"performance missing","symbol":"APTV"},450],[{"message":"NO todaysReport or performance OBJECT","missing":"performance missing","symbol":"APT"},460],[{"message":"NO todaysReport or performance OBJECT","missing":"performance missing","symbol":"APOG"},480],[{"message":"NO todaysReport or performance OBJECT","missing":"performance missing","symbol":"APPN"},490],[{"message":"NO todaysReport or performance OBJECT","missing":"performance missing","symbol":"ASTC"},580],[{"message":"NO todaysReport or performance OBJECT","missing":"performance missing","symbol":"ATACR"},590]]}
 {"time":1526090237088,"percent":"6.4%","estimatedTimeMinutes":7,"i":800,"totalI":8048,"errTot":7,"errors":[]}
 {"time":1526090248318,"percent":"9%","estimatedTimeMinutes":7,"i":1000,"totalI":8048,"errTot":7,"errors":[]}
 {"time":1526090260332,"percent":"11.6%","estimatedTimeMinutes":6,"i":1200,"totalI":8048,"errTot":7,"errors":[]}
 {"time":1526090272606,"percent":"14.2%","estimatedTimeMinutes":6,"i":1400,"totalI":8048,"errTot":8,"errors":[[{"message":"NO todaysReport or performance OBJECT","missing":[0,null],"symbol":"CMCTP"},1240]]}
 {"time":1526090283961,"percent":"16.7%","estimatedTimeMinutes":6,"i":1600,"totalI":8048,"errTot":8,"errors":[]}
 {"time":1526090296045,"percent":"19.3%","estimatedTimeMinutes":6,"i":1800,"totalI":8048,"errTot":9,"errors":[[{"message":"NO todaysReport or performance OBJECT","missing":[0,null],"symbol":"DFBHW"},1780]]}
 {"time":1526090307499,"percent":"21.9%","estimatedTimeMinutes":5,"i":2000,"totalI":8048,"errTot":11,"errors":[[{"message":"NO todaysReport or performance OBJECT","missing":"performance missing","symbol":"CWT"},1850],[{"message":"NO todaysReport or performance OBJECT","missing":"performance missing","symbol":"CXH"},1860]]}
 {"time":1526090319399,"percent":"24.5%","estimatedTimeMinutes":5,"i":2200,"totalI":8048,"errTot":12,"errors":[[{"message":"NO todaysReport or performance OBJECT","missing":[0,null],"symbol":"DFBH"},2030]]}
 {"time":1526090331021,"percent":"27.1%","estimatedTimeMinutes":5,"i":2400,"totalI":8048,"errTot":12,"errors":[]}
 {"time":1526090342693,"percent":"29.6%","estimatedTimeMinutes":5,"i":2600,"totalI":8048,"errTot":12,"errors":[]}
 {"time":1526090356568,"percent":"32.2%","estimatedTimeMinutes":5,"i":2800,"totalI":8048,"errTot":12,"errors":[]}
 {"time":1526090373435,"percent":"34.8%","estimatedTimeMinutes":5,"i":3000,"totalI":8048,"errTot":12,"errors":[]}
 {"time":1526090391891,"percent":"37.4%","estimatedTimeMinutes":5,"i":3200,"totalI":8048,"errTot":12,"errors":[]}
 {"time":1526090413484,"percent":"40%","estimatedTimeMinutes":5,"i":3400,"totalI":8048,"errTot":12,"errors":[]}
 {"time":1526090439977,"percent":"42.6%","estimatedTimeMinutes":5,"i":3600,"totalI":8048,"errTot":12,"errors":[]}
 {"time":1526090470587,"percent":"45.1%","estimatedTimeMinutes":5,"i":3800,"totalI":8048,"errTot":13,"errors":[[{"message":"NO todaysReport or performance OBJECT","missing":[0,null],"symbol":"GIG^"},3670]]}
 {"time":1526090504759,"percent":"47.7%","estimatedTimeMinutes":5,"i":4000,"totalI":8048,"errTot":13,"errors":[]}
 {"time":1526090549975,"percent":"50.3%","estimatedTimeMinutes":5,"i":4200,"totalI":8048,"errTot":13,"errors":[]}
 {"time":1526090591915,"percent":"52.9%","estimatedTimeMinutes":5,"i":4400,"totalI":8048,"errTot":13,"errors":[]}
 {"time":1526090635748,"percent":"55.5%","estimatedTimeMinutes":5,"i":4600,"totalI":8048,"errTot":16,"errors":[[{"message":"NO todaysReport or performance OBJECT","missing":"performance missing","symbol":"NVO"},4520],[{"message":"NO todaysReport or performance OBJECT","missing":"performance missing","symbol":"NVIV"},4560],[{"message":"NO todaysReport or performance OBJECT","missing":[0,null],"symbol":"LTN^"},4570]]}
 {"time":1526090683976,"percent":"58%","estimatedTimeMinutes":5,"i":4800,"totalI":8048,"errTot":16,"errors":[]}
 {"time":1526090734525,"percent":"60.6%","estimatedTimeMinutes":5,"i":5000,"totalI":8048,"errTot":16,"errors":[]}
 {"time":1526090800984,"percent":"63.2%","estimatedTimeMinutes":5,"i":5200,"totalI":8048,"errTot":16,"errors":[]}
 {"time":1526090875484,"percent":"65.8%","estimatedTimeMinutes":5,"i":5400,"totalI":8048,"errTot":17,"errors":[[{"message":"NO todaysReport or performance OBJECT","missing":[0,null],"symbol":"NONE"},5350]]}
 {"time":1526090936523,"percent":"68.4%","estimatedTimeMinutes":5,"i":5600,"totalI":8048,"errTot":17,"errors":[]}
 {"time":1526091002438,"percent":"70.9%","estimatedTimeMinutes":5,"i":5800,"totalI":8048,"errTot":18,"errors":[[{"errors":{"performance.pricePerEarning":{"message":"Cast to Number failed for value \"NaN\" at path \"pricePerEarning\"","name":"CastError","stringValue":"\"NaN\"","kind":"Number","value":null,"path":"pricePerEarning","reason":{"message":"Cast to number failed for value \"NaN\" at path \"pricePerEarning\"","name":"CastError","stringValue":"\"NaN\"","kind":"number","value":null,"path":"pricePerEarning"}},"performance":{"errors":{},"_message":"Validation failed","message":"Validation failed: pricePerEarning: Cast to Number failed for value \"NaN\" at path \"pricePerEarning\"","name":"ValidationError"}},"_message":"Stock validation failed","message":"Stock validation failed: performance.pricePerEarning: Cast to Number failed for value \"NaN\" at path \"pricePerEarning\", performance: Validation failed: pricePerEarning: Cast to Number failed for value \"NaN\" at path \"pricePerEarning\"","name":"ValidationError"},5780]]}
 {"time":1526091070051,"percent":"73.5%","estimatedTimeMinutes":5,"i":6000,"totalI":8048,"errTot":18,"errors":[]}
 {"time":1526091163044,"percent":"76.1%","estimatedTimeMinutes":4,"i":6200,"totalI":8048,"errTot":18,"errors":[]}
 {"time":1526091243493,"percent":"78.7%","estimatedTimeMinutes":4,"i":6400,"totalI":8048,"errTot":18,"errors":[]}
 {"time":1526091322197,"percent":"81.3%","estimatedTimeMinutes":4,"i":6600,"totalI":8048,"errTot":18,"errors":[]}
 {"time":1526091426397,"percent":"83.9%","estimatedTimeMinutes":3,"i":6800,"totalI":8048,"errTot":18,"errors":[]}
 {"time":1526091527893,"percent":"86.4%","estimatedTimeMinutes":3,"i":7000,"totalI":8048,"errTot":20,"errors":[[{"errors":{"performance.rsi":{"message":"Cast to Number failed for value \"NaN\" at path \"rsi\"","name":"CastError","stringValue":"\"NaN\"","kind":"Number","value":null,"path":"rsi","reason":{"message":"Cast to number failed for value \"NaN\" at path \"rsi\"","name":"CastError","stringValue":"\"NaN\"","kind":"number","value":null,"path":"rsi"}},"performance":{"errors":{},"_message":"Validation failed","message":"Validation failed: rsi: Cast to Number failed for value \"NaN\" at path \"rsi\"","name":"ValidationError"}},"_message":"Stock validation failed","message":"Stock validation failed: performance.rsi: Cast to Number failed for value \"NaN\" at path \"rsi\", performance: Validation failed: rsi: Cast to Number failed for value \"NaN\" at path \"rsi\"","name":"ValidationError"},6830],[{"message":"NO todaysReport or performance OBJECT","missing":"performance missing","symbol":"PNM"},6840]]}
 ["done",1526091669001,{"name":"moveValues","errors":[[{"name":"MongoNetworkError","message":"connection 1 to localhost:27017 closed"},7010],[{"name":"MongoNetworkError","message":"failed to reconnect after 30 attempts with interval 1000 ms"},7020],[{"name":"MongoError","message":"Topology was destroyed"},7030],[{"name":"MongoError","message":"Topology was destroyed"},7040],[{"name":"MongoError","message":"Topology was destroyed"},7050],[{"name":"MongoError","message":"Topology was destroyed"},7060],[{"name":"MongoError","message":"Topology was destroyed"},7070],[{"name":"MongoError","message":"Topology was destroyed"},7080],[{"name":"MongoError","message":"Topology was destroyed"},7090],[{"name":"MongoError","message":"Topology was destroyed"},7100],[{"name":"MongoError","message":"Topology was destroyed"},7110],[{"name":"MongoError","message":"Topology was destroyed"},7120],[{"name":"MongoError","message":"Topology was destroyed"},7130],[{"name":"MongoError","message":"Topology was destroyed"},7140],[{"name":"MongoError","message":"Topology was destroyed"},7150],[{"name":"MongoError","message":"Topology was destroyed"},7160],[{"name":"MongoError","message":"Topology was destroyed"},7170],[{"name":"MongoError","message":"Topology was destroyed"},7180],[{"name":"MongoError","message":"Topology was destroyed"},7190],[{"name":"MongoError","message":"Topology was destroyed"},7200],[{"name":"MongoError","message":"Topology was destroyed"},7210],[{"name":"MongoError","message":"Topology was destroyed"},7220],[{"name":"MongoError","message":"Topology was destroyed"},7230],[{"name":"MongoError","message":"Topology was destroyed"},7240],[{"name":"MongoError","message":"Topology was destroyed"},7250],[{"name":"MongoError","message":"Topology was destroyed"},7260],[{"name":"MongoError","message":"Topology was destroyed"},7270],[{"name":"MongoError","message":"Topology was destroyed"},7280],[{"name":"MongoError","message":"Topology was destroyed"},7290],[{"name":"MongoError","message":"Topology was destroyed"},7300],[{"name":"MongoError","message":"Topology was destroyed"},7310],[{"name":"MongoError","message":"Topology was destroyed"},7320],[{"name":"MongoError","message":"Topology was destroyed"},7330],[{"name":"MongoError","message":"Topology was destroyed"},7340],[{"name":"MongoError","message":"Topology was destroyed"},7350],[{"name":"MongoError","message":"Topology was destroyed"},7360],[{"name":"MongoError","message":"Topology was destroyed"},7370],[{"name":"MongoError","message":"Topology was destroyed"},7380],[{"name":"MongoError","message":"Topology was destroyed"},7390],[{"name":"MongoError","message":"Topology was destroyed"},7400],[{"name":"MongoError","message":"Topology was destroyed"},7410],[{"name":"MongoError","message":"Topology was destroyed"},7420],[{"name":"MongoError","message":"Topology was destroyed"},7430],[{"name":"MongoError","message":"Topology was destroyed"},7440],[{"name":"MongoError","message":"Topology was destroyed"},7450],[{"name":"MongoError","message":"Topology was destroyed"},7460],[{"name":"MongoError","message":"Topology was destroyed"},7470],[{"name":"MongoError","message":"Topology was destroyed"},7480],[{"name":"MongoError","message":"Topology was destroyed"},7490],[{"name":"MongoError","message":"Topology was destroyed"},7500],[{"name":"MongoError","message":"Topology was destroyed"},7510],[{"name":"MongoError","message":"Topology was destroyed"},7520],[{"name":"MongoError","message":"Topology was destroyed"},7530],[{"name":"MongoError","message":"Topology was destroyed"},7540],[{"name":"MongoError","message":"Topology was destroyed"},7550],[{"name":"MongoError","message":"Topology was destroyed"},7560],[{"name":"MongoError","message":"Topology was destroyed"},7570],[{"name":"MongoError","message":"Topology was destroyed"},7580],[{"name":"MongoError","message":"Topology was destroyed"},7590],[{"name":"MongoError","message":"Topology was destroyed"},7600],[{"name":"MongoError","message":"Topology was destroyed"},7610],[{"name":"MongoError","message":"Topology was destroyed"},7620],[{"name":"MongoError","message":"Topology was destroyed"},7630],[{"name":"MongoError","message":"Topology was destroyed"},7640],[{"name":"MongoError","message":"Topology was destroyed"},7650],[{"name":"MongoError","message":"Topology was destroyed"},7660],[{"name":"MongoError","message":"Topology was destroyed"},7670],[{"name":"MongoError","message":"Topology was destroyed"},7680],[{"name":"MongoError","message":"Topology was destroyed"},7690],[{"name":"MongoError","message":"Topology was destroyed"},7700],[{"name":"MongoError","message":"Topology was destroyed"},7710],[{"name":"MongoError","message":"Topology was destroyed"},7720],[{"name":"MongoError","message":"Topology was destroyed"},7730],[{"name":"MongoError","message":"Topology was destroyed"},7740],[{"name":"MongoError","message":"Topology was destroyed"},7750],[{"name":"MongoError","message":"Topology was destroyed"},7760],[{"name":"MongoError","message":"Topology was destroyed"},7770],[{"name":"MongoError","message":"Topology was destroyed"},7780],[{"name":"MongoError","message":"Topology was destroyed"},7790],[{"name":"MongoError","message":"Topology was destroyed"},7800],[{"name":"MongoError","message":"Topology was destroyed"},7810],[{"name":"MongoError","message":"Topology was destroyed"},7820],[{"name":"MongoError","message":"Topology was destroyed"},7830],[{"name":"MongoError","message":"Topology was destroyed"},7840],[{"name":"MongoError","message":"Topology was destroyed"},7850],[{"name":"MongoError","message":"Topology was destroyed"},7860],[{"name":"MongoError","message":"Topology was destroyed"},7870],[{"name":"MongoError","message":"Topology was destroyed"},7880],[{"name":"MongoError","message":"Topology was destroyed"},7890],[{"name":"MongoError","message":"Topology was destroyed"},7900],[{"name":"MongoError","message":"Topology was destroyed"},7910],[{"name":"MongoError","message":"Topology was destroyed"},7920],[{"name":"MongoError","message":"Topology was destroyed"},7930],[{"name":"MongoError","message":"Topology was destroyed"},7940],[{"name":"MongoError","message":"Topology was destroyed"},7950],[{"name":"MongoError","message":"Topology was destroyed"},7960],[{"name":"MongoError","message":"Topology was destroyed"},7970],[{"name":"MongoError","message":"Topology was destroyed"},7980],[{"name":"MongoError","message":"Topology was destroyed"},7990],[{"name":"MongoError","message":"Topology was destroyed"},8000],[{"name":"MongoError","message":"Topology was destroyed"},8010],[{"name":"MongoError","message":"Topology was destroyed"},8020],[{"name":"MongoError","message":"Topology was destroyed"},8030],[{"name":"MongoError","message":"Topology was destroyed"},8040]]}]
 ["start",{"name":"moveValues","i":6500,"batchSize":10,"totalI":8048},1526094488337]
 {"time":1526094629653,"percent":"6.5%","estimatedTimeMinutes":33,"i":6600,"totalI":8048,"errTot":0,"errors":[]}
 {"time":1526094737459,"percent":"19.4%","estimatedTimeMinutes":17,"i":6800,"totalI":8048,"errTot":0,"errors":[]}
 {"time":1526094822282,"percent":"32.3%","estimatedTimeMinutes":11,"i":7000,"totalI":8048,"errTot":2,"errors":[[{"errors":{"performance.rsi":{"message":"Cast to Number failed for value \"NaN\" at path \"rsi\"","name":"CastError","stringValue":"\"NaN\"","kind":"Number","value":null,"path":"rsi","reason":{"message":"Cast to number failed for value \"NaN\" at path \"rsi\"","name":"CastError","stringValue":"\"NaN\"","kind":"number","value":null,"path":"rsi"}},"performance":{"errors":{},"_message":"Validation failed","message":"Validation failed: rsi: Cast to Number failed for value \"NaN\" at path \"rsi\"","name":"ValidationError"}},"_message":"Stock validation failed","message":"Stock validation failed: performance.rsi: Cast to Number failed for value \"NaN\" at path \"rsi\", performance: Validation failed: rsi: Cast to Number failed for value \"NaN\" at path \"rsi\"","name":"ValidationError"},6830],[{"message":"NO todaysReport or performance OBJECT","missing":"performance missing","symbol":"PNM"},6840]]}
 {"time":1526094913419,"percent":"45.2%","estimatedTimeMinutes":8,"i":7200,"totalI":8048,"errTot":2,"errors":[]}
 {"time":1526095004229,"percent":"58.2%","estimatedTimeMinutes":6,"i":7400,"totalI":8048,"errTot":2,"errors":[]}
 {"time":1526095111173,"percent":"71.1%","estimatedTimeMinutes":4,"i":7600,"totalI":8048,"errTot":3,"errors":[[{"message":"NO todaysReport or performance OBJECT","missing":[0,null],"symbol":"ZNWAA"},7450]]}
 {"time":1526095208995,"percent":"84%","estimatedTimeMinutes":2,"i":7800,"totalI":8048,"errTot":3,"errors":[]}
 {"time":1526095315497,"percent":"96.9%","estimatedTimeMinutes":0,"i":8000,"totalI":8048,"errTot":3,"errors":[]}
 ["done",1526095339127,{"name":"moveValues","errors":[[{"errors":{"performance.rsi":{"message":"Cast to Number failed for value \"NaN\" at path \"rsi\"","name":"CastError","stringValue":"\"NaN\"","kind":"Number","value":null,"path":"rsi","reason":{"message":"Cast to number failed for value \"NaN\" at path \"rsi\"","name":"CastError","stringValue":"\"NaN\"","kind":"number","value":null,"path":"rsi"}},"performance":{"errors":{},"_message":"Validation failed","message":"Validation failed: rsi: Cast to Number failed for value \"NaN\" at path \"rsi\"","name":"ValidationError"}},"_message":"Stock validation failed","message":"Stock validation failed: performance.rsi: Cast to Number failed for value \"NaN\" at path \"rsi\", performance: Validation failed: rsi: Cast to Number failed for value \"NaN\" at path \"rsi\"","name":"ValidationError"},8030]]}]
 ["start",{"name":"moveValues","i":0,"batchSize":10,"totalI":8048},1526096927701]
 ["start",{"name":"moveValues","i":0,"batchSize":10,"totalI":8048},1526096953912]
 {"time":1526096954923,"percent":"0%","estimatedTimeMinutes":135,"i":0,"totalI":8048,"errTot":0,"errors":[]}
 ["start",{"name":"moveValues","i":0,"batchSize":10,"totalI":8048},1526097008769]
 {"time":1526097009773,"percent":"0%","estimatedTimeMinutes":134,"i":0,"totalI":8048,"errTot":0,"errors":[]}
 ["start",{"name":"moveValues","i":0,"batchSize":10,"totalI":8048},1526097653805]
 ["start",{"name":"moveValues","i":0,"batchSize":10,"totalI":8048},1526097717914]
 {"time":1526097719315,"percent":"0%","estimatedTimeMinutes":187,"i":0,"totalI":8048,"errTot":0,"errors":[]}
 ["start",{"name":"moveValues","i":0,"batchSize":10,"totalI":8048},1526097796052]
 {"time":1526097797478,"percent":"0%","estimatedTimeMinutes":191,"i":0,"totalI":8048,"errTot":0,"errors":[]}
 ["start",{"name":"moveValues","i":0,"batchSize":10,"totalI":8048},1526097853535]
 {"time":1526097854877,"percent":"0%","estimatedTimeMinutes":179,"i":0,"totalI":8048,"errTot":0,"errors":[]}
 ["start",{"name":"moveValues","i":0,"batchSize":10,"totalI":8048},1526097957860]
 {"time":1526097959113,"percent":"0%","estimatedTimeMinutes":167,"i":0,"totalI":8048,"errTot":0,"errors":[]}
 ["start",{"name":"moveValues","i":0,"batchSize":10,"totalI":8048},1526097971677]
 {"time":1526097972949,"percent":"0%","estimatedTimeMinutes":170,"i":0,"totalI":8048,"errTot":0,"errors":[]}
 {"time":1526097990001,"percent":"2.4%","estimatedTimeMinutes":11,"i":200,"totalI":8048,"errTot":0,"errors":[]}
 {"time":1526098008221,"percent":"4.9%","estimatedTimeMinutes":11,"i":400,"totalI":8048,"errTot":1,"errors":[[{"message":"NO todaysReport or performance OBJECT","missing":[0,null],"symbol":"ALZH"},350]]}
 {"time":1526098025466,"percent":"7.4%","estimatedTimeMinutes":11,"i":600,"totalI":8048,"errTot":7,"errors":[[{},450],[{},460],[{},480],[{},490],[{},580],[{},590]]}
 {"time":1526098045274,"percent":"9.9%","estimatedTimeMinutes":11,"i":800,"totalI":8048,"errTot":7,"errors":[]}
 {"time":1526098061287,"percent":"12.4%","estimatedTimeMinutes":10,"i":1000,"totalI":8048,"errTot":7,"errors":[]}
 {"time":1526098078257,"percent":"14.9%","estimatedTimeMinutes":10,"i":1200,"totalI":8048,"errTot":7,"errors":[]}
 {"time":1526098094553,"percent":"17.4%","estimatedTimeMinutes":9,"i":1400,"totalI":8048,"errTot":8,"errors":[[{"message":"NO todaysReport or performance OBJECT","missing":[0,null],"symbol":"CMCTP"},1240]]}
 {"time":1526098111520,"percent":"19.8%","estimatedTimeMinutes":9,"i":1600,"totalI":8048,"errTot":8,"errors":[]}
 {"time":1526098130253,"percent":"22.3%","estimatedTimeMinutes":9,"i":1800,"totalI":8048,"errTot":9,"errors":[[{"message":"NO todaysReport or performance OBJECT","missing":[0,null],"symbol":"DFBHW"},1780]]}
 {"time":1526098148967,"percent":"24.8%","estimatedTimeMinutes":8,"i":2000,"totalI":8048,"errTot":11,"errors":[[{},1850],[{},1860]]}
 {"time":1526098168146,"percent":"27.3%","estimatedTimeMinutes":8,"i":2200,"totalI":8048,"errTot":12,"errors":[[{"message":"NO todaysReport or performance OBJECT","missing":[0,null],"symbol":"DFBH"},2030]]}
 {"time":1526098187107,"percent":"29.8%","estimatedTimeMinutes":8,"i":2400,"totalI":8048,"errTot":12,"errors":[]}
 {"time":1526098207513,"percent":"32.3%","estimatedTimeMinutes":8,"i":2600,"totalI":8048,"errTot":12,"errors":[]}
 {"time":1526098229191,"percent":"34.8%","estimatedTimeMinutes":8,"i":2800,"totalI":8048,"errTot":12,"errors":[]}
 ["start",{"name":"moveValues","i":0,"batchSize":10,"totalI":8048},1526098378215]
 {"time":1526098380550,"percent":"0%","estimatedTimeMinutes":312,"i":0,"totalI":8048,"errTot":0,"errors":[]}
 {"time":1526098416628,"percent":"2.4%","estimatedTimeMinutes":24,"i":200,"totalI":8048,"errTot":0,"errors":[]}
 {"time":1526098438539,"percent":"4.9%","estimatedTimeMinutes":19,"i":400,"totalI":8048,"errTot":1,"errors":[[[{"message":"NO todaysReport or performance OBJECT","missing":[0,null],"symbol":"ALZH"}],350]]}
 ["start",{"name":"moveValues","i":0,"batchSize":10,"totalI":8048},1526098472590]
 {"time":1526098474205,"percent":"0%","estimatedTimeMinutes":216,"i":0,"totalI":8048,"errTot":0,"errors":[]}
 {"time":1526098491462,"percent":"2.4%","estimatedTimeMinutes":12,"i":200,"totalI":8048,"errTot":0,"errors":[]}
 {"time":1526098507453,"percent":"4.9%","estimatedTimeMinutes":11,"i":400,"totalI":8048,"errTot":1,"errors":[[[{"message":"NO todaysReport or performance OBJECT","missing":[0,null],"symbol":"ALZH"}],350]]}
 {"time":1526098526828,"percent":"7.4%","estimatedTimeMinutes":11,"i":600,"totalI":8048,"errTot":7,"errors":[[[{"message":"NO todaysReport or performance OBJECT","missing":"performance missing","symbol":"APTV"}],450],[[{"message":"NO todaysReport or performance OBJECT","missing":"performance missing","symbol":"APT"}],460],[[{"message":"NO todaysReport or performance OBJECT","missing":"performance missing","symbol":"APOG"}],480],[[{"message":"NO todaysReport or performance OBJECT","missing":"performance missing","symbol":"APPN"}],490],[[{"message":"NO todaysReport or performance OBJECT","missing":"performance missing","symbol":"ASTC"}],580],[[{"message":"NO todaysReport or performance OBJECT","missing":"performance missing","symbol":"ATACR"},{"message":"NO todaysReport or performance OBJECT","missing":"performance missing","symbol":"ATEC"},{"message":"NO todaysReport or performance OBJECT","missing":"performance missing","symbol":"ATHM"}],590]]}
 {"time":1526098546214,"percent":"9.9%","estimatedTimeMinutes":11,"i":800,"totalI":8048,"errTot":7,"errors":[]}
 {"time":1526098564442,"percent":"12.4%","estimatedTimeMinutes":10,"i":1000,"totalI":8048,"errTot":7,"errors":[]}
 {"time":1526098583901,"percent":"14.9%","estimatedTimeMinutes":10,"i":1200,"totalI":8048,"errTot":7,"errors":[]}
 {"time":1526098606773,"percent":"17.4%","estimatedTimeMinutes":10,"i":1400,"totalI":8048,"errTot":8,"errors":[[[{"message":"NO todaysReport or performance OBJECT","missing":[0,null],"symbol":"CMCTP"}],1240]]}
 {"time":1526098626270,"percent":"19.8%","estimatedTimeMinutes":10,"i":1600,"totalI":8048,"errTot":8,"errors":[]}
 {"time":1526098653615,"percent":"22.3%","estimatedTimeMinutes":10,"i":1800,"totalI":8048,"errTot":9,"errors":[[[{"message":"NO todaysReport or performance OBJECT","missing":[0,null],"symbol":"DFBHW"}],1780]]}
 {"time":1526098672265,"percent":"24.8%","estimatedTimeMinutes":10,"i":2000,"totalI":8048,"errTot":11,"errors":[[[{"message":"NO todaysReport or performance OBJECT","missing":"performance missing","symbol":"CWT"}],1850],[[{"message":"NO todaysReport or performance OBJECT","missing":"performance missing","symbol":"CXH"},{"message":"NO todaysReport or performance OBJECT","missing":"performance missing","symbol":"DPK"},{"message":"NO todaysReport or performance OBJECT","missing":"performance missing","symbol":"DPW"}],1860]]}
 {"time":1526098694659,"percent":"27.3%","estimatedTimeMinutes":9,"i":2200,"totalI":8048,"errTot":12,"errors":[[[{"message":"NO todaysReport or performance OBJECT","missing":[0,null],"symbol":"DFBH"}],2030]]}
 {"time":1526098716530,"percent":"29.8%","estimatedTimeMinutes":9,"i":2400,"totalI":8048,"errTot":12,"errors":[]}
 {"time":1526098742585,"percent":"32.3%","estimatedTimeMinutes":9,"i":2600,"totalI":8048,"errTot":12,"errors":[]}
 ["start",{"name":"moveValues","i":0,"batchSize":10,"totalI":8048},1526098773650]
 {"time":1526098775007,"percent":"0%","estimatedTimeMinutes":181,"i":0,"totalI":8048,"errTot":0,"errors":[]}
 {"time":1526098791792,"percent":"2.4%","estimatedTimeMinutes":11,"i":200,"totalI":8048,"errTot":0,"errors":[]}
 {"time":1526098808891,"percent":"4.9%","estimatedTimeMinutes":11,"i":400,"totalI":8048,"errTot":1,"errors":[[[{"message":"NO todaysReport or performance OBJECT","missing":[0,null],"symbol":"ALZH"}],350]]}
 {"time":1526098826746,"percent":"7.4%","estimatedTimeMinutes":10,"i":600,"totalI":8048,"errTot":7,"errors":[[[{"message":"NO todaysReport or performance OBJECT","missing":"performance missing","symbol":"APTV"}],450],[[{"message":"NO todaysReport or performance OBJECT","missing":"performance missing","symbol":"APT"}],460],[[{"message":"NO todaysReport or performance OBJECT","missing":"performance missing","symbol":"APOG"}],480],[[{"message":"NO todaysReport or performance OBJECT","missing":"performance missing","symbol":"APPN"}],490],[[{"message":"NO todaysReport or performance OBJECT","missing":"performance missing","symbol":"ASTC"}],580],[[{"message":"NO todaysReport or performance OBJECT","missing":"performance missing","symbol":"ATACR"},{"message":"NO todaysReport or performance OBJECT","missing":"performance missing","symbol":"ATEC"},{"message":"NO todaysReport or performance OBJECT","missing":"performance missing","symbol":"ATHM"}],590]]}
 {"time":1526098844143,"percent":"9.9%","estimatedTimeMinutes":10,"i":800,"totalI":8048,"errTot":7,"errors":[]}
 {"time":1526098866440,"percent":"12.4%","estimatedTimeMinutes":10,"i":1000,"totalI":8048,"errTot":7,"errors":[]}
 {"time":1526098883944,"percent":"14.9%","estimatedTimeMinutes":10,"i":1200,"totalI":8048,"errTot":7,"errors":[]}
 {"time":1526098904234,"percent":"17.4%","estimatedTimeMinutes":10,"i":1400,"totalI":8048,"errTot":8,"errors":[[[{"message":"NO todaysReport or performance OBJECT","missing":[0,null],"symbol":"CMCTP"}],1240]]}
 {"time":1526098923622,"percent":"19.8%","estimatedTimeMinutes":10,"i":1600,"totalI":8048,"errTot":8,"errors":[]}
 {"time":1526098945384,"percent":"22.3%","estimatedTimeMinutes":9,"i":1800,"totalI":8048,"errTot":9,"errors":[[[{"message":"NO todaysReport or performance OBJECT","missing":[0,null],"symbol":"DFBHW"}],1780]]}
 {"time":1526098964301,"percent":"24.8%","estimatedTimeMinutes":9,"i":2000,"totalI":8048,"errTot":11,"errors":[[[{"message":"NO todaysReport or performance OBJECT","missing":"performance missing","symbol":"CWT"}],1850],[[{"message":"NO todaysReport or performance OBJECT","missing":"performance missing","symbol":"CXH"},{"message":"NO todaysReport or performance OBJECT","missing":"performance missing","symbol":"DPK"},{"message":"NO todaysReport or performance OBJECT","missing":"performance missing","symbol":"DPW"}],1860]]}
 {"time":1526098984810,"percent":"27.3%","estimatedTimeMinutes":9,"i":2200,"totalI":8048,"errTot":12,"errors":[[[{"message":"NO todaysReport or performance OBJECT","missing":[0,null],"symbol":"DFBH"}],2030]]}
 {"time":1526099002889,"percent":"29.8%","estimatedTimeMinutes":8,"i":2400,"totalI":8048,"errTot":12,"errors":[]}
 {"time":1526099022658,"percent":"32.3%","estimatedTimeMinutes":8,"i":2600,"totalI":8048,"errTot":12,"errors":[]}
 {"time":1526099052493,"percent":"34.8%","estimatedTimeMinutes":8,"i":2800,"totalI":8048,"errTot":12,"errors":[]}
 {"time":1526099086906,"percent":"37.2%","estimatedTimeMinutes":8,"i":3000,"totalI":8048,"errTot":12,"errors":[]}
 {"time":1526099125476,"percent":"39.7%","estimatedTimeMinutes":8,"i":3200,"totalI":8048,"errTot":12,"errors":[]}
 {"time":1526099219640,"percent":"42.2%","estimatedTimeMinutes":10,"i":3400,"totalI":8048,"errTot":12,"errors":[]}
 {"time":1526099277396,"percent":"44.7%","estimatedTimeMinutes":10,"i":3600,"totalI":8048,"errTot":12,"errors":[]}
 {"time":1526099324098,"percent":"47.2%","estimatedTimeMinutes":10,"i":3800,"totalI":8048,"errTot":13,"errors":[[[{"message":"NO todaysReport or performance OBJECT","missing":[0,null],"symbol":"GIG^"}],3670]]}
 {"time":1526099369649,"percent":"49.7%","estimatedTimeMinutes":10,"i":4000,"totalI":8048,"errTot":13,"errors":[]}
 {"time":1526099417942,"percent":"52.1%","estimatedTimeMinutes":9,"i":4200,"totalI":8048,"errTot":13,"errors":[]}
 {"time":1526099509077,"percent":"54.6%","estimatedTimeMinutes":10,"i":4400,"totalI":8048,"errTot":13,"errors":[]}
 {"time":1526099642791,"percent":"57.1%","estimatedTimeMinutes":10,"i":4600,"totalI":8048,"errTot":16,"errors":[[[{"message":"NO todaysReport or performance OBJECT","missing":"performance missing","symbol":"NVO"},{"message":"NO todaysReport or performance OBJECT","missing":"performance missing","symbol":"NWBI"},{"message":"NO todaysReport or performance OBJECT","missing":"performance missing","symbol":"NWL"}],4520],[[{"message":"NO todaysReport or performance OBJECT","missing":"performance missing","symbol":"NVIV"}],4560],[[{"message":"NO todaysReport or performance OBJECT","missing":[0,null],"symbol":"LTN^"}],4570]]}
 {"time":1526099731649,"percent":"59.6%","estimatedTimeMinutes":10,"i":4800,"totalI":8048,"errTot":16,"errors":[]}
 {"time":1526099914316,"percent":"62.1%","estimatedTimeMinutes":11,"i":5000,"totalI":8048,"errTot":16,"errors":[]}
 {"time":1526099988085,"percent":"64.6%","estimatedTimeMinutes":11,"i":5200,"totalI":8048,"errTot":16,"errors":[]}
 {"time":1526100148155,"percent":"67.1%","estimatedTimeMinutes":11,"i":5400,"totalI":8048,"errTot":17,"errors":[[[{"message":"NO todaysReport or performance OBJECT","missing":[0,null],"symbol":"NONE"}],5350]]}
 {"time":1526100392163,"percent":"69.5%","estimatedTimeMinutes":11,"i":5600,"totalI":8048,"errTot":17,"errors":[]}
 {"time":1526100498733,"percent":"72%","estimatedTimeMinutes":11,"i":5800,"totalI":8048,"errTot":17,"errors":[]}
 {"time":1526100657496,"percent":"74.5%","estimatedTimeMinutes":10,"i":6000,"totalI":8048,"errTot":17,"errors":[]}
 {"time":1526100752757,"percent":"77%","estimatedTimeMinutes":9,"i":6200,"totalI":8048,"errTot":17,"errors":[]}
 {"time":1526100833268,"percent":"79.5%","estimatedTimeMinutes":8,"i":6400,"totalI":8048,"errTot":17,"errors":[]}
 {"time":1526100953485,"percent":"82%","estimatedTimeMinutes":7,"i":6600,"totalI":8048,"errTot":17,"errors":[]}
 ["start",{"name":"moveValues","i":6000,"batchSize":5,"totalI":8048},1526101789355]
 ["start",{"name":"moveValues","i":6000,"batchSize":5,"totalI":8048},1526101874490]
 ["start",{"name":"moveValues","i":6000,"batchSize":5,"totalI":8048},1526101900745]
 ["start",{"name":"moveValues","i":6000,"batchSize":5,"totalI":8048},1526101973015]
 ["start",{"name":"moveValues","i":6000,"batchSize":5,"totalI":8048},1526102057574]
 ["start",{"name":"moveValues","i":6000,"batchSize":5,"totalI":8048},1526102095028]
 {"time":1526102098764,"percent":"0%","estimatedTimeMinutes":127,"i":6000,"totalI":8048,"totalErrors":0,"errors":[]}
 ["start",{"name":"moveValues","i":6000,"batchSize":5,"totalI":8048},1526102108760]
 {"time":1526102112398,"percent":"0%","estimatedTimeMinutes":124,"i":6000,"totalI":8048,"totalErrors":0,"errors":[]}
 {"time":1526102129143,"percent":"1.2%","estimatedTimeMinutes":26,"i":6025,"totalI":8048,"totalErrors":0,"errors":[]}
 {"time":1526102145701,"percent":"2.4%","estimatedTimeMinutes":24,"i":6050,"totalI":8048,"totalErrors":0,"errors":[]}
 {"time":1526102162480,"percent":"3.7%","estimatedTimeMinutes":23,"i":6075,"totalI":8048,"totalErrors":0,"errors":[]}
 {"time":1526102179375,"percent":"4.9%","estimatedTimeMinutes":22,"i":6100,"totalI":8048,"totalErrors":0,"errors":[]}
 {"time":1526102196281,"percent":"6.1%","estimatedTimeMinutes":22,"i":6125,"totalI":8048,"totalErrors":0,"errors":[]}
 {"time":1526102213467,"percent":"7.3%","estimatedTimeMinutes":21,"i":6150,"totalI":8048,"totalErrors":0,"errors":[]}
 ["start",{"name":"moveValues","i":6000,"batchSize":5,"totalI":8048},1526102236111]
 {"time":1526102239965,"percent":"0%","estimatedTimeMinutes":131,"i":6000,"totalI":8048,"totalErrors":0,"errors":[]}
 ["start",{"name":"moveValues","i":6000,"batchSize":5,"totalI":8048},1526102319480]
 {"time":1526102323556,"percent":"0%","estimatedTimeMinutes":139,"i":6000,"totalI":8048,"totalErrors":0,"errors":[]}
 {"time":1526102362068,"percent":"2.7%","estimatedTimeMinutes":25,"i":6055,"totalI":8048,"totalErrors":0,"errors":[]}
 {"time":1526102399257,"percent":"5.4%","estimatedTimeMinutes":23,"i":6110,"totalI":8048,"totalErrors":0,"errors":[]}
 {"time":1526102436128,"percent":"8.1%","estimatedTimeMinutes":22,"i":6165,"totalI":8048,"totalErrors":0,"errors":[]}
 {"time":1526102473618,"percent":"10.7%","estimatedTimeMinutes":21,"i":6220,"totalI":8048,"totalErrors":0,"errors":[]}
 {"time":1526102511995,"percent":"13.4%","estimatedTimeMinutes":20,"i":6275,"totalI":8048,"totalErrors":0,"errors":[]}
 {"time":1526102551310,"percent":"16.1%","estimatedTimeMinutes":20,"i":6330,"totalI":8048,"totalErrors":0,"errors":[]}
 {"time":1526102591219,"percent":"18.8%","estimatedTimeMinutes":19,"i":6385,"totalI":8048,"totalErrors":0,"errors":[]}
 {"time":1526102630343,"percent":"21.5%","estimatedTimeMinutes":18,"i":6440,"totalI":8048,"totalErrors":0,"errors":[]}
 {"time":1526102670315,"percent":"24.2%","estimatedTimeMinutes":18,"i":6495,"totalI":8048,"totalErrors":0,"errors":[]}
 {"time":1526102710638,"percent":"26.9%","estimatedTimeMinutes":17,"i":6550,"totalI":8048,"totalErrors":0,"errors":[]}
 ["start",{"name":"moveValues","i":6500,"batchSize":1,"totalI":8048},1526102761667]
 {"time":1526102765733,"percent":"0%","estimatedTimeMinutes":104,"i":6500,"totalI":8048,"totalErrors":0,"errors":[]}
 ["start",{"name":"moveValues","i":6500,"batchSize":15,"totalI":8048},1526102846621]
 {"time":1526102851501,"percent":"0%","estimatedTimeMinutes":125,"i":6500,"totalI":8048,"totalErrors":0,"errors":[]}
 {"time":1526102990038,"percent":"30.1%","estimatedTimeMinutes":5,"i":6965,"totalI":8048,"totalErrors":0,"errors":[[[{"message":"NO todaysReport or performance OBJECT","missing":"performance missing","symbol":"PNM"},{"message":"NO todaysReport or performance OBJECT","missing":"performance missing","symbol":"PODD"},{"message":"NO todaysReport or performance OBJECT","missing":"performance missing","symbol":"POPE"}],6830],[[{"message":"NO todaysReport or performance OBJECT","missing":"performance missing","symbol":"POWL"}],6845]]}
 {"time":1526103156771,"percent":"60.1%","estimatedTimeMinutes":3,"i":7430,"totalI":8048,"totalErrors":2,"errors":[]}
 {"time":1526103331876,"percent":"90.1%","estimatedTimeMinutes":0,"i":7895,"totalI":8048,"totalErrors":2,"errors":[[[{"message":"NO todaysReport or performance OBJECT","missing":[0,null],"symbol":"ZNWAA"}],7445]]}
 ["done",1526103393252,{"name":"moveValues","errors":[[{"errors":{"performance.rsi":{"message":"Cast to Number failed for value \"NaN\" at path \"rsi\"","name":"CastError","stringValue":"\"NaN\"","kind":"Number","value":null,"path":"rsi","reason":{"message":"Cast to number failed for value \"NaN\" at path \"rsi\"","name":"CastError","stringValue":"\"NaN\"","kind":"number","value":null,"path":"rsi"}},"performance":{"errors":{},"_message":"Validation failed","message":"Validation failed: rsi: Cast to Number failed for value \"NaN\" at path \"rsi\"","name":"ValidationError"}},"_message":"Stock validation failed","message":"Stock validation failed: performance.rsi: Cast to Number failed for value \"NaN\" at path \"rsi\", performance: Validation failed: rsi: Cast to Number failed for value \"NaN\" at path \"rsi\"","name":"ValidationError"},8030]]}]