
 ["start",{"name":"bound addSMARISBBANDToStocks","i":0,"batchSize":10,"totalI":0},1527474885648]
 ["done",1527474885648,{"name":"bound addSMARISBBANDToStocks","errors":[]}]
 ["start",{"name":"bound addSMARISBBANDToStocks","i":0,"batchSize":10,"totalI":8023},1527480236173]
 ["start",{"name":"bound addSMARISBBANDToStocks","i":0,"batchSize":10,"totalI":8023},1527485567279]
 {"time":1527485570599,"batchNames":["A","AA","AABA","AAC","AADR","AAL","AAMC","AAME","AAN","AAOI"],"percent":"0%","estimatedTimeMinutes":437,"i":0,"totalI":8023,"totalErrors":0,"errors":[]}
 {"time":1527485577281,"batchNames":["ABAC","ABAX","ABB","ABBV","ABC","ABCB","ABCD","ABDC","ABEO","ABEOW"],"percent":"0.2%","estimatedTimeMinutes":63,"i":20,"totalI":8023,"totalErrors":0,"errors":[]}
 {"time":1527485582622,"batchNames":["ABUS","ABX","AC","ACAD","ACBI","ACC","ACCO","ACER","ACET","ACFC"],"percent":"0.5%","estimatedTimeMinutes":49,"i":40,"totalI":8023,"totalErrors":0,"errors":[]}
 {"time":1527485587458,"batchNames":["ACIW","ACLS","ACM","ACMR","ACN","ACNB","ACOR","ACP","ACRE","ACRS"],"percent":"0.7%","estimatedTimeMinutes":43,"i":60,"totalI":8023,"totalErrors":0,"errors":[]}
 {"time":1527485592067,"batchNames":["ACWV","ACWX","ACXM","ACY","ADAP","ADBE","ADC","ADES","ADI","ADM"],"percent":"1%","estimatedTimeMinutes":40,"i":80,"totalI":8023,"totalErrors":0,"errors":[]}
 {"time":1527485596966,"batchNames":["ADRU","ADS","ADSK","ADSW","ADT","ADTN","ADUS","ADVM","ADX","ADXS"],"percent":"1.2%","estimatedTimeMinutes":38,"i":100,"totalI":8023,"totalErrors":0,"errors":[]}
 {"time":1527485601097,"batchNames":["AEHR","AEIS","AEL","AEM","AEMD","AEO","AEP","AER","AERI","AES"],"percent":"1.5%","estimatedTimeMinutes":36,"i":120,"totalI":8023,"totalErrors":0,"errors":[]}
 {"time":1527485605388,"batchNames":["AFH","AFHBL","AFI","AFK","AFL","AFMD","AFSI","AFSS","AFST","AFT"],"percent":"1.7%","estimatedTimeMinutes":35,"i":140,"totalI":8023,"totalErrors":0,"errors":[]}
 {"time":1527485609499,"batchNames":["AGGE","AGGP","AGGY","AGI","AGIO","AGLE","AGM","AGMH","AGN","AGNC"],"percent":"2%","estimatedTimeMinutes":34,"i":160,"totalI":8023,"totalErrors":0,"errors":[]}
 {"time":1527485614554,"batchNames":["AGYS","AGZD","AHC","AHGP","AHH","AHPA","AHPAU","AHPAW","AHPI","AI"],"percent":"2.2%","estimatedTimeMinutes":34,"i":180,"totalI":8023,"totalErrors":0,"errors":[]}
 {"time":1527485620146,"batchNames":["AIQ","AIRG","AIRI","AIRR","AIRT","AGO","AIV","AGS","AIW","AGZ"],"percent":"2.5%","estimatedTimeMinutes":34,"i":200,"totalI":8023,"totalErrors":0,"errors":[]}
 {"time":1527485626173,"batchNames":["AJX","AIZ","AKAO","AJXA","AKBA","AKAM","AKCA","AKER","AKG","AKP"],"percent":"2.7%","estimatedTimeMinutes":34,"i":220,"totalI":8023,"totalErrors":0,"errors":[]}
 {"time":1527485631724,"batchNames":["ALDR","ALDX","ALE","ALEX","ALFA","ALFI","ALG","ALGN","ALGT","ALIM"],"percent":"3%","estimatedTimeMinutes":34,"i":240,"totalI":8023,"totalErrors":0,"errors":[]}
 {"time":1527485635925,"batchNames":["ALO","ALOG","ALOT","ALPN","ALQA","ALRM","ALRN","ALSK","ALSN","ALT"],"percent":"3.2%","estimatedTimeMinutes":34,"i":260,"totalI":8023,"totalErrors":0,"errors":[]}
 {"time":1527485640776,"batchNames":["AMBC","AMBCW","AMBR","AMC","AMCA","AMCN","AMCX","AMD","AMDA","AME"],"percent":"3.5%","estimatedTimeMinutes":33,"i":280,"totalI":8023,"totalErrors":0,"errors":[]}
 {"time":1527485646822,"batchNames":["AMLP","AMMA","AMN","AMNB","AMOT","AMOV","AMP","AMPE","AMPH","AMR"],"percent":"3.7%","estimatedTimeMinutes":33,"i":300,"totalI":8023,"totalErrors":0,"errors":[]}
 {"time":1527485652007,"batchNames":["AMSC","AMSF","AMSWA","AMT","AMTD","AMTX","AMU","AMUB","AMWD","AMX"],"percent":"4%","estimatedTimeMinutes":33,"i":320,"totalI":8023,"totalErrors":0,"errors":[]}
 {"time":1527485659738,"batchNames":["ANET","ANF","ANFI","ANGI","ANGL","ANGO","ANH","ANIK","ANIP","ANSS"],"percent":"4.2%","estimatedTimeMinutes":34,"i":340,"totalI":8023,"totalErrors":0,"errors":[]}
 {"time":1527485666983,"batchNames":["AON","AOR","AOS","AOSL","AP","APA","APAM","APB","APC","APD"],"percent":"4.4%","estimatedTimeMinutes":35,"i":360,"totalI":8023,"totalErrors":0,"errors":[]}
 {"time":1527485670843,"batchNames":["APOG","APOP","APOPW","APPF","APPN","APPS","APRI","APRN","APT","APTI"],"percent":"4.7%","estimatedTimeMinutes":34,"i":380,"totalI":8023,"totalErrors":0,"errors":[]}
 {"time":1527485676242,"batchNames":["AQN","AQUA","AQXP","AR","ARA","ARAY","ARC","ARCB","ARCC","ARCH"],"percent":"4.9%","estimatedTimeMinutes":34,"i":400,"totalI":8023,"totalErrors":0,"errors":[]}
 {"time":1527485681170,"batchNames":["ARES","AREX","ARGD","ARGO","ARGT","ARGX","ARI","ARII","ARKG","ARKK"],"percent":"5.2%","estimatedTimeMinutes":34,"i":420,"totalI":8023,"totalErrors":0,"errors":[]}
 {"time":1527485685636,"batchNames":["AROC","AROW","ARQL","ARR","ARRS","ARRY","ARTNA","ARTW","ARTX","ARW"],"percent":"5.4%","estimatedTimeMinutes":33,"i":440,"totalI":8023,"totalErrors":0,"errors":[]}
 {"time":1527485689605,"batchNames":["ASH","ASHR","ASHS","ASHX","ASIX","ASLN","ASM","ASMB","ASML","ASNA"],"percent":"5.7%","estimatedTimeMinutes":33,"i":460,"totalI":8023,"totalErrors":0,"errors":[]}
 {"time":1527485692928,"batchNames":["ASTE","ASUR","ASV","ASX","ASYS","AT","ATAC","ATACR","ATACU","ATEC"],"percent":"5.9%","estimatedTimeMinutes":32,"i":480,"totalI":8023,"totalErrors":0,"errors":[]}
 {"time":1527485697332,"batchNames":["ATH","ATISW","ATIS","ATLO","ATMP","ATNI","ATNM","ATNX","ATO","ATOM"],"percent":"6.2%","estimatedTimeMinutes":32,"i":500,"totalI":8023,"totalErrors":0,"errors":[]}
 {"time":1527485702646,"batchNames":["ATU","ATUS","ATV","ATXI","ATVI","AU","AUBN","AUDC","AUG","AUMN"],"percent":"6.4%","estimatedTimeMinutes":32,"i":520,"totalI":8023,"totalErrors":0,"errors":[]}
 {"time":1527485706761,"batchNames":["AVDL","AVEO","AVH","AVGR","AVID","AVHI","AVNW","AVP","AVGO","AVK"],"percent":"6.7%","estimatedTimeMinutes":32,"i":540,"totalI":8023,"totalErrors":0,"errors":[]}
 {"time":1527485709940,"batchNames":["AXAS","AXDX","AXE","AXJL","AXJV","AXL","AXON","AXR","AXS","AXSM"],"percent":"6.9%","estimatedTimeMinutes":31,"i":560,"totalI":8023,"totalErrors":0,"errors":[]}
 {"time":1527485713573,"batchNames":["AZUL","AZZ","B","BAB","BABA","BABY","BAC","BAH","BAK","BALB"],"percent":"7.2%","estimatedTimeMinutes":31,"i":580,"totalI":8023,"totalErrors":0,"errors":[]}
 {"time":1527485717634,"batchNames":["BAX","AWF","AWRE","AXGN","BBBY","BBGI","BBOX","BBU","BBD","BBK"],"percent":"7.4%","estimatedTimeMinutes":30,"i":600,"totalI":8023,"totalErrors":0,"errors":[]}
 {"time":1527485723244,"batchNames":["BANC","BANX","BATRA","BBC","BCH","BBH","BBP","BBVA","BCAC","BCO"],"percent":"7.7%","estimatedTimeMinutes":30,"i":620,"totalI":8023,"totalErrors":0,"errors":[]}
 {"time":1527485728584,"batchNames":["BDJ","BEAT","BDSI","BB","BBF","BEDU","BELFA","BBN","BBT","BBY"],"percent":"7.9%","estimatedTimeMinutes":30,"i":640,"totalI":8023,"totalErrors":0,"errors":[]}
 {"time":1527485731912,"batchNames":["BBL","BBSI","BBX","BCACU","BCE","BCM","BFK","BCOV","BFS","BCTF"],"percent":"8.2%","estimatedTimeMinutes":30,"i":660,"totalI":8023,"totalErrors":0,"errors":[]}
 {"time":1527485735141,"batchNames":["BFIN","BDXA","BFR","BEL","BFZ","BEP","BFIT","BCC","BFRA","BCI"],"percent":"8.4%","estimatedTimeMinutes":30,"i":680,"totalI":8023,"totalErrors":0,"errors":[]}
 {"time":1527485738897,"batchNames":["BFST","BGC","BGFV","BGI","BGNE","BGSF","BGX","BHAC","BHACU","BHBK"],"percent":"8.7%","estimatedTimeMinutes":29,"i":700,"totalI":8023,"totalErrors":0,"errors":[]}
 {"time":1527485742751,"batchNames":["BGCP","BGIO","BGT","BHACR","BHE","BHLB","BHR","BHVN","BIBL","BIDU"],"percent":"8.9%","estimatedTimeMinutes":29,"i":720,"totalI":8023,"totalErrors":0,"errors":[]}
 {"time":1527485748972,"batchNames":["BIF","BILI","BIO","BIOC","BIOL","BIOS","BIP","BIS","BIT","BITA"],"percent":"9.2%","estimatedTimeMinutes":29,"i":740,"totalI":8023,"totalErrors":0,"errors":[]}
 {"time":1527485755937,"batchNames":["BKE","BKD","BKEP","BKEPP","BKF","BKHU","BKH","BKI","BKJ","BKK"],"percent":"9.4%","estimatedTimeMinutes":30,"i":760,"totalI":8023,"totalErrors":0,"errors":[]}
 {"time":1527485762257,"batchNames":["BLCM","BLCN","BLD","BLDP","BLDR","BLE","BLES","BLIN","BLJ","BLMN"],"percent":"9.7%","estimatedTimeMinutes":30,"i":780,"totalI":8023,"totalErrors":0,"errors":[]}
 {"time":1527485765699,"batchNames":["BMO","BMTC","BLH","BLKB","BLNKW","BLV","BME","BMRC","BLHY","BNCL"],"percent":"9.9%","estimatedTimeMinutes":29,"i":800,"totalI":8023,"totalErrors":0,"errors":[]}
 {"time":1527485768908,"batchNames":["BMRN","BNDC","BND","BNO","BNJ","BNY","BNTCW","BMCH","BMRA","BMY"],"percent":"10.2%","estimatedTimeMinutes":29,"i":820,"totalI":8023,"totalErrors":0,"errors":[]}
 {"time":1527485772513,"batchNames":["BOFI","BOKF","BOMN","BOON","BOOT","BOOM","BOSC","BOTJ","BOSS","BOXL"],"percent":"10.4%","estimatedTimeMinutes":29,"i":840,"totalI":8023,"totalErrors":0,"errors":[]}
 {"time":1527485776445,"batchNames":["BQH","BRACW","BRG","BPY","BRACU","BRFS","BRKR","BRPAR","BRSS","BOND"],"percent":"10.7%","estimatedTimeMinutes":28,"i":860,"totalI":8023,"totalErrors":0,"errors":[]}
 {"time":1527485781133,"batchNames":["BRX","BSCI","BSCN","BSD","BSJJ","BSJO","BSPM","BSTI","BTA","BPI"],"percent":"10.9%","estimatedTimeMinutes":28,"i":880,"totalI":8023,"totalErrors":0,"errors":[]}
 {"time":1527485785460,"batchNames":["BSX","BTE","BTO","BUD","BUY","BVNSC","BW","BWG","BWXT","BXG"],"percent":"11.2%","estimatedTimeMinutes":28,"i":900,"totalI":8023,"totalErrors":0,"errors":[]}
 {"time":1527485789309,"batchNames":["BSET","BSJL","BSL","BSRR","BSWN","BTAL","BTN","BTZ","BUSE","BVN"],"percent":"11.4%","estimatedTimeMinutes":28,"i":920,"totalI":8023,"totalErrors":0,"errors":[]}
 {"time":1527485792098,"batchNames":["BSJK","BSJP","BSQR","BSV","BTAI","BTI","BTX","BURL","BVAL","BVXV"],"percent":"11.7%","estimatedTimeMinutes":28,"i":940,"totalI":8023,"totalErrors":0,"errors":[]}
 {"time":1527485794902,"batchNames":["BSJN","BSMX","BSTC","BT","BTEC","BTT","BUI","BUYN","BTG","BVSN"],"percent":"11.9%","estimatedTimeMinutes":27,"i":960,"totalI":8023,"totalErrors":0,"errors":[]}
 {"time":1527485797961,"batchNames":["BZF","BWINB","C","BX","CAC","BXMX","CADE","BYFC","CAH","BZH"],"percent":"12.2%","estimatedTimeMinutes":27,"i":980,"totalI":8023,"totalErrors":0,"errors":[]}
 {"time":1527485800981,"batchNames":["CASM","CAMP","CATC","CAPL","CATY","CARG","CBA","CARZ","CBD","CASS"],"percent":"12.4%","estimatedTimeMinutes":27,"i":1000,"totalI":8023,"totalErrors":0,"errors":[]}
 {"time":1527485804217,"batchNames":["CAL","CALM","CANF","CARA","CART","CASI","CATB","CATS","CB","CBB"],"percent":"12.7%","estimatedTimeMinutes":27,"i":1020,"totalI":8023,"totalErrors":0,"errors":[]}
 {"time":1527485807435,"batchNames":["CACI","CAFD","CAKE","CALL","CANE","CAR","CARS","CASH","CAT","CATO"],"percent":"12.9%","estimatedTimeMinutes":26,"i":1040,"totalI":8023,"totalErrors":0,"errors":[]}
 {"time":1527485810358,"batchNames":["CALI","CAMT","CAPR","CARO","CASA","CASY","CATM","CAVM","CBAN","CBH"],"percent":"13.2%","estimatedTimeMinutes":26,"i":1060,"totalI":8023,"totalErrors":0,"errors":[]}
 {"time":1527485813072,"batchNames":["CBRE","CCK","CBT","CCNE","CC","CCRC","CCD","CCXI","CCJ","CDEV"],"percent":"13.4%","estimatedTimeMinutes":26,"i":1080,"totalI":8023,"totalErrors":0,"errors":[]}
 {"time":1527485815767,"batchNames":["CDR","CELH","CDXS","CEN","CECO","CEPU","CEI","CERS","CELGZ","CETXW"],"percent":"13.7%","estimatedTimeMinutes":26,"i":1100,"totalI":8023,"totalErrors":0,"errors":[]}
 {"time":1527485818520,"batchNames":["CEA","CEFL","CELC","CEM","CENTA","CERC","CETV","CEVA","CFA","CFG"],"percent":"13.9%","estimatedTimeMinutes":25,"i":1120,"totalI":8023,"totalErrors":0,"errors":[]}
 {"time":1527485821330,"batchNames":["CCZ","CDK","CDNA","CDTX","CE","CEF","CEL","CELP","CENT","CEQP"],"percent":"14.2%","estimatedTimeMinutes":25,"i":1140,"totalI":8023,"totalErrors":0,"errors":[]}
 {"time":1527485824073,"batchNames":["CHGG","CHII","CHKE","CHMG","CHRW","CHSCO","CHU","CIA","CID","CBSHP"],"percent":"14.4%","estimatedTimeMinutes":25,"i":1160,"totalI":8023,"totalErrors":0,"errors":[]}
 {"time":1527485827015,"batchNames":["CECE","CEFS","CELG","CEMB","CENX","CERCW","CETX","CEW","CFX","CGEN"],"percent":"14.7%","estimatedTimeMinutes":25,"i":1180,"totalI":8023,"totalErrors":0,"errors":[]}
 {"time":1527485832160,"batchNames":["CERN","CHS","CETXP","CHSCP","CEY","CHUY","CFBK","CIB","CFO","CIDM"],"percent":"14.9%","estimatedTimeMinutes":25,"i":1200,"totalI":8023,"totalErrors":0,"errors":[]}
 {"time":1527485838043,"batchNames":["CFFI","CFR","CGBD","CGNX","CHAD","CHFN","CHI","CHIX","CFBI","CHL"],"percent":"15.2%","estimatedTimeMinutes":25,"i":1220,"totalI":8023,"totalErrors":0,"errors":[]}
 {"time":1527485842626,"batchNames":["CHEF","CIF","CHFC","CHH","CHIQ","CHKR","CHN","CHSCL","CHSP","CHW"],"percent":"15.4%","estimatedTimeMinutes":25,"i":1240,"totalI":8023,"totalErrors":0,"errors":[]}
 {"time":1527485845816,"batchNames":["CHSCN","CHTR","CI","CIC=","CIFS","CIL","CIR","CIVBP","CIZN","CKPT"],"percent":"15.7%","estimatedTimeMinutes":24,"i":1260,"totalI":8023,"totalErrors":0,"errors":[]}
 {"time":1527485849547,"batchNames":["CLSD","CLW","CLYH","CMCL","CMCTP","CIG","CIK","CIM","CIO","CISN"],"percent":"15.9%","estimatedTimeMinutes":24,"i":1280,"totalI":8023,"totalErrors":0,"errors":[]}
 {"time":1527485853306,"batchNames":["CLFD","CLGX","CLIR","CLIX","CLMT","CINR","CLPS","CIU","CLRG","CIX"],"percent":"16.2%","estimatedTimeMinutes":24,"i":1300,"totalI":8023,"totalErrors":0,"errors":[]}
 {"time":1527485858149,"batchNames":["CMG","CLM","CMRE","CLPR","CLRBZ","CLSN","CLWT","CM","CMCM","CMD"],"percent":"16.4%","estimatedTimeMinutes":24,"i":1320,"totalI":8023,"totalErrors":0,"errors":[]}
 {"time":1527485860554,"batchNames":["CNXM","CO","CLGN","CLIRW","CLNC","CLR","CLRO","CLUB","CLXT","CMF"],"percent":"16.7%","estimatedTimeMinutes":24,"i":1340,"totalI":8023,"totalErrors":0,"errors":[]}
 {"time":1527485863628,"batchNames":["CMC","CMCT","CME","CMO","CMS","CMSSW","CN","CNACW","CNCR","CNHI"],"percent":"16.9%","estimatedTimeMinutes":24,"i":1360,"totalI":8023,"totalErrors":0,"errors":[]}
 {"time":1527485867182,"batchNames":["CMBS","CMCSA","CMDY","CMI","CMRX","CMSSU","CMU","CNACU","CNCE","CNFR"],"percent":"17.2%","estimatedTimeMinutes":24,"i":1380,"totalI":8023,"totalErrors":0,"errors":[]}
 {"time":1527485870140,"batchNames":["COMB","CONN","CMTL","COR","CNACR","CORR","CNC","COTV","CNET","COWNZ"],"percent":"17.4%","estimatedTimeMinutes":23,"i":1400,"totalI":8023,"totalErrors":0,"errors":[]}
 {"time":1527485875204,"batchNames":["COE","CQH","COHU","CRAK","COLL","CRCM","COMM","CRF","COOL","CRK"],"percent":"17.7%","estimatedTimeMinutes":23,"i":1420,"totalI":8023,"totalErrors":0,"errors":[]}
 {"time":1527485881100,"batchNames":["COKE","COLM","COMT","COP","CORN","COST","COWB","CPA","CPER","CPI"],"percent":"17.9%","estimatedTimeMinutes":23,"i":1440,"totalI":8023,"totalErrors":0,"errors":[]}
 {"time":1527485885791,"batchNames":["CPRT","CPSS","CODX","COHR","COLD","COMG","COO","CORE","CORT","COTY"],"percent":"18.2%","estimatedTimeMinutes":23,"i":1460,"totalI":8023,"totalErrors":0,"errors":[]}
 {"time":1527485889241,"batchNames":["CROX","CRTO","CRWS","CSB","CSFL","CSJ","CSOD","CSTE","CSWC","CTAS"],"percent":"18.4%","estimatedTimeMinutes":23,"i":1480,"totalI":8023,"totalErrors":0,"errors":[]}
 {"time":1527485892755,"batchNames":["CQP","CRAY","CRED","CRH","CRL","CROC","CRS","CRUSC","CRZO","CSCO"],"percent":"18.7%","estimatedTimeMinutes":23,"i":1500,"totalI":8023,"totalErrors":0,"errors":[]}
 {"time":1527485896064,"batchNames":["CP","CROP","CPE","CRT","CPHI","CRVS","CPLA","CSA","CPSH","CSF"],"percent":"18.9%","estimatedTimeMinutes":23,"i":1520,"totalI":8023,"totalErrors":0,"errors":[]}
 {"time":1527485898946,"batchNames":["CTDD","CTIC","CTR","CSTM","CSWCL","CTB","CTG","CTLT","CTRL","CTSH"],"percent":"19.2%","estimatedTimeMinutes":23,"i":1540,"totalI":8023,"totalErrors":0,"errors":[]}
 {"time":1527485903202,"batchNames":["CW","CWBR","CRM","CTV","CTXRW","CRON","CUBA","CRSP","CUI","CRVL"],"percent":"19.4%","estimatedTimeMinutes":23,"i":1560,"totalI":8023,"totalErrors":0,"errors":[]}
 {"time":1527485907154,"batchNames":["CVS","CSTR","CSWI","CTBB","CTHR","CTMX","CTRN","CTSO","CTWS","CTY"],"percent":"19.7%","estimatedTimeMinutes":23,"i":1580,"totalI":8023,"totalErrors":0,"errors":[]}
 {"time":1527485910783,"batchNames":["CWST","CXH","CXW","CYBE","CYH","CYRXW","CYTXW","CZR","DAG","DALT"],"percent":"19.9%","estimatedTimeMinutes":22,"i":1600,"totalI":8023,"totalErrors":0,"errors":[]}
 {"time":1527485914143,"batchNames":["CYB","CYD","CYRX","CYTX","CZNC","CSU","DAC","CSX","DALI","CTBI"],"percent":"20.2%","estimatedTimeMinutes":22,"i":1620,"totalI":8023,"totalErrors":0,"errors":[]}
 {"time":1527485918043,"batchNames":["CUMB","CUT","CVCO","CVGI","CVM","CVRR","CVV","CWAY","CWEB","CWT"],"percent":"20.4%","estimatedTimeMinutes":22,"i":1640,"totalI":8023,"totalErrors":0,"errors":[]}
 {"time":1527485920692,"batchNames":["DBAW","DBE","DBEZ","DBMX","CVY","DBUK","CWBC","DCF","CWI","DCOM"],"percent":"20.7%","estimatedTimeMinutes":22,"i":1660,"totalI":8023,"totalErrors":0,"errors":[]}
 {"time":1527485923009,"batchNames":["CYTR","DENN","CZFC","DESC","D","DEW","DFBG","DFEN","DFNL","DFVS"],"percent":"20.9%","estimatedTimeMinutes":22,"i":1680,"totalI":8023,"totalErrors":0,"errors":[]}
 {"time":1527485925787,"batchNames":["DJP","DKT","DLBR","DLPH","DLTH","DMF","DMRI","CVCY","DNBF","CVGW"],"percent":"21.2%","estimatedTimeMinutes":22,"i":1700,"totalI":8023,"totalErrors":0,"errors":[]}
 {"time":1527485928383,"batchNames":["DPG","CX","CXP","DPW","CYAD","DRE","CYCC","DRIP","CYOU","DRR"],"percent":"21.4%","estimatedTimeMinutes":22,"i":1720,"totalI":8023,"totalErrors":0,"errors":[]}
 {"time":1527485931669,"batchNames":["DAX","DTN","DBB","DTUS","DTYS","DBES","DUSA","DBKO","DVCR","DBRT"],"percent":"21.7%","estimatedTimeMinutes":21,"i":1740,"totalI":8023,"totalErrors":0,"errors":[]}
 {"time":1527485935754,"batchNames":["DXCM","DDWM","DXJF","DEEF","DXYN","DEM","DYNT","DERM","DZZ","DEUR"],"percent":"21.9%","estimatedTimeMinutes":21,"i":1760,"totalI":8023,"totalErrors":0,"errors":[]}
 {"time":1527485939199,"batchNames":["DBAP","DBD","DBEU","DBL","DBS","DCAR","DCO","DCUD","DDF","DDP"],"percent":"22.1%","estimatedTimeMinutes":21,"i":1780,"totalI":8023,"totalErrors":0,"errors":[]}
 {"time":1527485942454,"batchNames":["DGLY","DGRW","DGZ","DHIL","DHX","DIAX","DIOD","DISH","DIVC","DJD"],"percent":"22.4%","estimatedTimeMinutes":21,"i":1800,"totalI":8023,"totalErrors":0,"errors":[]}
 {"time":1527485945944,"batchNames":["DAL","DBGR","DARE","DBO","DB","DBV","DBBR","DCHF","DBEM","DCP"],"percent":"22.6%","estimatedTimeMinutes":21,"i":1820,"totalI":8023,"totalErrors":0,"errors":[]}
 {"time":1527485948874,"batchNames":["DDE","DEO","DDLS","DESP","DDT","DEWJ","DEE","DFBH","DELT","DFFN"],"percent":"22.9%","estimatedTimeMinutes":21,"i":1840,"totalI":8023,"totalErrors":0,"errors":[]}
 {"time":1527485951848,"batchNames":["DINT","DISCK","DIVB","DJCO","DKL","DLB","DLN","DLR","DM","DMPI"],"percent":"23.1%","estimatedTimeMinutes":21,"i":1860,"totalI":8023,"totalErrors":0,"errors":[]}
 {"time":1527485955199,"batchNames":["DRNA","DRV","DSGX","DSLV","DSUM","DTD","DTH","DTRM","DTY","DUK"],"percent":"23.4%","estimatedTimeMinutes":21,"i":1880,"totalI":8023,"totalErrors":0,"errors":[]}
 {"time":1527485958092,"batchNames":["DGL","DGSE","DGRO","DHDG","DGT","DHS","DHF","DHY","DHT","DIM"],"percent":"23.6%","estimatedTimeMinutes":20,"i":1900,"totalI":8023,"totalErrors":0,"errors":[]}
 {"time":1527485961678,"batchNames":["DK","DLBS","DLA","DLPN","DLHC","DLTR","DLPNW","DMLP","DLX","DMRL"],"percent":"23.9%","estimatedTimeMinutes":20,"i":1920,"totalI":8023,"totalErrors":0,"errors":[]}
 {"time":1527485964502,"batchNames":["DOTAR","DOX","DPST","DRD","DRIOW","DRQ","DRW","DSI","DSM","DSW"],"percent":"24.1%","estimatedTimeMinutes":20,"i":1940,"totalI":8023,"totalErrors":0,"errors":[]}
 {"time":1527485966659,"batchNames":["DWT","DXC","DXJ","DXR","DYNC","DOC","DZSI","DOGZ","EACQ","DORM"],"percent":"24.4%","estimatedTimeMinutes":20,"i":1960,"totalI":8023,"totalErrors":0,"errors":[]}
 {"time":1527485969935,"batchNames":["DRUA","DRH","DSE","DRIV","DSL","DRRX","DSU","DS","DSXN","DSKEW"],"percent":"24.6%","estimatedTimeMinutes":20,"i":1980,"totalI":8023,"totalErrors":0,"errors":[]}
 {"time":1527485973424,"batchNames":["DWDP","DWM","DWX","DXD","DXJS","DY","DYSL","E","EACQW","DWSN"],"percent":"24.9%","estimatedTimeMinutes":20,"i":2000,"totalI":8023,"totalErrors":0,"errors":[]}
 {"time":1527485976106,"batchNames":["EBTC","ECCB","ECHO","ECON","ED","EDEN","EARS","EDIT","EBAYL","EAGLU"],"percent":"25.1%","estimatedTimeMinutes":20,"i":2020,"totalI":8023,"totalErrors":0,"errors":[]}
 {"time":1527485979222,"batchNames":["EDBI","ECOL","EDGE","ECT","EDC","DTF","EDGW","DTQ","EARN","DTW"],"percent":"25.4%","estimatedTimeMinutes":20,"i":2040,"totalI":8023,"totalErrors":0,"errors":[]}
 {"time":1527485981982,"batchNames":["ECPG","DWFI","EDAP","DWPP","EDF","DX","DXF","EDIV","EDOG","EDOW"],"percent":"25.6%","estimatedTimeMinutes":19,"i":2060,"totalI":8023,"totalErrors":0,"errors":[]}
 {"time":1527485985297,"batchNames":["EEX","EEMX","EEV","EFAV","EFFE","EELV","EEMS","EES","EFAD","EFC"],"percent":"25.9%","estimatedTimeMinutes":19,"i":2080,"totalI":8023,"totalErrors":0,"errors":[]}
 {"time":1527485988685,"batchNames":["EGO","EGY","EHTH","EIGR","EDN","EIS","EDRYV","EE","EFAX","EEI"],"percent":"26.1%","estimatedTimeMinutes":19,"i":2100,"totalI":8023,"totalErrors":0,"errors":[]}
 {"time":1527485992156,"batchNames":["EGOV","EFR","EHC","EFX","EIA","EGF","EIM","EGLE","EIV","EGP"],"percent":"26.4%","estimatedTimeMinutes":19,"i":2120,"totalI":8023,"totalErrors":0,"errors":[]}
 {"time":1527485996420,"batchNames":["EA","EKAR","EL","ELC","ELF","ELECW","ELLO","ELEC","ELJ","ELOX"],"percent":"26.6%","estimatedTimeMinutes":19,"i":2140,"totalI":8023,"totalErrors":0,"errors":[]}
 {"time":1527486000070,"batchNames":["EMFM","EMIH","EMLC","EMF","EMIF","EML","EMO","EMTL","ENBA","EMB"],"percent":"26.9%","estimatedTimeMinutes":19,"i":2160,"totalI":8023,"totalErrors":0,"errors":[]}
 {"time":1527486004217,"batchNames":["ENT","ELD","ENVA","ELGX","EOCC","ELON","ENG","ELTK","ENLK","EMAN"],"percent":"27.1%","estimatedTimeMinutes":19,"i":2180,"totalI":8023,"totalErrors":0,"errors":[]}
 {"time":1527486007066,"batchNames":["ENBL","EMQQ","ENIA","EMX","ENO","ENDP","ENSG","ENIC","ENTR","ENOR"],"percent":"27.4%","estimatedTimeMinutes":19,"i":2200,"totalI":8023,"totalErrors":0,"errors":[]}
 {"time":1527486010732,"batchNames":["EPP","EPAY","EPI","EPV","EQFN","EOLS","EPC","EPIX","EPRF","EQAL"],"percent":"27.6%","estimatedTimeMinutes":19,"i":2220,"totalI":8023,"totalErrors":0,"errors":[]}
 {"time":1527486013333,"batchNames":["EPM","EPS","EQBK","EQIX","EQR","EQWM","ERGF","ERII","ERX","ESBK"],"percent":"27.9%","estimatedTimeMinutes":19,"i":2240,"totalI":8023,"totalErrors":0,"errors":[]}
 {"time":1527486015991,"batchNames":["ECCA","ESIO","ECH","ESND","ECOM","EPR","ECYT","EPZM","EDD","EQGP"],"percent":"28.1%","estimatedTimeMinutes":19,"i":2260,"totalI":8023,"totalErrors":0,"errors":[]}
 {"time":1527486018810,"batchNames":["EROS","EET","ES","EFAS","ESEA","EFF","ESGE","EFNL","ESGR","EFT"],"percent":"28.4%","estimatedTimeMinutes":18,"i":2280,"totalI":8023,"totalErrors":0,"errors":[]}
 {"time":1527486023046,"batchNames":["ESGS","ESLT","ESP","ESS","ESRT","ESTR","ETE","ETJ","ETR","ETY"],"percent":"28.6%","estimatedTimeMinutes":18,"i":2300,"totalI":8023,"totalErrors":0,"errors":[]}
 {"time":1527486026043,"batchNames":["EUO","EUSC","EVBN","EVG","EVI","EVLO","EVOK","EVRI","EVX","EV"],"percent":"28.9%","estimatedTimeMinutes":18,"i":2320,"totalI":8023,"totalErrors":0,"errors":[]}
 {"time":1527486029158,"batchNames":["ESTRW","ETFC","ETM","ETSY","EUDG","EUM","EURZ","EVA","EVFM","EVH"],"percent":"29.1%","estimatedTimeMinutes":18,"i":2340,"totalI":8023,"totalErrors":0,"errors":[]}
 {"time":1527486033480,"batchNames":["EVFTC","EVHC","EVLMC","EVO","EVR","EVV","EWBC","EWGS","EWL","EWP"],"percent":"29.4%","estimatedTimeMinutes":18,"i":2360,"totalI":8023,"totalErrors":0,"errors":[]}
 {"time":1527486037335,"batchNames":["EGRX","EWA","EHT","EWG","EIGI","EWK","EIRL","EWO","EKSO","EWSC"],"percent":"29.6%","estimatedTimeMinutes":18,"i":2380,"totalI":8023,"totalErrors":0,"errors":[]}
 {"time":1527486045204,"batchNames":["EYESW","EZM","FAAR","FAM","FANZ","FAT","FB","FBIOP","FBNC","FBSS"],"percent":"29.9%","estimatedTimeMinutes":18,"i":2400,"totalI":8023,"totalErrors":0,"errors":[]}
 {"time":1527486049982,"batchNames":["EZJ","F","FALN","FANH","EWC","EWH","EWM","EWQ","EWU","EWY"],"percent":"30.1%","estimatedTimeMinutes":18,"i":2420,"totalI":8023,"totalErrors":0,"errors":[]}
 {"time":1527486053862,"batchNames":["FAUS","FBGX","FBK","FBNK","FBZ","FAST","EWT","EWX","EMBH","EXC"],"percent":"30.4%","estimatedTimeMinutes":18,"i":2440,"totalI":8023,"totalErrors":0,"errors":[]}
 {"time":1527486061666,"batchNames":["EMSH","EZPW","ENB","FAB","ENFR","FAMI","FARM","FATE","FBC","FBIZ"],"percent":"30.6%","estimatedTimeMinutes":18,"i":2460,"totalI":8023,"totalErrors":0,"errors":[]}
 {"time":1527486066973,"batchNames":["FDTS","FE","FAZ","FBIO","FBMS","FBR","FCA","FCB","FCEF","FCN"],"percent":"30.9%","estimatedTimeMinutes":18,"i":2480,"totalI":8023,"totalErrors":0,"errors":[]}
 {"time":1527486076538,"batchNames":["FF","FFC","FFIC","FFNW","FCAP","FCCO","ENLC","ENR","ENTA","ENX"],"percent":"31.1%","estimatedTimeMinutes":18,"i":2500,"totalI":8023,"totalErrors":0,"errors":[]}
 {"time":1527486081909,"batchNames":["FDUS","FEDU","FELP","FENC","FET","FEYE","FFBCW","FFHG","FFIV","FFTG"],"percent":"31.4%","estimatedTimeMinutes":18,"i":2520,"totalI":8023,"totalErrors":0,"errors":[]}
 {"time":1527486086742,"batchNames":["FLAG","FLC","FDT","FDX","FEIM","EPU","EQC","EQL","EQRR","EQWS"],"percent":"31.6%","estimatedTimeMinutes":18,"i":2540,"totalI":8023,"totalErrors":0,"errors":[]}
 {"time":1527486089914,"batchNames":["FISV","FIVA","FIXD","FKO","FLAU","FLCH","FLEU","FLGR","FLIO","FLKR"],"percent":"31.9%","estimatedTimeMinutes":18,"i":2560,"totalI":8023,"totalErrors":0,"errors":[]}
 {"time":1527486092916,"batchNames":["FNBG","FEMS","FEO","FEUZ","FFA","FFEU","FFIN","FFR","FFWM","FGEN"],"percent":"32.1%","estimatedTimeMinutes":18,"i":2580,"totalI":8023,"totalErrors":0,"errors":[]}
 {"time":1527486095686,"batchNames":["FLCO","FELE","FEN","FEP","FEX","FFBC","FFG","FFIU","FFSG","FG"],"percent":"32.4%","estimatedTimeMinutes":18,"i":2600,"totalI":8023,"totalErrors":0,"errors":[]}
 {"time":1527486098487,"batchNames":["ETB","ETHO","ETP","ETX","EUFN","EURL","EUXL","EVC","EVGBC","EVIX"],"percent":"32.6%","estimatedTimeMinutes":18,"i":2620,"totalI":8023,"totalErrors":0,"errors":[]}
 {"time":1527486102462,"batchNames":["FIS","FITB","FIVN","FIYY","FL","FLBR","FLDM","FLFR","FLEE","FLGB"],"percent":"32.9%","estimatedTimeMinutes":18,"i":2640,"totalI":8023,"totalErrors":0,"errors":[]}
 {"time":1527486106793,"batchNames":["FMHI","FMO","FN","FNCL","FNDE","FNGD","FLEX","FLGT","FLIR","FLKS"],"percent":"33.1%","estimatedTimeMinutes":18,"i":2660,"totalI":8023,"totalErrors":0,"errors":[]}
 {"time":1527486110700,"batchNames":["FMF","FMNB","FMY","FNCF","FNDC","FNDA","FNDX","FNGU","FNKO","FLMI"],"percent":"33.4%","estimatedTimeMinutes":18,"i":2680,"totalI":8023,"totalErrors":0,"errors":[]}
 {"time":1527486114590,"batchNames":["FRO","FRT","FSB","FSFG","FLOT","FLQH","FLRN","FLT","FLXN","FMAT"],"percent":"33.6%","estimatedTimeMinutes":17,"i":2700,"totalI":8023,"totalErrors":0,"errors":[]}
 {"time":1527486119269,"batchNames":["FONR","FORR","FOXF","EWUS","EWZ","EXEL","EXK","EXPI","EXTN","EYEN"],"percent":"33.9%","estimatedTimeMinutes":17,"i":2720,"totalI":8023,"totalErrors":0,"errors":[]}
 {"time":1527486132896,"batchNames":["FORD","FOSL","FNG","FNI","FNSR","FNWB","FOF","FBHS","FBM","FBP"],"percent":"34.1%","estimatedTimeMinutes":18,"i":2740,"totalI":8023,"totalErrors":0,"errors":[]}
 {"time":1527486143011,"batchNames":["FPAY","FPI","FQAL","FRAN","FRED","FRME","FRSH","FSACU","FSCT","FSLR"],"percent":"34.4%","estimatedTimeMinutes":18,"i":2760,"totalI":8023,"totalErrors":0,"errors":[]}
 {"time":1527486158562,"batchNames":["FUE","FUND","FV","FVL","FOR","FORTY","FPA","FPH","FPXI","FRAK"],"percent":"34.6%","estimatedTimeMinutes":18,"i":2780,"totalI":8023,"totalErrors":0,"errors":[]}
 {"time":1527486162564,"batchNames":["FRTA","FSBC","FSI","FSP","FSZ","FTC","FTEO","FTI","FTNW","FTSD"],"percent":"34.9%","estimatedTimeMinutes":18,"i":2800,"totalI":8023,"totalErrors":0,"errors":[]}
 {"time":1527486166973,"batchNames":["FT","FTCS","FTF","FTK","FTR","FTSI","FTXD","FTXO","FULT","FTA"],"percent":"35.1%","estimatedTimeMinutes":18,"i":2820,"totalI":8023,"totalErrors":0,"errors":[]}
 {"time":1527486170434,"batchNames":["FXC","FEEU","FEM","FENG","FEU","FEZ","FXG","FXO","FXU","FYT"],"percent":"35.4%","estimatedTimeMinutes":18,"i":2840,"totalI":8023,"totalErrors":0,"errors":[]}
 {"time":1527486173625,"batchNames":["FHB","FI","FIDU","FIGY","FINU","FISK","FIV","FIX","FJP","FLAT"],"percent":"35.6%","estimatedTimeMinutes":18,"i":2860,"totalI":8023,"totalErrors":0,"errors":[]}
 {"time":1527486176599,"batchNames":["FXS","FYC","GAA","GAINM","GAM","GASS","FUT","FVC","FWDD","FWRD"],"percent":"35.9%","estimatedTimeMinutes":18,"i":2880,"totalI":8023,"totalErrors":0,"errors":[]}
 {"time":1527486180935,"batchNames":["GCO","GD","GDO","GDVD","GE","GEF","GENC","GER","GF","GFN"],"percent":"36.1%","estimatedTimeMinutes":18,"i":2900,"totalI":8023,"totalErrors":0,"errors":[]}
 {"time":1527486185307,"batchNames":["GBIL","GBNK","GCBC","GCOW","GDDY","GDOT","GDX","GEC","GEL","GENE"],"percent":"36.4%","estimatedTimeMinutes":17,"i":2920,"totalI":8023,"totalErrors":0,"errors":[]}
 {"time":1527486192875,"batchNames":["GDXS","GECCL","GEMP","GBAB","GBL","GBR","GCC","GCP","GDEN","GDP"],"percent":"36.6%","estimatedTimeMinutes":18,"i":2940,"totalI":8023,"totalErrors":0,"errors":[]}
 {"time":1527486197431,"batchNames":["GLIBP","GLOB","GLPG","GLTR","GLYC","GMFL","GMRE","GNC","GNMA","GNRC"],"percent":"36.9%","estimatedTimeMinutes":17,"i":2960,"totalI":8023,"totalErrors":0,"errors":[]}
 {"time":1527486201105,"batchNames":["GENY","GES","GEO","GEVO","GFF","GFY","GGM","GGZ","GHL","GHYG"],"percent":"37.1%","estimatedTimeMinutes":17,"i":2980,"totalI":8023,"totalErrors":0,"errors":[]}
 {"time":1527486205400,"batchNames":["GMED","GMO","GMZ","GNK","GNPX","GNT","GOAU","GOL","FMBI","FMI"],"percent":"37.4%","estimatedTimeMinutes":17,"i":3000,"totalI":8023,"totalErrors":0,"errors":[]}
 {"time":1527486209357,"batchNames":["GIL","GJH","GJT","GLBS","GLDW","GGB","GGP","GHG","FNDF","FNGN"],"percent":"37.6%","estimatedTimeMinutes":17,"i":3020,"totalI":8023,"totalErrors":0,"errors":[]}
 {"time":1527486213071,"batchNames":["GIII","GIS","GJS","GLADN","GLDI","GOF","GOLF","GOOG","GOVNI","GPC"],"percent":"37.9%","estimatedTimeMinutes":17,"i":3040,"totalI":8023,"totalErrors":0,"errors":[]}
 {"time":1527486217234,"batchNames":["GSIT","GSLC","GLL","GLOG","GLPI","GLU","GM","GMLP","GMS","GNCA"],"percent":"38.1%","estimatedTimeMinutes":17,"i":3060,"totalI":8023,"totalErrors":0,"errors":[]}
 {"time":1527486221518,"batchNames":["FREL","FRN","FRSX","FSACW","FSD","FSM","FSTR","FTAG","FTEC","FTGC"],"percent":"38.4%","estimatedTimeMinutes":17,"i":3080,"totalI":8023,"totalErrors":0,"errors":[]}
 {"time":1527486225055,"batchNames":["GLUU","GME","GMLPP","GMTA","GNE","GNMX","GNRX","GNW","GOGO","GOODM"],"percent":"38.6%","estimatedTimeMinutes":17,"i":3100,"totalI":8023,"totalErrors":0,"errors":[]}
 {"time":1527486229523,"batchNames":["GOVT","GPI","GST","GT","GTLS","GTXI","GUDB","GUSH","GVI","GWPH"],"percent":"38.9%","estimatedTimeMinutes":17,"i":3120,"totalI":8023,"totalErrors":0,"errors":[]}
 {"time":1527486232590,"batchNames":["GPX","GRC","GRI","GRNB","GRUB","GSB","GSEU","GSHT","GSJY","GPRO"],"percent":"39.1%","estimatedTimeMinutes":17,"i":3140,"totalI":8023,"totalErrors":0,"errors":[]}
 {"time":1527486235947,"batchNames":["GSVC","GTHX","GTS","GTYHU","GURE","GVA","GWB","GWRS","GXG","GYRO"],"percent":"39.3%","estimatedTimeMinutes":17,"i":3160,"totalI":8023,"totalErrors":0,"errors":[]}
 {"time":1527486239532,"batchNames":["GSHTU","GSK","GSP","FXF","FXN","FXSG","GSM","GSUM","GTE","GTN"],"percent":"39.6%","estimatedTimeMinutes":17,"i":3180,"totalI":8023,"totalErrors":0,"errors":[]}
 {"time":1527486244382,"batchNames":["HAS","HAYN","HBCP","HBMD","HCAC=","HCHC","HCOM","HCXZ","HDG","HDP"],"percent":"39.8%","estimatedTimeMinutes":17,"i":3200,"totalI":8023,"totalErrors":0,"errors":[]}
 {"time":1527486286649,"batchNames":["GTO","GTYH","GUNR","GV","GVP","GWRE","GXF","GYLD","HABT","HAFC"],"percent":"40.1%","estimatedTimeMinutes":17,"i":3220,"totalI":8023,"totalErrors":0,"errors":[]}
 {"time":1527486299390,"batchNames":["HDNG","HE","HEDJ","HEI","HES","HEWG","HEWU","HFBC","HFWA","HGI"],"percent":"40.3%","estimatedTimeMinutes":18,"i":3240,"totalI":8023,"totalErrors":0,"errors":[]}
 {"time":1527486305200,"batchNames":["GDV","HALO","HAUD","HBANN","HBIO","GDXX","HBP","HCAPZ","HCKT","HCP"],"percent":"40.6%","estimatedTimeMinutes":17,"i":3260,"totalI":8023,"totalErrors":0,"errors":[]}
 {"time":1527486313277,"batchNames":["GHM","GIB","GIGM","GILT","GJP","GKOS","GLD","HBNC","HCAP","HCI"],"percent":"40.8%","estimatedTimeMinutes":17,"i":3280,"totalI":8023,"totalErrors":0,"errors":[]}
 {"time":1527486320785,"batchNames":["HOLI","HON","HOV","HPI","HPS","HQL","HRG","HRTX","HSDT","HSON"],"percent":"41.1%","estimatedTimeMinutes":17,"i":3300,"totalI":8023,"totalErrors":0,"errors":[]}
 {"time":1527486326085,"batchNames":["HEWL","HEZU","HEMV","HEUS","HEWJ","HEWY","HFC","HFXI","HGSH","HHYX"],"percent":"41.3%","estimatedTimeMinutes":17,"i":3320,"totalI":8023,"totalErrors":0,"errors":[]}
 {"time":1527486331254,"batchNames":["HOMB","HONR","HP","HPP","HQBD","HR","HRL","HSBC","HEWW","HFBL"],"percent":"41.6%","estimatedTimeMinutes":17,"i":3340,"totalI":8023,"totalErrors":0,"errors":[]}
 {"time":1527486335535,"batchNames":["GLW","GMF","HFGIC","HFXJ","HGT","HI","HIG","HILO","HIW","HL"],"percent":"41.8%","estimatedTimeMinutes":17,"i":3360,"totalI":8023,"totalErrors":0,"errors":[]}
 {"time":1527486339480,"batchNames":["HQCL","HRB","HRS","HSC","HSII","HSTM","GMOM","GNBC","GNL","GNR"],"percent":"42.1%","estimatedTimeMinutes":17,"i":3380,"totalI":8023,"totalErrors":0,"errors":[]}
 {"time":1527486344054,"batchNames":["GRBIC","GRF","GRMN","GRPN","GS","HJV","HLI","HLX","HMLP","HMST"],"percent":"42.3%","estimatedTimeMinutes":17,"i":3400,"totalI":8023,"totalErrors":0,"errors":[]}
 {"time":1527486348207,"batchNames":["HYGS","HYLB","HYND","HYXU","HNDL","HNW","HOLX","HONE","HOVNP","HPJ"],"percent":"42.6%","estimatedTimeMinutes":17,"i":3420,"totalI":8023,"totalErrors":0,"errors":[]}
 {"time":1527486354265,"batchNames":["HUBS","HUNTU","HUSE","HSIC","HST","HTAB","HTFA","HTHT","HTY","HUD"],"percent":"42.8%","estimatedTimeMinutes":17,"i":3440,"totalI":8023,"totalErrors":0,"errors":[]}
 {"time":1527486358841,"batchNames":["I","IAGG","IAMXW","IBB","IBDC","IBDM","IBDR","IBKCP","IBMI","IBN"],"percent":"43.1%","estimatedTimeMinutes":17,"i":3460,"totalI":8023,"totalErrors":0,"errors":[]}
 {"time":1527486363615,"batchNames":["GSIE","GSL","GSSC","GSY","GTIM","GTT","GTYHW","GURU","GVAL","GWGH"],"percent":"43.3%","estimatedTimeMinutes":17,"i":3480,"totalI":8023,"totalErrors":0,"errors":[]}
 {"time":1527486369294,"batchNames":["HURC","HUYA","HWCC","HY","HWBK","HX","HYACW","HYDW","HYH","HYLD"],"percent":"43.6%","estimatedTimeMinutes":17,"i":3500,"totalI":8023,"totalErrors":0,"errors":[]}
 {"time":1527486373571,"batchNames":["HYLV","HYUP","HZNP","IAF","IAM","IAU","IBCP","IBDK","IBDP","HYHG"],"percent":"43.8%","estimatedTimeMinutes":17,"i":3520,"totalI":8023,"totalErrors":0,"errors":[]}
 {"time":1527486377411,"batchNames":["IBM","IBMK","IBOC","ICAN","ICD","HBANO","HBK","HCA","HCC","HCLP"],"percent":"44.1%","estimatedTimeMinutes":17,"i":3540,"totalI":8023,"totalErrors":0,"errors":[]}
 {"time":1527486382125,"batchNames":["IBKR","IBMJ","IBND","ICAD","ICCH","ICHR","IEF","IEIH","IESC","IEX"],"percent":"44.3%","estimatedTimeMinutes":17,"i":3560,"totalI":8023,"totalErrors":0,"errors":[]}
 {"time":1527486388037,"batchNames":["IBML","IBP","ICB","ICE","ICLK","ICOW","ICL","ICON","ICVT","IDHD"],"percent":"44.6%","estimatedTimeMinutes":16,"i":3580,"totalI":8023,"totalErrors":0,"errors":[]}
 {"time":1527486392387,"batchNames":["IDT","IDXG","IECS","IEHS","HEWP","HF","HFRO","HGH","HGV","HIBB"],"percent":"44.8%","estimatedTimeMinutes":16,"i":3600,"totalI":8023,"totalErrors":0,"errors":[]}
 {"time":1527486397054,"batchNames":["HOML","HOS","HPF","IIF","IIN","IJK","ILF","IMAX","IMKTA","IDV"],"percent":"45.1%","estimatedTimeMinutes":16,"i":3620,"totalI":8023,"totalErrors":0,"errors":[]}
 {"time":1527486400629,"batchNames":["IDX","IEC","IEFN","IEMG","IEUR","IFEU","IFMK","IFV","IGE","IGI"],"percent":"45.3%","estimatedTimeMinutes":16,"i":3640,"totalI":8023,"totalErrors":0,"errors":[]}
 {"time":1527486404788,"batchNames":["IMMY","IMPV","IMTM","INBKL","INDF","INDUW","IHG","IHY","IIJI","IJH"],"percent":"45.6%","estimatedTimeMinutes":16,"i":3660,"totalI":8023,"totalErrors":0,"errors":[]}
 {"time":1527486408754,"batchNames":["IOVA","HPR","HQH","HRC","HRTG","HSCZ","HSKA","HSY","HTBK","HTGM"],"percent":"45.8%","estimatedTimeMinutes":16,"i":3680,"totalI":8023,"totalErrors":0,"errors":[]}
 {"time":1527486415373,"batchNames":["IIVI","IJS","ILPT","ILMN","IMH","IMGN","IMMR","IMMP","IMOM","IMO"],"percent":"46.1%","estimatedTimeMinutes":16,"i":3700,"totalI":8023,"totalErrors":0,"errors":[]}
 {"time":1527486419744,"batchNames":["INFY","IJR","INN","ILG","INPX","IMDZ","INSI","INSY","HYAC","HYDB"],"percent":"46.3%","estimatedTimeMinutes":16,"i":3720,"totalI":8023,"totalErrors":0,"errors":[]}
 {"time":1527486423564,"batchNames":["INFR","INGR","INOD","INSE","INST","INTF","INTX","INWK","IOO","HYXE"],"percent":"46.6%","estimatedTimeMinutes":16,"i":3740,"totalI":8023,"totalErrors":0,"errors":[]}
 {"time":1527486428142,"batchNames":["INTL","INVA","INXX","IOSP","IPAR","IPCI","IPGP","IPKW","HZO","IPWR"],"percent":"46.8%","estimatedTimeMinutes":16,"i":3760,"totalI":8023,"totalErrors":0,"errors":[]}
 {"time":1527486432493,"batchNames":["IBDQ","ISF","IBKCO","ISNS","IBMH","ISSC","IBMM","ITA","IBTX","ITEQ"],"percent":"47.1%","estimatedTimeMinutes":16,"i":3780,"totalI":8023,"totalErrors":0,"errors":[]}
 {"time":1527486436694,"batchNames":["IYC","IYJ","IYT","IZRL","JASN","JBGS","JBN","JCAP","JCP","JDIV"],"percent":"47.3%","estimatedTimeMinutes":16,"i":3800,"totalI":8023,"totalErrors":0,"errors":[]}
 {"time":1527486441174,"batchNames":["INTG","INUV","INXN","IOR","IPAC","IPCC","IPG","IPIC","IPAY","ICBK"],"percent":"47.6%","estimatedTimeMinutes":16,"i":3820,"totalI":8023,"totalErrors":0,"errors":[]}
 {"time":1527486445463,"batchNames":["IRDM","IDOG","IRM","IDTI","IRT","IDXX","ISCF","IEDI","ISHG","IEI"],"percent":"47.8%","estimatedTimeMinutes":15,"i":3840,"totalI":8023,"totalErrors":0,"errors":[]}
 {"time":1527486450390,"batchNames":["IVW","IWF","IWP","IWY","IXN","IYF","IYLD","IYY","JAG","JASO"],"percent":"48.1%","estimatedTimeMinutes":15,"i":3860,"totalI":8023,"totalErrors":0,"errors":[]}
 {"time":1527486454665,"batchNames":["IR","IRET","IROQ","IRWD","ISDR","ISMD","ISRL","IT","ISD","ISIG"],"percent":"48.3%","estimatedTimeMinutes":15,"i":3880,"totalI":8023,"totalErrors":0,"errors":[]}
 {"time":1527486459456,"batchNames":["IWL","IWR","IX","IXP","IYG","IYM","IYZ","JAGX","JAX","JBL"],"percent":"48.6%","estimatedTimeMinutes":15,"i":3900,"totalI":8023,"totalErrors":0,"errors":[]}
 {"time":1527486464793,"batchNames":["ITE","ITIC","ITRN","IUSB","IVC","IVH","IVR","IWB","IWM","IWS"],"percent":"48.8%","estimatedTimeMinutes":15,"i":3920,"totalI":8023,"totalErrors":0,"errors":[]}
 {"time":1527486469163,"batchNames":["JHME","JHMM","JHSC","JJCB","JJSB","JKE","JKI","JLL","JMIN","JMPB"],"percent":"49.1%","estimatedTimeMinutes":15,"i":3940,"totalI":8023,"totalErrors":0,"errors":[]}
 {"time":1527486473162,"batchNames":["JHY","JJGB","JJTB","JKG","JKK","JMBA","JBLU","IGEM","IGLD","IGRO"],"percent":"49.3%","estimatedTimeMinutes":15,"i":3960,"totalI":8023,"totalErrors":0,"errors":[]}
 {"time":1527486477854,"batchNames":["IMTE","INBK","INDB","INDUU","INFN","ING","INNT","INR","INSM","JBT"],"percent":"49.6%","estimatedTimeMinutes":15,"i":3980,"totalI":8023,"totalErrors":0,"errors":[]}
 {"time":1527486482888,"batchNames":["IPAS","JHMD","IPDN","JHML","IPHI","JHS","IPO","JJAB","IQ","JJPB"],"percent":"49.8%","estimatedTimeMinutes":15,"i":4000,"totalI":8023,"totalErrors":0,"errors":[]}
 {"time":1527486487378,"batchNames":["ISG","JNCE","ISR","JNUG","ISTB","JONE","ITB","JPEH","ITG","JPHF"],"percent":"50.1%","estimatedTimeMinutes":15,"i":4020,"totalI":8023,"totalErrors":0,"errors":[]}
 {"time":1527486491533,"batchNames":["IVV","JSML","IWD","IWO","IWX","IXJ","IYE","IYK","IYW","JACK"],"percent":"50.3%","estimatedTimeMinutes":15,"i":4040,"totalI":8023,"totalErrors":0,"errors":[]}
 {"time":1527486495764,"batchNames":["JEMD","JWN","JHA","KAAC","JHI","KALU","JHMF","KAR","JHMS","KBE"],"percent":"50.6%","estimatedTimeMinutes":15,"i":4060,"totalI":8023,"totalErrors":0,"errors":[]}
 {"time":1527486500450,"batchNames":["JNK","JOBS","JP","JPEU","JPI","JPMB","JPNL","JPUS","JRJC","JSD"],"percent":"50.8%","estimatedTimeMinutes":15,"i":4080,"totalI":8023,"totalErrors":0,"errors":[]}
 {"time":1527486505600,"batchNames":["JNP","KBWR","KCNY","JOE","KELYA","JPC","KEN","JPGB","KEY","JPIH"],"percent":"51.1%","estimatedTimeMinutes":14,"i":4100,"totalI":8023,"totalErrors":0,"errors":[]}
 {"time":1527486510853,"batchNames":["JSM","KMPH","JSYNU","KND","JTPY","KNOW","JXSB","KODK","KAACW","KONA"],"percent":"51.3%","estimatedTimeMinutes":14,"i":4120,"totalI":8023,"totalErrors":0,"errors":[]}
 {"time":1527486514927,"batchNames":["KT","JHMU","KTOS","JILL","KURA","KWR","JJMB","KZIA","JJUB","LAC"],"percent":"51.6%","estimatedTimeMinutes":14,"i":4140,"totalI":8023,"totalErrors":0,"errors":[]}
 {"time":1527486519351,"batchNames":["LBTYK","JNPR","LCAHW","JOF","LCUT","JPED","LDP","JPGE","LEA","JPIN"],"percent":"51.8%","estimatedTimeMinutes":14,"i":4160,"totalI":8023,"totalErrors":0,"errors":[]}
 {"time":1527486523778,"batchNames":["LILAK","LION","LIVE","LKM","LLEX","LLY","LMFA","LMNR","LMRKP","KCE"],"percent":"52.1%","estimatedTimeMinutes":14,"i":4180,"totalI":8023,"totalErrors":0,"errors":[]}
 {"time":1527486528670,"batchNames":["LPI","KIE","LPT","KIQ","LQD","KLDW","LRCX","KMDA","LSBK","LSVX"],"percent":"52.3%","estimatedTimeMinutes":14,"i":4200,"totalI":8023,"totalErrors":0,"errors":[]}
 {"time":1527486535222,"batchNames":["KOPN","LWAY","KOS","LXRX","KRC","LYTS","KRNT","MAA","KS","MACQU"],"percent":"52.6%","estimatedTimeMinutes":14,"i":4220,"totalI":8023,"totalErrors":0,"errors":[]}
 {"time":1527486540430,"batchNames":["LABU","LAD","MBG","LANC","MBOT","LAUR","MBUU","LB","MCB","LBJ"],"percent":"52.8%","estimatedTimeMinutes":14,"i":4240,"totalI":8023,"totalErrors":0,"errors":[]}
 {"time":1527486545304,"batchNames":["MEET","MEN","METC","MFD","MFIN","MFO","MG","MGF","MGM","MGU"],"percent":"53.1%","estimatedTimeMinutes":14,"i":4260,"totalI":8023,"totalErrors":0,"errors":[]}
 {"time":1527486550227,"batchNames":["KDMN","MLHR","KELYB","MLNX","KEP","MLPE","KEYS","MLPS","KFS","MLR"],"percent":"53.3%","estimatedTimeMinutes":14,"i":4280,"totalI":8023,"totalErrors":0,"errors":[]}
 {"time":1527486555545,"batchNames":["MNK","KMPR","MNR","KNDI","MO","KNSA","MODN","KOF","MOM","KONE"],"percent":"53.6%","estimatedTimeMinutes":14,"i":4300,"totalI":8023,"totalErrors":0,"errors":[]}
 {"time":1527486560448,"batchNames":["JSYNW","MRC","JVA","MRK","JYNT","MRSN","KAI","MRVL","KANG","MSBI"],"percent":"53.8%","estimatedTimeMinutes":14,"i":4320,"totalI":8023,"totalErrors":0,"errors":[]}
 {"time":1527486565262,"batchNames":["KEM","MTFBW","KEQU","MTL","KEYW","MTP","KFY","MTSI","KHC","MTX"],"percent":"54.1%","estimatedTimeMinutes":14,"i":4340,"totalI":8023,"totalErrors":0,"errors":[]}
 {"time":1527486570464,"batchNames":["MXI","MYD","MYJ","MYO","MYSZ","MZZ","NAK","NAO","NATI","NAVG"],"percent":"54.3%","estimatedTimeMinutes":14,"i":4360,"totalI":8023,"totalErrors":0,"errors":[]}
 {"time":1527486575366,"batchNames":["KAP","NDP","NE","KBAL","NEBUW","KBLMU","NEOG","KBWD","NERV","KCAPL"],"percent":"54.6%","estimatedTimeMinutes":13,"i":4380,"totalI":8023,"totalErrors":0,"errors":[]}
 {"time":1527486580699,"batchNames":["NGHC","KIDS","KIO","NGL","KLAC","NHA","KMB","NHLDW","KMM","NICE"],"percent":"54.8%","estimatedTimeMinutes":13,"i":4400,"totalI":8023,"totalErrors":0,"errors":[]}
 {"time":1527486585870,"batchNames":["KORU","NMR","KRA","NMY","KRMA","NNDM","KRYS","NOA","KST","NOG"],"percent":"55.1%","estimatedTimeMinutes":13,"i":4420,"totalI":8023,"totalErrors":0,"errors":[]}
 {"time":1527486591380,"batchNames":["NTP","NTRS","NUAG","NUEM","NUMG","NUROW","NUVA","NVDA","NVGS","NVO"],"percent":"55.3%","estimatedTimeMinutes":13,"i":4440,"totalI":8023,"totalErrors":0,"errors":[]}
 {"time":1527486597224,"batchNames":["NXTM","KTOV","NYMT","KURE","NYNY","KXI","NONE","L","OAS","LACQ"],"percent":"55.6%","estimatedTimeMinutes":13,"i":4460,"totalI":8023,"totalErrors":0,"errors":[]}
 {"time":1527486602580,"batchNames":["LBY","OEW","LCI","OFLX","LD","OGEN","LDRI","OHRP","LEAD","OIIL"],"percent":"55.8%","estimatedTimeMinutes":13,"i":4480,"totalI":8023,"totalErrors":0,"errors":[]}
 {"time":1527486607474,"batchNames":["OPES","OPHC","OPP","OR","ORC","ORIG","ORN","OSBCP","OSLE","OSS"],"percent":"56.1%","estimatedTimeMinutes":13,"i":4500,"totalI":8023,"totalErrors":0,"errors":[]}
 {"time":1527486612859,"batchNames":["LE","PAF","LEE","PAH","LEN","PAM","LEVL","PATI","PAVMZ","LFGR"],"percent":"56.3%","estimatedTimeMinutes":13,"i":4520,"totalI":8023,"totalErrors":0,"errors":[]}
 {"time":1527486618106,"batchNames":["PBTP","KNSL","PCEF","PCK","KOIN","PCQ","KOOL","PCY","KORS","PDCO"],"percent":"56.5%","estimatedTimeMinutes":13,"i":4540,"totalI":8023,"totalErrors":0,"errors":[]}
 {"time":1527486623476,"batchNames":["LACQU","LALT","LARK","LAZ","LBDC","LBRT","LC","LCII","LDF","LDRS"],"percent":"56.8%","estimatedTimeMinutes":13,"i":4560,"totalI":8023,"totalErrors":0,"errors":[]}
 {"time":1527486628990,"batchNames":["LITE","LABL","LKFN","LACQW","LL","LAMR","LLQD","LASR","LMBS","LAZY"],"percent":"57%","estimatedTimeMinutes":13,"i":4580,"totalI":8023,"totalErrors":0,"errors":[]}
 {"time":1527486635125,"batchNames":["LONE","LDUR","LOV","LEDS","LPG","LEMB","LPSN","LEVB","LQ","LEGR"],"percent":"57.3%","estimatedTimeMinutes":13,"i":4600,"totalI":8023,"totalErrors":0,"errors":[]}
 {"time":1527486641313,"batchNames":["LLIT","LM","LMFAW","LMNX","LMT","LNG","LOAN","LGC","LFEQ","LGI"],"percent":"57.5%","estimatedTimeMinutes":13,"i":4620,"totalI":8023,"totalErrors":0,"errors":[]}
 {"time":1527486647249,"batchNames":["LN","LNGR","PDT","LOB","PEBO","LOGO","PEI","LOR","PENN","LOXO"],"percent":"57.8%","estimatedTimeMinutes":13,"i":4640,"totalI":8023,"totalErrors":0,"errors":[]}
 {"time":1527486652862,"batchNames":["PFIN","LSXMB","PFMT","LTM","PFS","LTRPB","PGAL","LUB","PGJ","LVHD"],"percent":"58%","estimatedTimeMinutes":13,"i":4660,"totalI":8023,"totalErrors":0,"errors":[]}
 {"time":1527486658872,"batchNames":["PIE","LII","PIM","PIRS","LINDW","PJH","LITB","PKBK","LJPC","LOGM"],"percent":"58.3%","estimatedTimeMinutes":12,"i":4680,"totalI":8023,"totalErrors":0,"errors":[]}
 {"time":1527486664206,"batchNames":["LTXB","LVHB","LVL","LX","LXU","LYV","MAB","MACQW","LKSD","LLNW"],"percent":"58.5%","estimatedTimeMinutes":12,"i":4700,"totalI":8023,"totalErrors":0,"errors":[]}
 {"time":1527486669712,"batchNames":["LPX","LQDT","LRGF","LSST","LSXMK","LTN","LTRX","MAMS","MAR","MASI"],"percent":"58.8%","estimatedTimeMinutes":12,"i":4720,"totalI":8023,"totalErrors":0,"errors":[]}
 {"time":1527486676303,"batchNames":["MDC","MDIV","MDP","PKO","LYB","LZB","MAC","MAG","MAN","PLAY"],"percent":"59%","estimatedTimeMinutes":12,"i":4740,"totalI":8023,"totalErrors":0,"errors":[]}
 {"time":1527486682512,"batchNames":["PMD","MBWM","PMO","MCC","PMTS","MCFT","PNFP","MCK","PNQI","MCRI"],"percent":"59.3%","estimatedTimeMinutes":12,"i":4760,"totalI":8023,"totalErrors":0,"errors":[]}
 {"time":1527486687937,"batchNames":["LULU","LRN","LVHE","LSTR","LVUS","LTBR","LXFT","LTN=","LYG","LTS"],"percent":"59.5%","estimatedTimeMinutes":12,"i":4780,"totalI":8023,"totalErrors":0,"errors":[]}
 {"time":1527486693561,"batchNames":["MATF","MA","MDU","MDYV","MEI","MEOH","MEXX","MFDX","MFINL","MFSF"],"percent":"59.8%","estimatedTimeMinutes":12,"i":4800,"totalI":8023,"totalErrors":0,"errors":[]}
 {"time":1527486700269,"batchNames":["MJ","MKSI","MLI","MLP","MLPG","MLPX","MLSS","MMD","MAXR","MBFI"],"percent":"60%","estimatedTimeMinutes":12,"i":4820,"totalI":8023,"totalErrors":0,"errors":[]}
 {"time":1527486707693,"batchNames":["MDRX","MDXG","MED","MELI","MESO","MFC","MFG","MFM","MFUS","MGEE"],"percent":"60.3%","estimatedTimeMinutes":12,"i":4840,"totalI":8023,"totalErrors":0,"errors":[]}
 {"time":1527486714476,"batchNames":["MGC","MGIC","MGP","MGYR","MHI","MHNC","MIDD","MILN","MINDP","MITT"],"percent":"60.5%","estimatedTimeMinutes":12,"i":4860,"totalI":8023,"totalErrors":0,"errors":[]}
 {"time":1527486720692,"batchNames":["MMU","MNDO","MNKD","MNRO","MOAT","MOFG","MOMO","MACQ","MORN","MAGS"],"percent":"60.8%","estimatedTimeMinutes":12,"i":4880,"totalI":8023,"totalErrors":0,"errors":[]}
 {"time":1527486726458,"batchNames":["MRCC","MBIO","MRLN","MBTF","MRT","MCA","MS","MCEF","MSCC","MCHP"],"percent":"61%","estimatedTimeMinutes":12,"i":4900,"totalI":8023,"totalErrors":0,"errors":[]}
 {"time":1527486732854,"batchNames":["MDSO","MHO","MDY","MIDU","MEDP","MIME","MINI","PPSI","MIW","PQG"],"percent":"61.3%","estimatedTimeMinutes":12,"i":4920,"totalI":8023,"totalErrors":0,"errors":[]}
 {"time":1527486739354,"batchNames":["MLPZ","PRPO","MLVF","PRTA","MMDMR","PRU","MMIT","PSC","MMSI","PSCH"],"percent":"61.5%","estimatedTimeMinutes":12,"i":4940,"totalI":8023,"totalErrors":0,"errors":[]}
 {"time":1527486745764,"batchNames":["MOGO","PTEN","MOO","PTI","MOS","PTN","MOTS","MMIN","MMS","MMV"],"percent":"61.8%","estimatedTimeMinutes":12,"i":4960,"totalI":8023,"totalErrors":0,"errors":[]}
 {"time":1527486752107,"batchNames":["MPVD","MQY","MPAC","MPCT","MPW","MRAM","MRGR","MRO","MRTX","MSB"],"percent":"62%","estimatedTimeMinutes":12,"i":4980,"totalI":8023,"totalErrors":0,"errors":[]}
 {"time":1527486758280,"batchNames":["MUA","MUDSW","MUJ","MUX","MVIN","MWA","MXE","MXWL","MYGN","MYND"],"percent":"62.3%","estimatedTimeMinutes":11,"i":5000,"totalI":8023,"totalErrors":0,"errors":[]}
 {"time":1527486764617,"batchNames":["MTR","MTSL","MTZ","MUDS","MUH","MUS","MVCD","MVT","MRCY","MELR"],"percent":"62.5%","estimatedTimeMinutes":11,"i":5020,"totalI":8023,"totalErrors":0,"errors":[]}
 {"time":1527486771598,"batchNames":["MSN","MGEN","MT","MGLN","MTD","MGRC","MTEM","MTGE","MHE","MHLA"],"percent":"62.8%","estimatedTimeMinutes":11,"i":5040,"totalI":8023,"totalErrors":0,"errors":[]}
 {"time":1527486778214,"batchNames":["MUSA","MIXT","MVF","MKGI","MVV","MLCO","MXDU","MLNT","MXL","MLPC"],"percent":"63%","estimatedTimeMinutes":11,"i":5060,"totalI":8023,"totalErrors":0,"errors":[]}
 {"time":1527486784916,"batchNames":["NAN","MMT","NAP","NAUH","NAZ","NBHC","NBO","NBY","NCI","NCR"],"percent":"63.3%","estimatedTimeMinutes":11,"i":5080,"totalI":8023,"totalErrors":0,"errors":[]}
 {"time":1527486791189,"batchNames":["NGD","NGHCO","MXDE","MXIM","MYE","MYL","MYOK","MYY","NAC","NAKD"],"percent":"63.5%","estimatedTimeMinutes":11,"i":5100,"totalI":8023,"totalErrors":0,"errors":[]}
 {"time":1527486797938,"batchNames":["NEA","NEE","PTX","NEON","PULM","NES","PVAC","NEU","PVI","NEWT"],"percent":"63.8%","estimatedTimeMinutes":11,"i":5120,"totalI":8023,"totalErrors":0,"errors":[]}
 {"time":1527486804422,"batchNames":["NC","NCLH","NCS","NDAQ","NDRO","NEBU","NEN","NEP","NESRW","NEWA"],"percent":"64%","estimatedTimeMinutes":11,"i":5140,"totalI":8023,"totalErrors":0,"errors":[]}
 {"time":1527486810925,"batchNames":["NKG","NLNK","NLY","NML","NMS","NGVC","NHF","NHTC","NID","NIQ"],"percent":"64.3%","estimatedTimeMinutes":11,"i":5160,"totalI":8023,"totalErrors":0,"errors":[]}
 {"time":1527486817408,"batchNames":["NPO","NRC","NRO","NSA","NSL","NSSC","NTB","NTEST","NNBR","PYN"],"percent":"64.5%","estimatedTimeMinutes":11,"i":5180,"totalI":8023,"totalErrors":0,"errors":[]}
 {"time":1527486824609,"batchNames":["NRE","QDYN","NRP","QES","NSC","QID","NSM","QLD","NSTG","QMOM"],"percent":"64.8%","estimatedTimeMinutes":11,"i":5200,"totalI":8023,"totalErrors":0,"errors":[]}
 {"time":1527486830720,"batchNames":["NUDM","QVAL","NULV","QXRR","NURE","RAAX","NUSC","RALS","NVCN","NVFY"],"percent":"65%","estimatedTimeMinutes":11,"i":5220,"totalI":8023,"totalErrors":0,"errors":[]}
 {"time":1527486837090,"batchNames":["NUSA","NVAX","NVEE","NVLN","NVRO","NVUS","NWL","NWSA","NXEO","NXP"],"percent":"65.3%","estimatedTimeMinutes":11,"i":5240,"totalI":8023,"totalErrors":0,"errors":[]}
 {"time":1527486843947,"batchNames":["OEF","OFED","OFSSL","OHAI","OIA","OILB","OIS","NG","NGHCN","NGS"],"percent":"65.5%","estimatedTimeMinutes":11,"i":5260,"totalI":8023,"totalErrors":0,"errors":[]}
 {"time":1527486850574,"batchNames":["NNI","NOAH","NWY","NXEOU","NXPI","NXTD","NYH","NYMTP","NYV","OAK"],"percent":"65.8%","estimatedTimeMinutes":11,"i":5280,"totalI":8023,"totalErrors":0,"errors":[]}
 {"time":1527486857690,"batchNames":["OILD","OKDCC","OLED","OLP","OMCL","MN","MNI","MNP","MNTX","MOD"],"percent":"66%","estimatedTimeMinutes":11,"i":5300,"totalI":8023,"totalErrors":0,"errors":[]}
 {"time":1527486864531,"batchNames":["MRUS","MSBF","MSEX","MSI","NOK","NOVN","NPN","NR","NRK","NS"],"percent":"66.3%","estimatedTimeMinutes":10,"i":5320,"totalI":8023,"totalErrors":0,"errors":[]}
 {"time":1527486871647,"batchNames":["REFR","REI","RELX","RENN","MSP","OLD","OLO","OMC","OMF","OMNT"],"percent":"66.5%","estimatedTimeMinutes":10,"i":5340,"totalI":8023,"totalErrors":0,"errors":[]}
 {"time":1527486878555,"batchNames":["MTBC","MTEC","MTFB","MTH","MTOR","MTSC","MTW","MUB","MUE","MUNI"],"percent":"66.8%","estimatedTimeMinutes":10,"i":5360,"totalI":8023,"totalErrors":0,"errors":[]}
 {"time":1527486885026,"batchNames":["OPGN","OPNT","OPY","ORBC","ORGS","ORM","OSB","OSIZ","OSPRU","OTEL"],"percent":"67%","estimatedTimeMinutes":10,"i":5380,"totalI":8023,"totalErrors":0,"errors":[]}
 {"time":1527486891871,"batchNames":["NUAN","NUGT","NUMV","NUS","NUW","NVEC","NVIV","NVR","NVTR","NWHM"],"percent":"67.3%","estimatedTimeMinutes":10,"i":5400,"totalI":8023,"totalErrors":0,"errors":[]}
 {"time":1527486898712,"batchNames":["RGA","RGLD","ORRF","OSIS","OSPR","OSUR","OTTR","OUT","OVLU","OXFD"],"percent":"67.5%","estimatedTimeMinutes":10,"i":5420,"totalI":8023,"totalErrors":0,"errors":[]}
 {"time":1527486905997,"batchNames":["RGSE","RHP","RICK","RILY","RINF","RIV","RJZ","RLH","RM","RMD"],"percent":"67.8%","estimatedTimeMinutes":10,"i":5440,"totalI":8023,"totalErrors":0,"errors":[]}
 {"time":1527486912725,"batchNames":["NBRV","NCA","NCMI","NCSM","NDLS","NDSN","NEBUU","NEO","NYMTN","NYRT"],"percent":"68%","estimatedTimeMinutes":10,"i":5460,"totalI":8023,"totalErrors":0,"errors":[]}
 {"time":1527486919923,"batchNames":["OI","OIIM","OILX","OLBK","OLN","OMAD=","OMEX","OMN","PACQU","PAGP"],"percent":"68.3%","estimatedTimeMinutes":10,"i":5480,"totalI":8023,"totalErrors":0,"errors":[]}
 {"time":1527486926260,"batchNames":["ROBT","ROGS","PAYC","PBBI","PBE","PBHC","PBND","PBSK","PBW","PCG"],"percent":"68.5%","estimatedTimeMinutes":10,"i":5500,"totalI":8023,"totalErrors":0,"errors":[]}
 {"time":1527486933399,"batchNames":["PCTI","PDBC","PDI","PDP","PEB","PEGA","NEPT","NETE","NEWM","NEXA"],"percent":"68.8%","estimatedTimeMinutes":10,"i":5520,"totalI":8023,"totalErrors":0,"errors":[]}
 {"time":1527486940690,"batchNames":["PESI","PEX","PFBI","PFFD","PFI","PFL","PFNX","PFSW","ONB","ONEO"],"percent":"69%","estimatedTimeMinutes":10,"i":5540,"totalI":8023,"totalErrors":0,"errors":[]}
 {"time":1527486947498,"batchNames":["OSN","OSTK","OTIV","OUSM","OVLC","PEK","PER","PETQ","PEY","PFD"],"percent":"69.3%","estimatedTimeMinutes":10,"i":5560,"totalI":8023,"totalErrors":0,"errors":[]}
 {"time":1527486955365,"batchNames":["PHX","PICO","PII","PIO","ROLL","ROSE","ROX","RPG","RPV","RRGB"],"percent":"69.5%","estimatedTimeMinutes":10,"i":5580,"totalI":8023,"totalErrors":0,"errors":[]}
 {"time":1527486963198,"batchNames":["RY","RYF","RYT","NHLD","NIB","NIHD","NJR","RZG","SAB","SAFM"],"percent":"69.8%","estimatedTimeMinutes":10,"i":5600,"totalI":8023,"totalErrors":0,"errors":[]}
 {"time":1527486970552,"batchNames":["PHD","PHII","PHT","PICK","PIHPP","PINC","PIY","PJT","PKE","PKW"],"percent":"70%","estimatedTimeMinutes":9,"i":5620,"totalI":8023,"totalErrors":0,"errors":[]}
 {"time":1527486978091,"batchNames":["SALT","SANM","SATS","NNY","NODK","NORW","NP","NPV","NRG","NRT"],"percent":"70.3%","estimatedTimeMinutes":9,"i":5640,"totalI":8023,"totalErrors":0,"errors":[]}
 {"time":1527486985760,"batchNames":["SBFG","SBI","SBNA","SBPH","SBSI","SCAC","SCCO","SCHC","SCHH","SCHO"],"percent":"70.5%","estimatedTimeMinutes":9,"i":5660,"totalI":8023,"totalErrors":0,"errors":[]}
 {"time":1527486993138,"batchNames":["OZM","PAC","PAG","PAHC","PANL","PATK","PAY","PBB","PBDM","PBH"],"percent":"70.8%","estimatedTimeMinutes":9,"i":5680,"totalI":8023,"totalErrors":0,"errors":[]}
 {"time":1527487000804,"batchNames":["PKX","PLCY","PLND","PLT","PLX","PM","PML","NUM","NURO","NUV"],"percent":"71%","estimatedTimeMinutes":9,"i":5700,"totalI":8023,"totalErrors":0,"errors":[]}
 {"time":1527487008647,"batchNames":["NYLD","NYMX","NZF","OAKS","OBCI","OBSV","OCIP","OCSLL","ODP","OEUR"],"percent":"71.3%","estimatedTimeMinutes":9,"i":5720,"totalI":8023,"totalErrors":0,"errors":[]}
 {"time":1527487016529,"batchNames":["POWL","PPDM","PPL","PPR","PPTY","PRAH","PRF","PRGX","PRK","PRN"],"percent":"71.5%","estimatedTimeMinutes":9,"i":5740,"totalI":8023,"totalErrors":0,"errors":[]}
 {"time":1527487024403,"batchNames":["PPMC","PPTB","PRAA","PREF","PRGS","PRIM","PRMW","PRPH","PRSC","PRTO"],"percent":"71.8%","estimatedTimeMinutes":9,"i":5760,"totalI":8023,"totalErrors":0,"errors":[]}
 {"time":1527487034176,"batchNames":["SFL","SFST","SGC","SGH","SGMS","SGU","SHAK","SHI","SHLM","SHO"],"percent":"72%","estimatedTimeMinutes":9,"i":5780,"totalI":8023,"totalErrors":0,"errors":[]}
 {"time":1527487041791,"batchNames":["PFFA","PFH","PFIS","PFN","PFSI","PGC","PGLC","PGRE","PHB","PHI"],"percent":"72.3%","estimatedTimeMinutes":9,"i":5800,"totalI":8023,"totalErrors":0,"errors":[]}
 {"time":1527487049359,"batchNames":["PSMT","PST","PTC","PTGX","PTLC","PTR","PUI","PUTW","PVG","PWB"],"percent":"72.5%","estimatedTimeMinutes":9,"i":5820,"totalI":8023,"totalErrors":0,"errors":[]}
 {"time":1527487057233,"batchNames":["SKOR","SKYW","SLCT","SLF","PSL","PSMM","PSR","PSXP","PTF","PTLA"],"percent":"72.8%","estimatedTimeMinutes":9,"i":5840,"totalI":8023,"totalErrors":0,"errors":[]}
 {"time":1527487066242,"batchNames":["ONEY","ONTX","OPBK","OPGNW","PKOH","PLBC","PLLL","PLPC","PLUS","PLYA"],"percent":"73%","estimatedTimeMinutes":9,"i":5860,"totalI":8023,"totalErrors":0,"errors":[]}
 {"time":1527487074488,"batchNames":["PPT","PRA","PRCP","PRGO","PRID","PRME","PROV","PVBC","PW","PWS"],"percent":"73.3%","estimatedTimeMinutes":9,"i":5880,"totalI":8023,"totalErrors":0,"errors":[]}
 {"time":1527487083708,"batchNames":["SLM","SLQD","SLV","SLYG","SMBC","SMDV","SMH","SMIT","PXLV","PXR"],"percent":"73.5%","estimatedTimeMinutes":9,"i":5900,"totalI":8023,"totalErrors":0,"errors":[]}
 {"time":1527487091555,"batchNames":["QLYS","QQQ","QRHC","QSR","QTNT","QUAD","QURE","QXGG","R","RADA"],"percent":"73.8%","estimatedTimeMinutes":9,"i":5920,"totalI":8023,"totalErrors":0,"errors":[]}
 {"time":1527487099289,"batchNames":["OVBC","OVOL","OXLCM","OXY","PAA","PACW","PAGS","PALL","PARR","SMM"],"percent":"74%","estimatedTimeMinutes":8,"i":5940,"totalI":8023,"totalErrors":0,"errors":[]}
 {"time":1527487107575,"batchNames":["SOHOO","SOJB","SONC","SOXS","SPAB","SPDV","SPFF","SPHD","SPKE","SPLP"],"percent":"74.2%","estimatedTimeMinutes":8,"i":5960,"totalI":8023,"totalErrors":0,"errors":[]}
 {"time":1527487115716,"batchNames":["PRQR","PRTK","PS","PSCC","PSCI","PSEC","PSK","PSMG","PSQ","PSX"],"percent":"74.5%","estimatedTimeMinutes":8,"i":5980,"totalI":8023,"totalErrors":0,"errors":[]}
 {"time":1527487123504,"batchNames":["PXMV","PXSV","PYPL","QWLD","QYLD","RAD","RARE","RBA","RBCN","RCD"],"percent":"74.7%","estimatedTimeMinutes":8,"i":6000,"totalI":8023,"totalErrors":0,"errors":[]}
 {"time":1527487131957,"batchNames":["RETL","REX","RFCI","RFFC","RFP","RGEN","RGNX","RH","RHT","RIG"],"percent":"75%","estimatedTimeMinutes":8,"i":6020,"totalI":8023,"totalErrors":0,"errors":[]}
 {"time":1527487139852,"batchNames":["RE","REET","REGL","RELL","REMX","RES","RETO","REXR","RFDA","RFG"],"percent":"75.2%","estimatedTimeMinutes":8,"i":6040,"totalI":8023,"totalErrors":0,"errors":[]}
 {"time":1527487147811,"batchNames":["SPXC","SPXT","SPYB","SQ","SQQQ","SRCE","SRE","SRI","SRRA","SRTSW"],"percent":"75.5%","estimatedTimeMinutes":8,"i":6060,"totalI":8023,"totalErrors":0,"errors":[]}
 {"time":1527487156550,"batchNames":["PDCE","PDLB","PDS","PEBK","PEGI","PEN","PERI","PETS","PEZ","PFE"],"percent":"75.7%","estimatedTimeMinutes":8,"i":6080,"totalI":8023,"totalErrors":0,"errors":[]}
 {"time":1527487165309,"batchNames":["PZC","PZT","QAI","QCLN","SSNT","SSTK","SSYS","STAR","STCN","STI"],"percent":"76%","estimatedTimeMinutes":8,"i":6100,"totalI":8023,"totalErrors":0,"errors":[]}
 {"time":1527487173636,"batchNames":["SVVC","SWJ","QDEF","QED","QGBR","RJF","RL","RLJ","RMBL","RMNI"],"percent":"76.2%","estimatedTimeMinutes":8,"i":6120,"totalI":8023,"totalErrors":0,"errors":[]}
 {"time":1527487182032,"batchNames":["RQI","RRTS","RSP","RSYS","RTM","RUN","RUTH","RVP","RWGE","RWLK"],"percent":"76.5%","estimatedTimeMinutes":8,"i":6140,"totalI":8023,"totalErrors":0,"errors":[]}
 {"time":1527487189916,"batchNames":["ROAM","RODM","ROKU","ROP","ROST","RPAI","RPT","RRC","RS","RSPP"],"percent":"76.7%","estimatedTimeMinutes":8,"i":6160,"totalI":8023,"totalErrors":0,"errors":[]}
 {"time":1527487198070,"batchNames":["QXTR","RACE","RAND","RAVN","RBCAA","RBUS","RCKT","RCON","RDFN","RDN"],"percent":"77%","estimatedTimeMinutes":8,"i":6180,"totalI":8023,"totalErrors":0,"errors":[]}
 {"time":1527487206829,"batchNames":["PIR","PJC","PKB","SWP","SXE","SYE","SYLD","SYNH","SYV","SZO"],"percent":"77.2%","estimatedTimeMinutes":8,"i":6200,"totalI":8023,"totalErrors":0,"errors":[]}
 {"time":1527487215229,"batchNames":["PMBC","PMM","PMT","PNF","PNNT","PNW","POPE","PPA","PPEM","PPLC"],"percent":"77.5%","estimatedTimeMinutes":7,"i":6220,"totalI":8023,"totalErrors":0,"errors":[]}
 {"time":1527487223425,"batchNames":["RVEN","RVRS","RWGE=","RWM","RWX","RXL","RYB","RYJ","RZA","SA"],"percent":"77.7%","estimatedTimeMinutes":7,"i":6240,"totalI":8023,"totalErrors":0,"errors":[]}
 {"time":1527487232607,"batchNames":["TBT","TCBIP","TCCO","TCI","TCPC","TCTL","TDC","TDIV","TDTT","TECH"],"percent":"78%","estimatedTimeMinutes":7,"i":6260,"totalI":8023,"totalErrors":0,"errors":[]}
 {"time":1527487241222,"batchNames":["REM","RENX","RETA","RWW","RXIIW","RYAM","RYI","RYU","S","SACH"],"percent":"78.2%","estimatedTimeMinutes":7,"i":6280,"totalI":8023,"totalErrors":0,"errors":[]}
 {"time":1527487249948,"batchNames":["RGT","RHS","RIF","RILYG","SAVE","SBBP","SBGI","SBLK","SBNYW","SBRA"],"percent":"78.5%","estimatedTimeMinutes":7,"i":6300,"totalI":8023,"totalErrors":0,"errors":[]}
 {"time":1527487258515,"batchNames":["SBLKZ","SBOT","SBRAP","SC","SCAP","SCHA","SCHF","SCHM","SCHV","SCID"],"percent":"78.7%","estimatedTimeMinutes":7,"i":6320,"totalI":8023,"totalErrors":0,"errors":[]}
 {"time":1527487268095,"batchNames":["SEMG","RING","RJA","RKDA","RLI","RMAX","PRT","PRTY","PSB","PSCF"],"percent":"79%","estimatedTimeMinutes":7,"i":6340,"totalI":8023,"totalErrors":0,"errors":[]}
 {"time":1527487276558,"batchNames":["THST","TIBRW","TILE","TIPZ","TIVO","TKR","TLH","TLRA","TLYS","TMHC"],"percent":"79.2%","estimatedTimeMinutes":7,"i":6360,"totalI":8023,"totalErrors":0,"errors":[]}
 {"time":1527487284866,"batchNames":["TREC","TRI","RMGN","RMTI","RNET","RNN","RNWK","ROCK","ROIC","ROM"],"percent":"79.5%","estimatedTimeMinutes":7,"i":6380,"totalI":8023,"totalErrors":0,"errors":[]}
 {"time":1527487293465,"batchNames":["SDOW","SDS","SE","SECO","SEF","SEM","SENS","SF","SFHY","SFM"],"percent":"79.7%","estimatedTimeMinutes":7,"i":6400,"totalI":8023,"totalErrors":0,"errors":[]}
 {"time":1527487302141,"batchNames":["PWZ","PXH","PXLW","PXS","PYDS","PYZ","PZI","QADA","QBAK","QCRH"],"percent":"80%","estimatedTimeMinutes":7,"i":6420,"totalI":8023,"totalErrors":0,"errors":[]}
 {"time":1527487311105,"batchNames":["QUS","QXMI","RA","RAIL","RAVE","RBBN","SEP","SFB","SFIG","SFNC"],"percent":"80.2%","estimatedTimeMinutes":7,"i":6440,"totalI":8023,"totalErrors":0,"errors":[]}
 {"time":1527487319971,"batchNames":["RYH","RYTM","RZV","SABR","SAFT","SAIC","SGMA","SGRP","SH","SHEN"],"percent":"80.5%","estimatedTimeMinutes":7,"i":6460,"totalI":8023,"totalErrors":0,"errors":[]}
 {"time":1527487328971,"batchNames":["SJNK","SKIS","SKY","SLB","SLDB","SLGN","SLNOW","TRMB","TRNC","TROX"],"percent":"80.7%","estimatedTimeMinutes":6,"i":6480,"totalI":8023,"totalErrors":0,"errors":[]}
 {"time":1527487337904,"batchNames":["SHW","SID","SIFY","SIJ","SIMO","SITE","SIZ","SJM","SKF","SAM"],"percent":"81%","estimatedTimeMinutes":6,"i":6500,"totalI":8023,"totalErrors":0,"errors":[]}
 {"time":1527487346818,"batchNames":["SCHD","SCHK","SCHP","SCHZ","SCIN","SCL","SCS","SCX","SDD","SDOG"],"percent":"81.2%","estimatedTimeMinutes":6,"i":6520,"totalI":8023,"totalErrors":0,"errors":[]}
 {"time":1527487356154,"batchNames":["TXRH","TYG","SKX","SLAB","SLDA","SLGL","SLNO","SLS","SLVP","SM"],"percent":"81.5%","estimatedTimeMinutes":6,"i":6540,"totalI":8023,"totalErrors":0,"errors":[]}
 {"time":1527487365074,"batchNames":["RDIB","RDVT","RECN","REFA","REGN","RELV","REN","RESI","REV","REZ"],"percent":"81.7%","estimatedTimeMinutes":6,"i":6560,"totalI":8023,"totalErrors":0,"errors":[]}
 {"time":1527487373881,"batchNames":["SMFG","SMI","SMLP","SMMT","SMPL","SMTS","SNBR","TYO","UAA","UAN"],"percent":"82%","estimatedTimeMinutes":6,"i":6580,"totalI":8023,"totalErrors":0,"errors":[]}
 {"time":1527487383097,"batchNames":["SON","SOVB","SP","SPCB","SPEM","SPH","SPI","SPLG","SPMD","SPNS"],"percent":"82.2%","estimatedTimeMinutes":6,"i":6600,"totalI":8023,"totalErrors":0,"errors":[]}
 {"time":1527487391900,"batchNames":["UDR","UEUR","UFPI","UGAZ","UGLD","UHT","UJB","ULE","ULVM","UMPQ"],"percent":"82.5%","estimatedTimeMinutes":6,"i":6620,"totalI":8023,"totalErrors":0,"errors":[]}
 {"time":1527487401590,"batchNames":["SNDX","SNGXW","SNLN","SNOA","SEB","SEED","SELF","SENEB","SESN","SFE"],"percent":"82.7%","estimatedTimeMinutes":6,"i":6640,"totalI":8023,"totalErrors":0,"errors":[]}
 {"time":1527487410602,"batchNames":["SHV","SHYL","SIFI","SIGM","SIM","SIRI","SIX","SJIU","SJW","SKT"],"percent":"83%","estimatedTimeMinutes":6,"i":6660,"totalI":8023,"totalErrors":0,"errors":[]}
 {"time":1527487419375,"batchNames":["SOHO","SOI","SOL","RIBTW","RIGS","RILYZ","RISE","RJN","RLGY","RLY"],"percent":"83.2%","estimatedTimeMinutes":6,"i":6680,"totalI":8023,"totalErrors":0,"errors":[]}
 {"time":1527487427998,"batchNames":["SPGI","SPHS","SPLB","SPLX","SPNE","SPPP","SPSC","SPTS","SPWH","SPXL"],"percent":"83.5%","estimatedTimeMinutes":6,"i":6700,"totalI":8023,"totalErrors":0,"errors":[]}
 {"time":1527487437586,"batchNames":["ROG","ROL","RORE","ROUS","RPD","RPUT","RRD","RSG","RST","RTH"],"percent":"83.7%","estimatedTimeMinutes":6,"i":6720,"totalI":8023,"totalErrors":0,"errors":[]}
 {"time":1527487447210,"batchNames":["SQM","SRAX","SRCLP","SRF","SRNE","SRT","SRVR","USCI","USDY","USG"],"percent":"84%","estimatedTimeMinutes":5,"i":6740,"totalI":8023,"totalErrors":0,"errors":[]}
 {"time":1527487457016,"batchNames":["VAMO","VBFC","VBR","SSFN","SSLJ","SSRM","SSWN","STAF","STBZ","STFC"],"percent":"84.2%","estimatedTimeMinutes":5,"i":6760,"totalI":8023,"totalErrors":0,"errors":[]}
 {"time":1527487466321,"batchNames":["SMHD","SSWA","SMLF","STAA","SMMD","STBA","SMN","STE","SMSI","STK"],"percent":"84.5%","estimatedTimeMinutes":5,"i":6780,"totalI":8023,"totalErrors":0,"errors":[]}
 {"time":1527487475181,"batchNames":["SNR","STXB","SNY","SUM","SOGO","SUP","SOHU","SUSB","SOJC","SVRA"],"percent":"84.7%","estimatedTimeMinutes":5,"i":6800,"totalI":8023,"totalErrors":0,"errors":[]}
 {"time":1527487484048,"batchNames":["SAA","VDE","SAFE","VEACW","SAH","VEGA","SALM","VERU","VFC","SUMR"],"percent":"85%","estimatedTimeMinutes":5,"i":6820,"totalI":8023,"totalErrors":0,"errors":[]}
 {"time":1527487493530,"batchNames":["VIG","SXC","VIOG","SYBT","VIRT","SYK","VIVO","SYNA","VKQ","SYPR"],"percent":"85.2%","estimatedTimeMinutes":5,"i":6840,"totalI":8023,"totalErrors":0,"errors":[]}
 {"time":1527487502724,"batchNames":["VNM","SBH","VNRX","SBM","VOE","SBOW","VOOG","SBS","VOYA","SCA"],"percent":"85.5%","estimatedTimeMinutes":5,"i":6860,"totalI":8023,"totalErrors":0,"errors":[]}
 {"time":1527487512303,"batchNames":["VSI","SCIF","VSS","SCJ","VTA","SCON","VTI","SCVL","VTNR","SD"],"percent":"85.7%","estimatedTimeMinutes":5,"i":6880,"totalI":8023,"totalErrors":0,"errors":[]}
 {"time":1527487522004,"batchNames":["SPPI","SPSB","SPTN","SPVU","SPXE","SPXU","SPYD","SQBG","SQZZ","SRCI"],"percent":"86%","estimatedTimeMinutes":5,"i":6900,"totalI":8023,"totalErrors":0,"errors":[]}
 {"time":1527487531985,"batchNames":["STDY","STIP","STLD","STML","STNL","STOT","STRM","STX","SUI","SUNW"],"percent":"86.2%","estimatedTimeMinutes":5,"i":6920,"totalI":8023,"totalErrors":0,"errors":[]}
 {"time":1527487541385,"batchNames":["SYNT","SEII","SYY","SEND","TA","SERV","TAGS","SFBC","TALO","SFIX"],"percent":"86.5%","estimatedTimeMinutes":5,"i":6940,"totalI":8023,"totalErrors":0,"errors":[]}
 {"time":1527487550140,"batchNames":["TCBK","SHAG","TCFC","SHG","TCO","SHLDW","TCRX","SHNY","TD","SHPG"],"percent":"86.7%","estimatedTimeMinutes":5,"i":6960,"totalI":8023,"totalErrors":0,"errors":[]}
 {"time":1527487559550,"batchNames":["SJB","SJR","SKM","SKYS","SLCA","SLDD","SLIM","SLP","SLTB","SLY"],"percent":"87%","estimatedTimeMinutes":4,"i":6980,"totalI":8023,"totalErrors":0,"errors":[]}
 {"time":1527487569903,"batchNames":["SNHNI","SNMX","SNP","SNV","SODA","SOHOK","SOJA","SONA","SOXL","TAHO"],"percent":"87.2%","estimatedTimeMinutes":4,"i":7000,"totalI":8023,"totalErrors":0,"errors":[]}
 {"time":1527487579920,"batchNames":["TBNK","SPMO","TCBI","SPOK","TCCA","SPRO","TCGP","SPTL","TCON","SPUU"],"percent":"87.5%","estimatedTimeMinutes":4,"i":7020,"totalI":8023,"totalErrors":0,"errors":[]}
 {"time":1527487590270,"batchNames":["TARO","TAYD","TBK","TBX","TCBIW","TCF","TCMD","TCRD","TCX","TDE"],"percent":"87.7%","estimatedTimeMinutes":4,"i":7040,"totalI":8023,"totalErrors":0,"errors":[]}
 {"time":1527487600669,"batchNames":["TGI","TERP","TGT","TEX","THG","TG","THR","TGH","TI","TGS"],"percent":"88%","estimatedTimeMinutes":4,"i":7060,"totalI":8023,"totalErrors":0,"errors":[]}
 {"time":1527487610609,"batchNames":["TLDH","TLI","TLRD","TM","TMK","TMST","TNC","TNTR","TOLZ","TOTL"],"percent":"88.2%","estimatedTimeMinutes":4,"i":7080,"totalI":8023,"totalErrors":0,"errors":[]}
 {"time":1527487620774,"batchNames":["TRT","TRUP","TRXC","TSCO","TSLA","SPXB","SPXS","SPY","SPYX","SQNS"],"percent":"88.5%","estimatedTimeMinutes":4,"i":7100,"totalI":8023,"totalErrors":0,"errors":[]}
 {"time":1527487630951,"batchNames":["STAG","STC","STG","STKS","STLRW","VVPR","STND","VWOB","STON","VXXB"],"percent":"88.7%","estimatedTimeMinutes":4,"i":7120,"totalI":8023,"totalErrors":0,"errors":[]}
 {"time":1527487640647,"batchNames":["SVA","WBIE","SVU","WBIL","SWIR","WBT","SWN","WCN","SXCP","SYBX"],"percent":"89%","estimatedTimeMinutes":4,"i":7140,"totalI":8023,"totalErrors":0,"errors":[]}
 {"time":1527487650522,"batchNames":["TAIL","WHF","TANH","TCRZ","TAP","TDA","TATT","TDG","TBF","TDS"],"percent":"89.2%","estimatedTimeMinutes":4,"i":7160,"totalI":8023,"totalErrors":0,"errors":[]}
 {"time":1527487660139,"batchNames":["TETF","TDACU","TFLO","TDI","TGB","TDTF","TGLS","TSQ","TGTX","TSU"],"percent":"89.5%","estimatedTimeMinutes":4,"i":7180,"totalI":8023,"totalErrors":0,"errors":[]}
 {"time":1527487670038,"batchNames":["TISI","TVIX","TKAT","TWIN","TWNK","TWX","TXT","TYHT","TYPE","UAE"],"percent":"89.7%","estimatedTimeMinutes":4,"i":7200,"totalI":8023,"totalErrors":0,"errors":[]}
 {"time":1527487679740,"batchNames":["UGBP","UGP","UIHC","UJPY","ULH","UMBF","TECD","TEDU","TELL","TER"],"percent":"90%","estimatedTimeMinutes":3,"i":7220,"totalI":8023,"totalErrors":0,"errors":[]}
 {"time":1527487689972,"batchNames":["UNFI","UNM","UONE","UPS","URBN","URR","TK","USAG","TLEH","USAT"],"percent":"90.2%","estimatedTimeMinutes":3,"i":7240,"totalI":8023,"totalErrors":0,"errors":[]}
 {"time":1527487700324,"batchNames":["TNDM","USRT","TNXP","UTES","TOO","UTL","TOUR","UTX","TPGE","UVSP"],"percent":"90.5%","estimatedTimeMinutes":3,"i":7260,"totalI":8023,"totalErrors":0,"errors":[]}
 {"time":1527487710523,"batchNames":["TRIL","VBTX","TRMK","VCLT","TRNS","VCTR","WHLRD","WIFI","WING","WIW"],"percent":"90.7%","estimatedTimeMinutes":3,"i":7280,"totalI":8023,"totalErrors":0,"errors":[]}
 {"time":1527487720890,"batchNames":["WSC","WSM","WSTL","WTI","WTR","WU","WVVIP","TIPX","TITN","TKC"],"percent":"91%","estimatedTimeMinutes":3,"i":7300,"totalI":8023,"totalErrors":0,"errors":[]}
 {"time":1527487731361,"batchNames":["TLF","TLND","TLTD","TMF","TMP","TMV","TNET","TOCA","TOPS","TRPX"],"percent":"91.2%","estimatedTimeMinutes":3,"i":7320,"totalI":8023,"totalErrors":0,"errors":[]}
 {"time":1527487741852,"batchNames":["TSLF","TRGP","TSRI","TRIP","TTAC","TRMT","TTEK","TROV","TTMI","TRQ"],"percent":"91.4%","estimatedTimeMinutes":3,"i":7340,"totalI":8023,"totalErrors":0,"errors":[]}
 {"time":1527487752551,"batchNames":["TWNKW","TSRO","TX","TTAI","TY","TTFS","TYL","TTNP","TZA","TPGH"],"percent":"91.7%","estimatedTimeMinutes":3,"i":7360,"totalI":8023,"totalErrors":0,"errors":[]}
 {"time":1527487763176,"batchNames":["TRVN","TSC","TSG","TSM","TSS","TTC","TTGT","TTOO","TTT","VDSI"],"percent":"91.9%","estimatedTimeMinutes":3,"i":7380,"totalI":8023,"totalErrors":0,"errors":[]}
 {"time":1527487773628,"batchNames":["VIOO","VIS","VIXM","VKTX","VLRS","VLY","VMIN","VNCE","VNO","VNTR"],"percent":"92.2%","estimatedTimeMinutes":3,"i":7400,"totalI":8023,"totalErrors":0,"errors":[]}
 {"time":1527487784113,"batchNames":["VTC","VTIP","VTR","VTWG","VUZI","VVR","VXF","WY","X","XCEM"],"percent":"92.4%","estimatedTimeMinutes":3,"i":7420,"totalI":8023,"totalErrors":0,"errors":[]}
 {"time":1527487794987,"batchNames":["TV","TVPT","TWM","TWO","TXMD","TYBS","TYME","TZOO","UAL","UBA"],"percent":"92.7%","estimatedTimeMinutes":2,"i":7440,"totalI":8023,"totalErrors":0,"errors":[]}
 {"time":1527487805587,"batchNames":["UHN","UITB","ULBI","ULTA","UMDD","UNAM","TTWO","UAG","TURN","UAVS"],"percent":"92.9%","estimatedTimeMinutes":2,"i":7460,"totalI":8023,"totalErrors":0,"errors":[]}
 {"time":1527487815895,"batchNames":["TYD","UDBI","TYNS","UA","UEC","UAMY","UFAB","UBC","UFS","UBM"],"percent":"93.2%","estimatedTimeMinutes":2,"i":7480,"totalI":8023,"totalErrors":0,"errors":[]}
 {"time":1527487826888,"batchNames":["UDOW","UN","UEPS","UNG","UFI","UNP","XOP","XPLR","XRLV","XSHD"],"percent":"93.4%","estimatedTimeMinutes":2,"i":7500,"totalI":8023,"totalErrors":0,"errors":[]}
 {"time":1527487837246,"batchNames":["ZAZZT","ZBZX","ZEN","ZG","ZIONZ","ZKIN","UGA","UGL","UHS","UIVM"],"percent":"93.7%","estimatedTimeMinutes":2,"i":7520,"totalI":8023,"totalErrors":0,"errors":[]}
 {"time":1527487848975,"batchNames":["USAP","USB","USDU","USFR","USLM","USMV","USOU","ZNH","ZS","ZTR"],"percent":"93.9%","estimatedTimeMinutes":2,"i":7540,"totalI":8023,"totalErrors":0,"errors":[]}
 {"time":1527487860577,"batchNames":["WCC","UNH","UNT","UPL","UPW","URG","URTY","USAK","USAU","USDP"],"percent":"94.2%","estimatedTimeMinutes":2,"i":7560,"totalI":8023,"totalErrors":0,"errors":[]}
 {"time":1527487871740,"batchNames":["V","VALX","VB","VBLT","VCEL","VCR","VCYT","VEAC","VEDL","WD"],"percent":"94.4%","estimatedTimeMinutes":2,"i":7580,"totalI":8023,"totalErrors":0,"errors":[]}
 {"time":1527487883767,"batchNames":["USATP","WHFBL","USD","WHLRP","USEQ","WIL","USL","WINS","USMC","WIX"],"percent":"94.7%","estimatedTimeMinutes":2,"i":7600,"totalI":8023,"totalErrors":0,"errors":[]}
 {"time":1527487894913,"batchNames":["UVV","WPC","UXI","WPS","UZC","WRB","VALU","WRK","VAW","WRLSW"],"percent":"94.9%","estimatedTimeMinutes":2,"i":7620,"totalI":8023,"totalErrors":0,"errors":[]}
 {"time":1527487905726,"batchNames":["VAM","VBF","VBND","VCF","VCRA","VDC","VEACU","VEEV","VERI","VEU"],"percent":"95.2%","estimatedTimeMinutes":1,"i":7640,"totalI":8023,"totalErrors":0,"errors":[]}
 {"time":1527487916926,"batchNames":["VLO","VLU","VMC","VMOT","VNLA","VNQI","VOD","VOO","VOXX","VER"],"percent":"95.4%","estimatedTimeMinutes":1,"i":7660,"totalI":8023,"totalErrors":0,"errors":[]}
 {"time":1527487928333,"batchNames":["VJET","VLGEA","VBK","VC","VCO","VCV","VEA","VECO","VEON","VET"],"percent":"95.7%","estimatedTimeMinutes":1,"i":7680,"totalI":8023,"totalErrors":0,"errors":[]}
 {"time":1527487939713,"batchNames":["VKTXW","VLRX","VMAX","VMM","VNDA","VNOM","VO","WTID","WTS","WUBA"],"percent":"95.9%","estimatedTimeMinutes":1,"i":7700,"totalI":8023,"totalErrors":0,"errors":[]}
 {"time":1527487951093,"batchNames":["XLV","XMX","XOM","XOXO","XPO","XRM","XSHQ","XSW","XTN","VLT"],"percent":"96.2%","estimatedTimeMinutes":1,"i":7720,"totalI":8023,"totalErrors":0,"errors":[]}
 {"time":1527487962405,"batchNames":["VRSN","VRTX","VSEC","VSM","VSTO","VTGN","VTL","VTSI","VTWV","VVC"],"percent":"96.4%","estimatedTimeMinutes":1,"i":7740,"totalI":8023,"totalErrors":0,"errors":[]}
 {"time":1527487974403,"batchNames":["WCG","WDC","VPV","VONG","VOT","VPL","VRA","VRNA","VRSK","VRTV"],"percent":"96.7%","estimatedTimeMinutes":1,"i":7760,"totalI":8023,"totalErrors":0,"errors":[]}
 {"time":1527487985548,"batchNames":["VXZB","VZA","WAFD","WALA","WBA","WBIB","WBIG","XXII","YCL","YESR"],"percent":"96.9%","estimatedTimeMinutes":1,"i":7780,"totalI":8023,"totalErrors":0,"errors":[]}
 {"time":1527487997310,"batchNames":["ZLAB","ZNWAA","ZSAN","ZTS","ZVZZT","ZYME","VREX","VRNT","VRTS","VRX"],"percent":"97.2%","estimatedTimeMinutes":1,"i":7800,"totalI":8023,"totalErrors":0,"errors":[]}
 {"time":1527488008358,"batchNames":["VYM","WAAS","WAGE","WAT","WBAL","WBID","WBII","WBS","WCHN","WEA"],"percent":"97.4%","estimatedTimeMinutes":1,"i":7820,"totalI":8023,"totalErrors":0,"errors":[]}
 {"time":1527488019893,"batchNames":["WEAR","WELL","WEX","WFIG","WHD","WHLR","WIA","WINA","WIT","WLDN"],"percent":"97.7%","estimatedTimeMinutes":0,"i":7840,"totalI":8023,"totalErrors":0,"errors":[]}
 {"time":1527488031485,"batchNames":["WSKY","WSTG","WTFCW","WTMF","WTW","WVVI","WWW","WYY","XBIT","XEL"],"percent":"97.9%","estimatedTimeMinutes":0,"i":7860,"totalI":8023,"totalErrors":0,"errors":[]}
 {"time":1527488042930,"batchNames":["WGO","WHG","WHLRW","WILC","WIP","WK","WLH","WM","WMGIZ","WLK"],"percent":"98.2%","estimatedTimeMinutes":0,"i":7880,"totalI":8023,"totalErrors":0,"errors":[]}
 {"time":1527488054638,"batchNames":["WST","WTFCM","WTM","WTTR","WVFC","WWR","WYNN","XBIO","XEC","XENT"],"percent":"98.4%","estimatedTimeMinutes":0,"i":7900,"totalI":8023,"totalErrors":0,"errors":[]}
 {"time":1527488065968,"batchNames":["WSR","WTFC","WTIU","WTT","WVE","WWE","WYN","XBI","XDIV","XENE"],"percent":"98.7%","estimatedTimeMinutes":0,"i":7920,"totalI":8023,"totalErrors":0,"errors":[]}
 {"time":1527488077637,"batchNames":["XLG","XLRE","XME","XNET","XON","XPH","XRAY","XRX","XSOE","XTH"],"percent":"98.9%","estimatedTimeMinutes":0,"i":7940,"totalI":8023,"totalErrors":0,"errors":[]}
 {"time":1527488088920,"batchNames":["ZDGE","ZF","ZION","ZIXI","ZN","ZOM","ZTEST","ZUO","ZX","XL"],"percent":"99.2%","estimatedTimeMinutes":0,"i":7960,"totalI":8023,"totalErrors":0,"errors":[]}
 {"time":1527488100643,"batchNames":["XVZ","YANG","YECO","YGYI","YLDE","YORW","YTEN","YXI","ZAYO","ZBRA"],"percent":"99.4%","estimatedTimeMinutes":0,"i":7980,"totalI":8023,"totalErrors":0,"errors":[]}
 {"time":1527488112117,"batchNames":["YEXT","YLCO","YNDX","YRD","YUMA","Z","ZBIO","ZCZZT","ZEXIT","ZIEXT"],"percent":"99.7%","estimatedTimeMinutes":0,"i":8000,"totalI":8023,"totalErrors":0,"errors":[]}
 {"time":1527488123269,"batchNames":["ZTO","ZVV","ZXIET"],"percent":"99.9%","estimatedTimeMinutes":0,"i":8020,"totalI":8023,"totalErrors":0,"errors":[]}
 ["done",1527488123281,{"name":"bound addSMARISBBANDToStocks","errors":[]}]