
 ["start",{"name":"fetchAndMapCharts","i":0,"batchSize":100,"totalI":8073},1527472627296]
 ["start",{"name":"fetchAndMapCharts","i":0,"batchSize":100,"totalI":8073},1527473720013]
 {"time":1527473765053,"percent":"0%","estimatedTimeMinutes":6059,"i":0,"totalI":8073,"totalErrors":0,"errors":[]}
 {"time":1527473809457,"percent":"1.2%","estimatedTimeMinutes":117,"i":100,"totalI":8073,"totalErrors":0,"errors":[]}
 ["start",{"name":"fetchAndMapCharts","i":0,"batchSize":100,"totalI":8073},1527473878306]
 {"time":1527473923423,"percent":"0%","estimatedTimeMinutes":6070,"i":0,"totalI":8073,"totalErrors":0,"errors":[]}
 {"time":1527473967419,"percent":"1.2%","estimatedTimeMinutes":117,"i":100,"totalI":8073,"totalErrors":0,"errors":[]}
 {"time":1527474008835,"percent":"2.4%","estimatedTimeMinutes":85,"i":200,"totalI":8073,"totalErrors":0,"errors":[]}
 {"time":1527474048319,"percent":"3.7%","estimatedTimeMinutes":73,"i":300,"totalI":8073,"totalErrors":0,"errors":[]}
 {"time":1527474089581,"percent":"4.9%","estimatedTimeMinutes":67,"i":400,"totalI":8073,"totalErrors":0,"errors":[]}
 {"time":1527474139887,"percent":"6.2%","estimatedTimeMinutes":65,"i":500,"totalI":8073,"totalErrors":0,"errors":[]}
 {"time":1527474201633,"percent":"8.6%","estimatedTimeMinutes":56,"i":700,"totalI":8073,"totalErrors":0,"errors":[[{},600]]}
 {"time":1527474358345,"percent":"9.9%","estimatedTimeMinutes":72,"i":800,"totalI":8073,"totalErrors":1,"errors":[]}
 {"time":1527474437915,"percent":"11.1%","estimatedTimeMinutes":74,"i":900,"totalI":8073,"totalErrors":1,"errors":[]}
 {"time":1527474503623,"percent":"12.3%","estimatedTimeMinutes":73,"i":1000,"totalI":8073,"totalErrors":1,"errors":[]}
 {"time":1527474547104,"percent":"13.6%","estimatedTimeMinutes":70,"i":1100,"totalI":8073,"totalErrors":1,"errors":[]}
 {"time":1527474624097,"percent":"14.8%","estimatedTimeMinutes":71,"i":1200,"totalI":8073,"totalErrors":1,"errors":[]}
 {"time":1527474690948,"percent":"17.3%","estimatedTimeMinutes":64,"i":1400,"totalI":8073,"totalErrors":1,"errors":[[{},1300]]}
 {"time":1527474761579,"percent":"18.5%","estimatedTimeMinutes":64,"i":1500,"totalI":8073,"totalErrors":2,"errors":[]}
 {"time":1527474805178,"percent":"19.8%","estimatedTimeMinutes":62,"i":1600,"totalI":8073,"totalErrors":2,"errors":[]}
 {"time":1527474843010,"percent":"21%","estimatedTimeMinutes":60,"i":1700,"totalI":8073,"totalErrors":2,"errors":[]}
 {"time":1527474885561,"percent":"23.5%","estimatedTimeMinutes":54,"i":1900,"totalI":8073,"totalErrors":2,"errors":[[{"name":"MongoError","message":"Operation aborted because: collection going away","driver":true,"index":0,"code":175,"errmsg":"Operation aborted because: collection going away"},1800]]}
 {"time":1527474885563,"percent":"24.7%","estimatedTimeMinutes":50,"i":2000,"totalI":8073,"totalErrors":3,"errors":[]}
 {"time":1527474885565,"percent":"26%","estimatedTimeMinutes":47,"i":2100,"totalI":8073,"totalErrors":3,"errors":[]}
 {"time":1527474885567,"percent":"27.2%","estimatedTimeMinutes":44,"i":2200,"totalI":8073,"totalErrors":3,"errors":[]}
 {"time":1527474885568,"percent":"28.5%","estimatedTimeMinutes":42,"i":2300,"totalI":8073,"totalErrors":3,"errors":[]}
 {"time":1527474885570,"percent":"29.7%","estimatedTimeMinutes":39,"i":2400,"totalI":8073,"totalErrors":3,"errors":[]}
 {"time":1527474885572,"percent":"30.9%","estimatedTimeMinutes":37,"i":2500,"totalI":8073,"totalErrors":3,"errors":[]}
 {"time":1527474885573,"percent":"32.2%","estimatedTimeMinutes":35,"i":2600,"totalI":8073,"totalErrors":3,"errors":[]}
 {"time":1527474885574,"percent":"33.4%","estimatedTimeMinutes":33,"i":2700,"totalI":8073,"totalErrors":3,"errors":[]}
 {"time":1527474885575,"percent":"34.6%","estimatedTimeMinutes":31,"i":2800,"totalI":8073,"totalErrors":3,"errors":[]}
 {"time":1527474885577,"percent":"35.9%","estimatedTimeMinutes":29,"i":2900,"totalI":8073,"totalErrors":3,"errors":[]}
 {"time":1527474885578,"percent":"37.1%","estimatedTimeMinutes":28,"i":3000,"totalI":8073,"totalErrors":3,"errors":[]}
 {"time":1527474885579,"percent":"38.4%","estimatedTimeMinutes":26,"i":3100,"totalI":8073,"totalErrors":3,"errors":[]}
 {"time":1527474885580,"percent":"39.6%","estimatedTimeMinutes":25,"i":3200,"totalI":8073,"totalErrors":3,"errors":[]}
 {"time":1527474885581,"percent":"40.8%","estimatedTimeMinutes":24,"i":3300,"totalI":8073,"totalErrors":3,"errors":[]}
 {"time":1527474885583,"percent":"42.1%","estimatedTimeMinutes":23,"i":3400,"totalI":8073,"totalErrors":3,"errors":[]}
 {"time":1527474885584,"percent":"43.3%","estimatedTimeMinutes":21,"i":3500,"totalI":8073,"totalErrors":3,"errors":[]}
 {"time":1527474885585,"percent":"44.6%","estimatedTimeMinutes":20,"i":3600,"totalI":8073,"totalErrors":3,"errors":[]}
 {"time":1527474885586,"percent":"45.8%","estimatedTimeMinutes":19,"i":3700,"totalI":8073,"totalErrors":3,"errors":[]}
 {"time":1527474885587,"percent":"47%","estimatedTimeMinutes":18,"i":3800,"totalI":8073,"totalErrors":3,"errors":[]}
 {"time":1527474885588,"percent":"48.3%","estimatedTimeMinutes":17,"i":3900,"totalI":8073,"totalErrors":3,"errors":[]}
 {"time":1527474885589,"percent":"49.5%","estimatedTimeMinutes":17,"i":4000,"totalI":8073,"totalErrors":3,"errors":[]}
 {"time":1527474885591,"percent":"50.7%","estimatedTimeMinutes":16,"i":4100,"totalI":8073,"totalErrors":3,"errors":[]}
 {"time":1527474885592,"percent":"52%","estimatedTimeMinutes":15,"i":4200,"totalI":8073,"totalErrors":3,"errors":[]}
 {"time":1527474885593,"percent":"53.2%","estimatedTimeMinutes":14,"i":4300,"totalI":8073,"totalErrors":3,"errors":[]}
 {"time":1527474885594,"percent":"54.5%","estimatedTimeMinutes":14,"i":4400,"totalI":8073,"totalErrors":3,"errors":[]}
 {"time":1527474885595,"percent":"55.7%","estimatedTimeMinutes":13,"i":4500,"totalI":8073,"totalErrors":3,"errors":[]}
 {"time":1527474885596,"percent":"56.9%","estimatedTimeMinutes":12,"i":4600,"totalI":8073,"totalErrors":3,"errors":[]}
 {"time":1527474885598,"percent":"58.2%","estimatedTimeMinutes":12,"i":4700,"totalI":8073,"totalErrors":3,"errors":[]}
 {"time":1527474885599,"percent":"59.4%","estimatedTimeMinutes":11,"i":4800,"totalI":8073,"totalErrors":3,"errors":[]}
 {"time":1527474885600,"percent":"60.7%","estimatedTimeMinutes":10,"i":4900,"totalI":8073,"totalErrors":3,"errors":[]}
 {"time":1527474885601,"percent":"61.9%","estimatedTimeMinutes":10,"i":5000,"totalI":8073,"totalErrors":3,"errors":[]}
 {"time":1527474885602,"percent":"63.1%","estimatedTimeMinutes":9,"i":5100,"totalI":8073,"totalErrors":3,"errors":[]}
 {"time":1527474885603,"percent":"64.4%","estimatedTimeMinutes":9,"i":5200,"totalI":8073,"totalErrors":3,"errors":[]}
 {"time":1527474885604,"percent":"65.6%","estimatedTimeMinutes":8,"i":5300,"totalI":8073,"totalErrors":3,"errors":[]}
 {"time":1527474885606,"percent":"66.9%","estimatedTimeMinutes":8,"i":5400,"totalI":8073,"totalErrors":3,"errors":[]}
 {"time":1527474885607,"percent":"68.1%","estimatedTimeMinutes":7,"i":5500,"totalI":8073,"totalErrors":3,"errors":[]}
 {"time":1527474885608,"percent":"69.3%","estimatedTimeMinutes":7,"i":5600,"totalI":8073,"totalErrors":3,"errors":[]}
 {"time":1527474885609,"percent":"70.6%","estimatedTimeMinutes":6,"i":5700,"totalI":8073,"totalErrors":3,"errors":[]}
 {"time":1527474885610,"percent":"71.8%","estimatedTimeMinutes":6,"i":5800,"totalI":8073,"totalErrors":3,"errors":[]}
 {"time":1527474885611,"percent":"73%","estimatedTimeMinutes":6,"i":5900,"totalI":8073,"totalErrors":3,"errors":[]}
 {"time":1527474885612,"percent":"74.3%","estimatedTimeMinutes":5,"i":6000,"totalI":8073,"totalErrors":3,"errors":[]}
 {"time":1527474885614,"percent":"75.5%","estimatedTimeMinutes":5,"i":6100,"totalI":8073,"totalErrors":3,"errors":[]}
 {"time":1527474885615,"percent":"76.8%","estimatedTimeMinutes":5,"i":6200,"totalI":8073,"totalErrors":3,"errors":[]}
 {"time":1527474885616,"percent":"78%","estimatedTimeMinutes":4,"i":6300,"totalI":8073,"totalErrors":3,"errors":[]}
 {"time":1527474885618,"percent":"79.2%","estimatedTimeMinutes":4,"i":6400,"totalI":8073,"totalErrors":3,"errors":[]}
 {"time":1527474885620,"percent":"80.5%","estimatedTimeMinutes":4,"i":6500,"totalI":8073,"totalErrors":3,"errors":[]}
 {"time":1527474885621,"percent":"81.7%","estimatedTimeMinutes":3,"i":6600,"totalI":8073,"totalErrors":3,"errors":[]}
 {"time":1527474885623,"percent":"83%","estimatedTimeMinutes":3,"i":6700,"totalI":8073,"totalErrors":3,"errors":[]}
 {"time":1527474885624,"percent":"84.2%","estimatedTimeMinutes":3,"i":6800,"totalI":8073,"totalErrors":3,"errors":[]}
 {"time":1527474885625,"percent":"85.4%","estimatedTimeMinutes":2,"i":6900,"totalI":8073,"totalErrors":3,"errors":[]}
 {"time":1527474885627,"percent":"86.7%","estimatedTimeMinutes":2,"i":7000,"totalI":8073,"totalErrors":3,"errors":[]}
 {"time":1527474885628,"percent":"87.9%","estimatedTimeMinutes":2,"i":7100,"totalI":8073,"totalErrors":3,"errors":[]}
 {"time":1527474885629,"percent":"89.1%","estimatedTimeMinutes":2,"i":7200,"totalI":8073,"totalErrors":3,"errors":[]}
 {"time":1527474885630,"percent":"90.4%","estimatedTimeMinutes":1,"i":7300,"totalI":8073,"totalErrors":3,"errors":[]}
 {"time":1527474885631,"percent":"91.6%","estimatedTimeMinutes":1,"i":7400,"totalI":8073,"totalErrors":3,"errors":[]}
 {"time":1527474885633,"percent":"92.9%","estimatedTimeMinutes":1,"i":7500,"totalI":8073,"totalErrors":3,"errors":[]}
 {"time":1527474885634,"percent":"94.1%","estimatedTimeMinutes":1,"i":7600,"totalI":8073,"totalErrors":3,"errors":[]}
 {"time":1527474885636,"percent":"95.3%","estimatedTimeMinutes":0,"i":7700,"totalI":8073,"totalErrors":3,"errors":[]}
 {"time":1527474885637,"percent":"96.6%","estimatedTimeMinutes":0,"i":7800,"totalI":8073,"totalErrors":3,"errors":[]}
 {"time":1527474885638,"percent":"97.8%","estimatedTimeMinutes":0,"i":7900,"totalI":8073,"totalErrors":3,"errors":[]}
 {"time":1527474885639,"percent":"99.1%","estimatedTimeMinutes":0,"i":8000,"totalI":8073,"totalErrors":3,"errors":[]}
 ["done",1527474885640,{"name":"fetchAndMapCharts","errors":[]}]
 ["start",{"name":"fetchAndMapCharts","i":0,"batchSize":100,"totalI":8073},1527474949845]
 ["start",{"name":"fetchAndMapCharts","i":0,"batchSize":100,"totalI":8073},1527475010027]
 {"time":1527475056476,"percent":"0%","estimatedTimeMinutes":6249,"i":0,"totalI":8073,"totalErrors":0,"errors":[]}
 {"time":1527475096458,"percent":"1.2%","estimatedTimeMinutes":113,"i":100,"totalI":8073,"totalErrors":0,"errors":[]}
 {"time":1527475136943,"percent":"2.4%","estimatedTimeMinutes":82,"i":200,"totalI":8073,"totalErrors":0,"errors":[]}
 {"time":1527475192498,"percent":"3.7%","estimatedTimeMinutes":78,"i":300,"totalI":8073,"totalErrors":0,"errors":[]}
 {"time":1527475231217,"percent":"4.9%","estimatedTimeMinutes":70,"i":400,"totalI":8073,"totalErrors":0,"errors":[]}
 {"time":1527475269803,"percent":"6.2%","estimatedTimeMinutes":65,"i":500,"totalI":8073,"totalErrors":0,"errors":[]}
 {"time":1527475313750,"percent":"7.4%","estimatedTimeMinutes":62,"i":600,"totalI":8073,"totalErrors":0,"errors":[]}
 {"time":1527475353699,"percent":"8.6%","estimatedTimeMinutes":60,"i":700,"totalI":8073,"totalErrors":0,"errors":[]}
 {"time":1527475398867,"percent":"9.9%","estimatedTimeMinutes":58,"i":800,"totalI":8073,"totalErrors":0,"errors":[]}
 {"time":1527475446234,"percent":"11.1%","estimatedTimeMinutes":57,"i":900,"totalI":8073,"totalErrors":0,"errors":[]}
 {"time":1527475486824,"percent":"12.3%","estimatedTimeMinutes":56,"i":1000,"totalI":8073,"totalErrors":0,"errors":[]}
 {"time":1527475531148,"percent":"13.6%","estimatedTimeMinutes":55,"i":1100,"totalI":8073,"totalErrors":0,"errors":[]}
 {"time":1527475576760,"percent":"14.8%","estimatedTimeMinutes":54,"i":1200,"totalI":8073,"totalErrors":0,"errors":[]}
 {"time":1527475628617,"percent":"16.1%","estimatedTimeMinutes":53,"i":1300,"totalI":8073,"totalErrors":0,"errors":[]}
 {"time":1527475700288,"percent":"17.3%","estimatedTimeMinutes":54,"i":1400,"totalI":8073,"totalErrors":0,"errors":[]}
 {"time":1527475747366,"percent":"18.5%","estimatedTimeMinutes":53,"i":1500,"totalI":8073,"totalErrors":0,"errors":[]}
 {"time":1527475843409,"percent":"19.8%","estimatedTimeMinutes":56,"i":1600,"totalI":8073,"totalErrors":0,"errors":[]}
 {"time":1527475900234,"percent":"21%","estimatedTimeMinutes":55,"i":1700,"totalI":8073,"totalErrors":0,"errors":[]}
 {"time":1527475943446,"percent":"22.3%","estimatedTimeMinutes":54,"i":1800,"totalI":8073,"totalErrors":0,"errors":[]}
 {"time":1527475985339,"percent":"23.5%","estimatedTimeMinutes":52,"i":1900,"totalI":8073,"totalErrors":0,"errors":[]}
 {"time":1527476029828,"percent":"24.7%","estimatedTimeMinutes":51,"i":2000,"totalI":8073,"totalErrors":0,"errors":[]}
 {"time":1527476160687,"percent":"26%","estimatedTimeMinutes":54,"i":2100,"totalI":8073,"totalErrors":0,"errors":[]}
 {"time":1527476206357,"percent":"27.2%","estimatedTimeMinutes":53,"i":2200,"totalI":8073,"totalErrors":0,"errors":[]}
 {"time":1527476254798,"percent":"28.5%","estimatedTimeMinutes":52,"i":2300,"totalI":8073,"totalErrors":0,"errors":[]}
 {"time":1527476301782,"percent":"29.7%","estimatedTimeMinutes":50,"i":2400,"totalI":8073,"totalErrors":0,"errors":[]}
 {"time":1527476342070,"percent":"30.9%","estimatedTimeMinutes":49,"i":2500,"totalI":8073,"totalErrors":0,"errors":[]}
 {"time":1527476387327,"percent":"32.2%","estimatedTimeMinutes":48,"i":2600,"totalI":8073,"totalErrors":0,"errors":[]}
 {"time":1527476432418,"percent":"33.4%","estimatedTimeMinutes":47,"i":2700,"totalI":8073,"totalErrors":0,"errors":[]}
 {"time":1527476481962,"percent":"34.6%","estimatedTimeMinutes":46,"i":2800,"totalI":8073,"totalErrors":0,"errors":[]}
 {"time":1527476527718,"percent":"35.9%","estimatedTimeMinutes":45,"i":2900,"totalI":8073,"totalErrors":0,"errors":[]}
 {"time":1527476565675,"percent":"37.1%","estimatedTimeMinutes":43,"i":3000,"totalI":8073,"totalErrors":0,"errors":[]}
 {"time":1527476604002,"percent":"38.4%","estimatedTimeMinutes":42,"i":3100,"totalI":8073,"totalErrors":0,"errors":[]}
 {"time":1527476635671,"percent":"39.6%","estimatedTimeMinutes":41,"i":3200,"totalI":8073,"totalErrors":0,"errors":[]}
 ["start",{"name":"fetchAndMapCharts","i":0,"batchSize":100,"totalI":8023},1527476782185]
 {"time":1527476826683,"percent":"0%","estimatedTimeMinutes":5949,"i":0,"totalI":8023,"totalErrors":0,"errors":[]}
 {"time":1527476866405,"percent":"1.2%","estimatedTimeMinutes":110,"i":100,"totalI":8023,"totalErrors":0,"errors":[]}
 {"time":1527476903014,"percent":"2.5%","estimatedTimeMinutes":78,"i":200,"totalI":8023,"totalErrors":0,"errors":[]}
 {"time":1527476935440,"percent":"3.7%","estimatedTimeMinutes":65,"i":300,"totalI":8023,"totalErrors":0,"errors":[]}
 {"time":1527476973789,"percent":"4.9%","estimatedTimeMinutes":60,"i":400,"totalI":8023,"totalErrors":0,"errors":[]}
 {"time":1527477010485,"percent":"6.2%","estimatedTimeMinutes":57,"i":500,"totalI":8023,"totalErrors":0,"errors":[]}
 {"time":1527477047911,"percent":"7.4%","estimatedTimeMinutes":54,"i":600,"totalI":8023,"totalErrors":0,"errors":[]}
 {"time":1527477088441,"percent":"8.7%","estimatedTimeMinutes":53,"i":700,"totalI":8023,"totalErrors":0,"errors":[]}
 {"time":1527477122505,"percent":"9.9%","estimatedTimeMinutes":51,"i":800,"totalI":8023,"totalErrors":0,"errors":[]}
 {"time":1527477158410,"percent":"11.2%","estimatedTimeMinutes":49,"i":900,"totalI":8023,"totalErrors":0,"errors":[]}
 {"time":1527477197385,"percent":"12.4%","estimatedTimeMinutes":48,"i":1000,"totalI":8023,"totalErrors":0,"errors":[]}
 {"time":1527477233383,"percent":"13.7%","estimatedTimeMinutes":47,"i":1100,"totalI":8023,"totalErrors":0,"errors":[]}
 {"time":1527477269372,"percent":"14.9%","estimatedTimeMinutes":46,"i":1200,"totalI":8023,"totalErrors":0,"errors":[]}
 {"time":1527477301175,"percent":"16.2%","estimatedTimeMinutes":44,"i":1300,"totalI":8023,"totalErrors":0,"errors":[]}
 {"time":1527477340944,"percent":"17.4%","estimatedTimeMinutes":44,"i":1400,"totalI":8023,"totalErrors":0,"errors":[]}
 {"time":1527477377180,"percent":"18.7%","estimatedTimeMinutes":43,"i":1500,"totalI":8023,"totalErrors":0,"errors":[]}
 {"time":1527477413202,"percent":"19.9%","estimatedTimeMinutes":42,"i":1600,"totalI":8023,"totalErrors":0,"errors":[]}
 {"time":1527477447248,"percent":"21.2%","estimatedTimeMinutes":41,"i":1700,"totalI":8023,"totalErrors":0,"errors":[]}
 {"time":1527477480769,"percent":"22.4%","estimatedTimeMinutes":40,"i":1800,"totalI":8023,"totalErrors":0,"errors":[]}
 {"time":1527477515148,"percent":"23.6%","estimatedTimeMinutes":39,"i":1900,"totalI":8023,"totalErrors":0,"errors":[]}
 {"time":1527477553670,"percent":"24.9%","estimatedTimeMinutes":38,"i":2000,"totalI":8023,"totalErrors":0,"errors":[]}
 {"time":1527477593330,"percent":"26.1%","estimatedTimeMinutes":38,"i":2100,"totalI":8023,"totalErrors":0,"errors":[]}
 {"time":1527477630548,"percent":"27.4%","estimatedTimeMinutes":37,"i":2200,"totalI":8023,"totalErrors":0,"errors":[]}
 {"time":1527477665326,"percent":"28.6%","estimatedTimeMinutes":36,"i":2300,"totalI":8023,"totalErrors":0,"errors":[]}
 {"time":1527477706289,"percent":"29.9%","estimatedTimeMinutes":36,"i":2400,"totalI":8023,"totalErrors":0,"errors":[]}
 {"time":1527477740850,"percent":"31.1%","estimatedTimeMinutes":35,"i":2500,"totalI":8023,"totalErrors":0,"errors":[]}
 {"time":1527477771098,"percent":"32.4%","estimatedTimeMinutes":34,"i":2600,"totalI":8023,"totalErrors":0,"errors":[]}
 {"time":1527477805626,"percent":"33.6%","estimatedTimeMinutes":33,"i":2700,"totalI":8023,"totalErrors":0,"errors":[]}
 {"time":1527477841534,"percent":"34.9%","estimatedTimeMinutes":32,"i":2800,"totalI":8023,"totalErrors":0,"errors":[]}
 {"time":1527477879071,"percent":"36.1%","estimatedTimeMinutes":32,"i":2900,"totalI":8023,"totalErrors":0,"errors":[]}
 {"time":1527477916681,"percent":"37.4%","estimatedTimeMinutes":31,"i":3000,"totalI":8023,"totalErrors":0,"errors":[]}
 {"time":1527477950881,"percent":"38.6%","estimatedTimeMinutes":30,"i":3100,"totalI":8023,"totalErrors":0,"errors":[]}
 {"time":1527477987665,"percent":"39.8%","estimatedTimeMinutes":30,"i":3200,"totalI":8023,"totalErrors":0,"errors":[]}
 {"time":1527478021728,"percent":"41.1%","estimatedTimeMinutes":29,"i":3300,"totalI":8023,"totalErrors":0,"errors":[]}
 {"time":1527478060686,"percent":"42.3%","estimatedTimeMinutes":28,"i":3400,"totalI":8023,"totalErrors":0,"errors":[]}
 {"time":1527478093600,"percent":"43.6%","estimatedTimeMinutes":28,"i":3500,"totalI":8023,"totalErrors":0,"errors":[]}
 {"time":1527478128743,"percent":"44.8%","estimatedTimeMinutes":27,"i":3600,"totalI":8023,"totalErrors":0,"errors":[]}
 {"time":1527478170403,"percent":"46.1%","estimatedTimeMinutes":27,"i":3700,"totalI":8023,"totalErrors":0,"errors":[]}
 {"time":1527478209692,"percent":"47.3%","estimatedTimeMinutes":26,"i":3800,"totalI":8023,"totalErrors":0,"errors":[]}
 {"time":1527478247427,"percent":"48.6%","estimatedTimeMinutes":25,"i":3900,"totalI":8023,"totalErrors":0,"errors":[]}
 {"time":1527478271264,"percent":"49.8%","estimatedTimeMinutes":24,"i":4000,"totalI":8023,"totalErrors":0,"errors":[]}
 {"time":1527478301322,"percent":"51.1%","estimatedTimeMinutes":24,"i":4100,"totalI":8023,"totalErrors":0,"errors":[]}
 {"time":1527478329256,"percent":"52.3%","estimatedTimeMinutes":23,"i":4200,"totalI":8023,"totalErrors":0,"errors":[]}
 {"time":1527478358997,"percent":"53.6%","estimatedTimeMinutes":22,"i":4300,"totalI":8023,"totalErrors":0,"errors":[]}
 {"time":1527478389184,"percent":"54.8%","estimatedTimeMinutes":22,"i":4400,"totalI":8023,"totalErrors":0,"errors":[]}
 {"time":1527478422055,"percent":"56.1%","estimatedTimeMinutes":21,"i":4500,"totalI":8023,"totalErrors":0,"errors":[]}
 {"time":1527478454127,"percent":"57.3%","estimatedTimeMinutes":20,"i":4600,"totalI":8023,"totalErrors":0,"errors":[]}
 {"time":1527478486353,"percent":"58.5%","estimatedTimeMinutes":20,"i":4700,"totalI":8023,"totalErrors":0,"errors":[]}
 {"time":1527478523194,"percent":"59.8%","estimatedTimeMinutes":19,"i":4800,"totalI":8023,"totalErrors":0,"errors":[]}
 {"time":1527478554084,"percent":"61%","estimatedTimeMinutes":18,"i":4900,"totalI":8023,"totalErrors":0,"errors":[]}
 {"time":1527478589511,"percent":"62.3%","estimatedTimeMinutes":18,"i":5000,"totalI":8023,"totalErrors":0,"errors":[]}
 {"time":1527478624216,"percent":"63.5%","estimatedTimeMinutes":17,"i":5100,"totalI":8023,"totalErrors":0,"errors":[]}
 {"time":1527478661898,"percent":"64.8%","estimatedTimeMinutes":17,"i":5200,"totalI":8023,"totalErrors":0,"errors":[]}
 {"time":1527478697865,"percent":"66%","estimatedTimeMinutes":16,"i":5300,"totalI":8023,"totalErrors":0,"errors":[]}
 {"time":1527478730362,"percent":"67.3%","estimatedTimeMinutes":15,"i":5400,"totalI":8023,"totalErrors":0,"errors":[]}
 {"time":1527478768077,"percent":"68.5%","estimatedTimeMinutes":15,"i":5500,"totalI":8023,"totalErrors":0,"errors":[]}
 {"time":1527478801597,"percent":"69.8%","estimatedTimeMinutes":14,"i":5600,"totalI":8023,"totalErrors":0,"errors":[]}
 {"time":1527478837706,"percent":"71%","estimatedTimeMinutes":13,"i":5700,"totalI":8023,"totalErrors":0,"errors":[]}
 {"time":1527478870083,"percent":"72.3%","estimatedTimeMinutes":13,"i":5800,"totalI":8023,"totalErrors":0,"errors":[]}
 {"time":1527478908332,"percent":"73.5%","estimatedTimeMinutes":12,"i":5900,"totalI":8023,"totalErrors":0,"errors":[]}
 {"time":1527478942726,"percent":"74.7%","estimatedTimeMinutes":12,"i":6000,"totalI":8023,"totalErrors":0,"errors":[]}
 {"time":1527478978256,"percent":"76%","estimatedTimeMinutes":11,"i":6100,"totalI":8023,"totalErrors":0,"errors":[]}
 {"time":1527479022142,"percent":"77.2%","estimatedTimeMinutes":10,"i":6200,"totalI":8023,"totalErrors":0,"errors":[]}
 {"time":1527479062948,"percent":"78.5%","estimatedTimeMinutes":10,"i":6300,"totalI":8023,"totalErrors":0,"errors":[]}
 {"time":1527479104460,"percent":"79.7%","estimatedTimeMinutes":9,"i":6400,"totalI":8023,"totalErrors":0,"errors":[]}
 {"time":1527479145863,"percent":"81%","estimatedTimeMinutes":9,"i":6500,"totalI":8023,"totalErrors":0,"errors":[]}
 {"time":1527479187372,"percent":"82.2%","estimatedTimeMinutes":8,"i":6600,"totalI":8023,"totalErrors":0,"errors":[]}
 {"time":1527479230265,"percent":"83.5%","estimatedTimeMinutes":8,"i":6700,"totalI":8023,"totalErrors":0,"errors":[]}
 {"time":1527479275576,"percent":"84.7%","estimatedTimeMinutes":7,"i":6800,"totalI":8023,"totalErrors":0,"errors":[]}
 {"time":1527479323055,"percent":"86%","estimatedTimeMinutes":6,"i":6900,"totalI":8023,"totalErrors":0,"errors":[]}
 {"time":1527479366714,"percent":"87.2%","estimatedTimeMinutes":6,"i":7000,"totalI":8023,"totalErrors":0,"errors":[]}
 {"time":1527479410694,"percent":"88.5%","estimatedTimeMinutes":5,"i":7100,"totalI":8023,"totalErrors":0,"errors":[]}
 {"time":1527479452131,"percent":"89.7%","estimatedTimeMinutes":5,"i":7200,"totalI":8023,"totalErrors":0,"errors":[]}
 {"time":1527479494704,"percent":"91%","estimatedTimeMinutes":4,"i":7300,"totalI":8023,"totalErrors":0,"errors":[]}
 {"time":1527479536662,"percent":"92.2%","estimatedTimeMinutes":3,"i":7400,"totalI":8023,"totalErrors":0,"errors":[]}
 {"time":1527479574315,"percent":"93.4%","estimatedTimeMinutes":3,"i":7500,"totalI":8023,"totalErrors":0,"errors":[]}
 {"time":1527479612761,"percent":"94.7%","estimatedTimeMinutes":2,"i":7600,"totalI":8023,"totalErrors":0,"errors":[]}
 {"time":1527479645597,"percent":"95.9%","estimatedTimeMinutes":2,"i":7700,"totalI":8023,"totalErrors":0,"errors":[]}
 {"time":1527479674528,"percent":"97.2%","estimatedTimeMinutes":1,"i":7800,"totalI":8023,"totalErrors":0,"errors":[]}
 {"time":1527479703927,"percent":"98.4%","estimatedTimeMinutes":0,"i":7900,"totalI":8023,"totalErrors":0,"errors":[]}
 {"time":1527479716241,"percent":"99.7%","estimatedTimeMinutes":0,"i":8000,"totalI":8023,"totalErrors":0,"errors":[]}
 ["done",1527479716251,{"name":"fetchAndMapCharts","errors":[]}]
 ["start",{"name":"fetchAndMapCharts","i":0,"batchSize":100,"totalI":8023},1527481070382]
 {"time":1527481113552,"batchNames":["A","AA","AABA","AAC","AAMC","AAME","AAN","AAP","AAPL","AAT","AAXJ","AAWW","ABAX","AAXN","ABBV","ABB","ABCD","ABDC","ABEO","ABG","ABIL","AADR","ABIO","ABMD","ABR","ABT","ABX","AC","ACAD","ACCO","ACER","ACET","ACGLO","ACGLP","ACH","ACHV","ACIA","ACIM","ACLS","ACM","ACMR","ACOR","ACP","ACRE","ACSF","ACSI","ACST","ACU","ACV","ACWF","ACWX","ACXM","ACY","ADC","ADES","ADI","AAL","ADMP","ADMS","ADNT","AAOI","ADRA","ADRD","ADRE","ADS","ADSK","ADSW","ADUS","ADVM","ADX","AAON","ADZ","AE","AEB","AEF","AEG","AEGN","AEIS","AEL","AAU","AB","ABC","ABEOW","ABLX","ABTX","ACBI","ACFC","ACHC","ACIU","ACN","ACRS","AER","AEUA","AFG","AFI","AEP","AETI","AFC","AFHBL","AFSI"],"percent":"0%","estimatedTimeMinutes":5772,"i":0,"totalI":8023,"totalErrors":0,"errors":[]}
 {"time":1527481161906,"batchNames":["AG","AEM","AERI","AEY","AFGE","AFK","AFST","AGCO","AGFSW","AGI","AAV","ABAC","ABCB","ABEV","ABM","ABUS","ACC","AFSS","AGC","AGFS","AGF","AGGP","AGM","AGNCN","AGRO","AGX","AHGP","AHPAW","AGGY","AGMH","AGND","AGRX","AGYS","AHH","AHPI","AIEQ","AIMT","AGN","AGO","AGS","AGZ","AHL","AHT","AIF","AIN","AIR","AIT","AIZP","ACGL","ACHN","ACIW","ACNB","ACRX","ACTG","ACWV","ADBE","ADMA","ADP","ADRU","ADTN","ADXSW","AEE","AEHR","AEO","AET","AFB","AIC","AIMC","AIPT","AIRR","AIY","AJX","AKCA","AKRX","ALB","ALDX","ALG","ALK","ALLY","ALOG","ALRN","ACT","ACWI","ADAP","ADM","ADOM","ADRO","ADT","ADXS","AED","AEH","AEMD","AES","AEZS","AFGH","AFL","AFT","AGD","AGG","AGIO"],"percent":"1.2%","estimatedTimeMinutes":119,"i":100,"totalI":8023,"totalErrors":0,"errors":[]}
 {"time":1527481204798,"batchNames":["AIQ","AIRT","AIZ","AJXA","AKER","AKS","ALBO","ALE","ALGN","ALKS","ALN","ALOT","ALSK","ALTY","AKAM","AKG","AKTS","ALCO","ALEX","ALGT","ALL","ALNA","ALPN","ALSN","ALV","AMAT","AMC","AMDA","AMGN","AMJL","AMNB","AMPH","AMRHW","AMRX","AMT","AMWD","ANAB","ANDV","ANGI","ANIP","ANY","AOK","ALTS","AFH","AFMD","AFTY","AGEN","AGGE","AMAG","AMBR","AMD","AMG","AMJ","AMN","AMPE","AMRH","AGNC","AGQ","AGT","AGZD","AHPA","AI","AGLE","AGNCB","AGR","AGTC","AHC","AHPAU","AIA","AM","AMBCW","AMCX","AMEH","AIHS","AINV","AIRI","AIW","AJRD","AKBA","AMRWW","AMSWA","AMUB","AN","ANDE","ANFI","ANIK","ANW","AOI","AOS","AMID","AMMA","AMP","AMRC","AMRS","AMSF","AMU","AMZN","ANCX","ANF","ANH"],"percent":"2.5%","estimatedTimeMinutes":87,"i":200,"totalI":8023,"totalErrors":0,"errors":[]}
 ["start",{"name":"fetchAndMapCharts","i":0,"batchSize":100,"totalI":16046},1527481492832]
 ["start",{"name":"fetchAndMapCharts","i":0,"batchSize":100,"totalI":8023},1527481694770]
 {"time":1527481733987,"batchNames":["A","AA","AABA","AAC","AADR","AAL","AAMC","AAME","AAN","AAOI","AAON","AAP","AAPL","AAT","AAU","AAV","AAWW","AAXJ","AAXN","AB","ABAC","ABAX","ABB","ABBV","ABC","ABCB","ABCD","ABDC","ABEO","ABEOW","ABEV","ABG","ABIL","ABIO","ABLX","ABM","ABMD","ABR","ABT","ABTX","ABUS","ABX","AC","ACAD","ACBI","ACC","ACCO","ACER","ACET","ACFC","ACGL","ACGLO","ACGLP","ACH","ACHC","ACHN","ACHV","ACIA","ACIM","ACIU","ACIW","ACLS","ACM","ACMR","ACN","ACNB","ACOR","ACP","ACRE","ACRS","ACRX","ACSF","ACSI","ACST","ACT","ACTG","ACU","ACV","ACWF","ACWI","ACWV","ACWX","ACXM","ACY","ADAP","ADBE","ADC","ADES","ADI","ADM","ADMA","ADMP","ADMS","ADNT","ADOM","ADP","ADRA","ADRD","ADRE","ADRO"],"percent":"0%","estimatedTimeMinutes":5243,"i":0,"totalI":8023,"totalErrors":0,"errors":[]}
 {"time":1527481775838,"batchNames":["ADRU","ADS","ADSK","ADSW","ADT","ADTN","ADUS","ADVM","ADX","ADXS","ADXSW","ADZ","AE","AEB","AED","AEE","AEF","AEG","AEGN","AEH","AEHR","AEIS","AEL","AEM","AEMD","AEO","AEP","AER","AERI","AES","AET","AETI","AEUA","AEY","AEZS","AFB","AFC","AFG","AFGE","AFGH","AFH","AFHBL","AFI","AFK","AFL","AFMD","AFSI","AFSS","AFST","AFT","AFTY","AG","AGC","AGCO","AGD","AGEN","AGF","AGFS","AGFSW","AGG","AGGE","AGGP","AGGY","AGI","AGIO","AGLE","AGM","AGMH","AGN","AGNC","AGNCB","AGNCN","AGND","AGQ","AGR","AGRO","AGRX","AGT","AGTC","AGX","AGYS","AGZD","AHC","AHGP","AHH","AHPA","AHPAU","AHPAW","AHPI","AI","AIA","AIC","AIEQ","AIG","AIHS","AIMC","AIMT","AINC","AINV","AIPT"],"percent":"1.2%","estimatedTimeMinutes":105,"i":100,"totalI":8023,"totalErrors":0,"errors":[]}
 {"time":1527481813641,"batchNames":["AIQ","AIRG","AIRI","AIRR","AIRT","AGO","AIV","AGS","AIW","AGZ","AHL","AHT","AIF","AIN","AJG","AIR","AIT","AJRD","AIZP","AIY","AJX","AIZ","AKAO","AJXA","AKBA","AKAM","AKCA","AKER","AKG","AKP","AKR","AKRX","AKS","AKTS","AKTX","AL","ALB","ALBO","ALCO","ALD","ALDR","ALDX","ALE","ALEX","ALFA","ALFI","ALG","ALGN","ALGT","ALIM","ALJJ","ALK","ALKS","ALL","ALLE","ALLT","ALLY","ALN","ALNA","ALNY","ALO","ALOG","ALOT","ALPN","ALQA","ALRM","ALRN","ALSK","ALSN","ALT","ALTR","ALTS","ALTY","ALV","ALX","ALXN","AM","AMAG","AMAT","AMBA","AMBC","AMBCW","AMBR","AMC","AMCA","AMCN","AMCX","AMD","AMDA","AME","AMED","AMEH","AMG","AMGN","AMGP","AMH","AMID","AMJ","AMJL","AMKR"],"percent":"2.5%","estimatedTimeMinutes":77,"i":200,"totalI":8023,"totalErrors":0,"errors":[]}
 {"time":1527481852136,"batchNames":["AMLP","AMMA","AMN","AMNB","AMOT","AMOV","AMP","AMPE","AMPH","AMR","AMRB","AMRC","AMRH","AMRHW","AMRK","AMRN","AMRS","AMRWW","AMRX","AMS","AMSC","AMSF","AMSWA","AMT","AMTD","AMTX","AMU","AMUB","AMWD","AMX","AMZA","AMZN","AN","ANAB","ANAT","ANCB","ANCX","ANDE","ANDV","ANDX","ANET","ANF","ANFI","ANGI","ANGL","ANGO","ANH","ANIK","ANIP","ANSS","ANTH","ANTM","ANW","ANY","AOA","AOBC","AOD","AOI","AOK","AOM","AON","AOR","AOS","AOSL","AP","APA","APAM","APB","APC","APD","APDN","APDNW","APEI","APEN","APF","APH","APHB","APLE","APLS","APO","APOG","APOP","APOPW","APPF","APPN","APPS","APRI","APRN","APT","APTI","APTO","APTS","APTV","APU","APVO","APWC","APY","AQ","AQB","AQMS"],"percent":"3.7%","estimatedTimeMinutes":67,"i":300,"totalI":8023,"totalErrors":0,"errors":[]}
 {"time":1527481891666,"batchNames":["AQN","AQUA","AQXP","AR","ARA","ARAY","ARC","ARCB","ARCC","ARCH","ARCI","ARCM","ARCO","ARCT","ARCW","ARD","ARDC","ARDM","ARDX","ARE","ARES","AREX","ARGD","ARGO","ARGT","ARGX","ARI","ARII","ARKG","ARKK","ARKQ","ARKR","ARKW","ARL","ARLP","ARLZ","ARMK","ARMO","ARNA","ARNC","AROC","AROW","ARQL","ARR","ARRS","ARRY","ARTNA","ARTW","ARTX","ARW","ARWR","ASA","ASB","ASC","ASCMA","ASEA","ASET","ASFI","ASG","ASGN","ASH","ASHR","ASHS","ASHX","ASIX","ASLN","ASM","ASMB","ASML","ASNA","ASND","ASNS","ASPN","ASPS","ASPU","ASR","ASRV","ASRVP","AST","ASTC","ASTE","ASUR","ASV","ASX","ASYS","AT","ATAC","ATACR","ATACU","ATEC","ATAX","ATGE","ATHM","ATHN","ATEN","ATI","ATKR","ATHX","ATAI","ATLC"],"percent":"4.9%","estimatedTimeMinutes":62,"i":400,"totalI":8023,"totalErrors":0,"errors":[]}
 {"time":1527481930746,"batchNames":["ATH","ATISW","ATIS","ATLO","ATMP","ATNI","ATNM","ATNX","ATO","ATOM","ATOS","ATR","ATRA","ATRC","ATRI","ATRO","ATRS","ATSG","ATTO","ATTU","ATU","ATUS","ATV","ATXI","ATVI","AU","AUBN","AUDC","AUG","AUMN","AUO","AUPH","AUSE","AUY","AUTO","AVA","AVAL","AVAV","AVD","AVB","AVDL","AVEO","AVH","AVGR","AVID","AVHI","AVNW","AVP","AVGO","AVK","AVX","AVY","AVYA","AVT","AWI","AVXL","AWR","AWP","AWK","AWX","AXAS","AXDX","AXE","AXJL","AXJV","AXL","AXON","AXR","AXS","AXSM","AXTA","AXU","AY","AYI","AYR","AYX","AZN","AZO","AZPN","AZRX","AZUL","AZZ","B","BAB","BABA","BABY","BAC","BAH","BAK","BALB","BAM","BAND","BANF","BANFP","BANR","BAP","BAR","BAS","BASI","BATRK"],"percent":"6.2%","estimatedTimeMinutes":59,"i":500,"totalI":8023,"totalErrors":0,"errors":[]}
 {"time":1527481971815,"batchNames":["BAX","AWF","AWRE","AXGN","BBBY","BBGI","BBOX","BBU","BBD","BBK","BBRC","BC","BBW","AXP","AXTI","AYTU","AZRE","BCBP","BA","BAF","BANC","BANX","BATRA","BBC","BCH","BBH","BBP","BBVA","BCAC","BCO","BCRH","BCX","BDD","BDR","BCACR","BCD","BCLI","BCOR","BCS","BDCL","BDJ","BEAT","BDSI","BB","BBF","BEDU","BELFA","BBN","BBT","BBY","BCACW","BCEI","BERN","BCML","BCPC","BCV","BBDO","BEMO","BFAM","BFOR","BBL","BBSI","BBX","BCACU","BCE","BCM","BFK","BCOV","BFS","BCTF","BGB","BDCS","BDL","BFY","BDX","BGCA","BEF","BDCZ","BEN","BDN","BFIN","BDXA","BFR","BEL","BFZ","BEP","BFIT","BCC","BFRA","BCI","BG","BCOM","BCRX","BDC","BDGE","BDRY","BECN","BELFB","BERY","BFO"],"percent":"7.4%","estimatedTimeMinutes":57,"i":600,"totalI":8023,"totalErrors":0,"errors":[]}
 {"time":1527482010755,"batchNames":["BFST","BGC","BGFV","BGI","BGNE","BGSF","BGX","BHAC","BHACU","BHBK","BGG","BHF","BGR","BGY","BHACW","BHGE","BGH","BGS","BH","BHB","BGCP","BGIO","BGT","BHACR","BHE","BHLB","BHR","BHVN","BIBL","BIDU","BIG","BHTG","BICK","BIIB","BHK","BHV","BID","BIL","BHP","BIB","BIF","BILI","BIO","BIOC","BIOL","BIOS","BIP","BIS","BIT","BITA","BIZD","BIV","BJJN","BJK","BJO","BJZ","BJRI","BK","BKC","BKCC","BKE","BKD","BKEP","BKEPP","BKF","BKHU","BKH","BKI","BKJ","BKK","BKN","BKLN","BKNG","BKS","BKSC","BKT","BKU","BKYI","BL","BLBD","BLCM","BLCN","BLD","BLDP","BLDR","BLE","BLES","BLIN","BLJ","BLMN","BLMT","BLFS","BLK","BLNK","BLUE","BLRX","BMA","BLPH","BLX","BMLP"],"percent":"8.7%","estimatedTimeMinutes":55,"i":700,"totalI":8023,"totalErrors":0,"errors":[]}
 {"time":1527482049304,"batchNames":["BMO","BMTC","BLH","BLKB","BLNKW","BLV","BME","BMRC","BLHY","BNCL","BLL","BNFT","BLOK","BNTC","BLW","BNDX","BNS","BMI","BOCH","BMS","BMRN","BNDC","BND","BNO","BNJ","BNY","BNTCW","BMCH","BMRA","BMY","BNED","BNSO","BOE","BOFIL","BOJA","BOKFL","BOIL","BOM","BOH","BOLD","BOFI","BOKF","BOMN","BOON","BOOT","BOOM","BOSC","BOTJ","BOSS","BOXL","BPFH","BP","BPK","BPL","BPOPM","BORN","BOTZ","BPFHP","BPMC","BPOPN","BQH","BRACW","BRG","BPY","BRACU","BRFS","BRKR","BRPAR","BRSS","BOND","BOS","BOX","BPFHW","BPMP","BPRN","BR","BRC","BRGL","BRN","BRPAW","BRX","BSCI","BSCN","BSD","BSJJ","BSJO","BSPM","BSTI","BTA","BPI","BPMX","BPT","BRAC","BSAC","BSCL","BSCQ","BSIG","BSJM","BSM","BST"],"percent":"9.9%","estimatedTimeMinutes":53,"i":800,"totalI":8023,"totalErrors":0,"errors":[]}
 {"time":1527482088775,"batchNames":["BSX","BTE","BTO","BUD","BUY","BVNSC","BW","BWG","BWXT","BXG","BPOP","BPTH","BRACR","BRF","BRKL","BRPA","BRS","BSA","BSCK","BSCP","BSET","BSJL","BSL","BSRR","BSWN","BTAL","BTN","BTZ","BUSE","BVN","BVXVW","BWFG","BREW","BRID","BRO","BRQS","BRZU","BSCJ","BSCO","BSE","BSJK","BSJP","BSQR","BSV","BTAI","BTI","BTX","BURL","BVAL","BVXV","BWEN","BWP","BXC","BRKS","BRPAU","BRT","BSBR","BSCM","BSCR","BSJI","BSJN","BSMX","BSTC","BT","BTEC","BTT","BUI","BUYN","BTG","BVSN","BTU","BWA","BURG","BWINA","BWZ","BUZ","BXMT","BVX","BYD","BWB","BZF","BWINB","C","BX","CAC","BXMX","CADE","BYFC","CAH","BZH","CALA","CA","CALX","CACC","CAPE","CAE","CARB","CAI","CARV","CALF"],"percent":"11.2%","estimatedTimeMinutes":51,"i":900,"totalI":8023,"totalErrors":0,"errors":[]}
 {"time":1527482128784,"batchNames":["CASM","CAMP","CATC","CAPL","CATY","CARG","CBA","CARZ","CBD","CASS","CBL","CATH","CBND","CATYW","BY","BYSI","BZUN","CABO","CADC","CAG","CAL","CALM","CANF","CARA","CART","CASI","CATB","CATS","CB","CBB","CBK","CBMG","CBPO","CBSH","BWX","BXE","BXS","BYM","BZQ","CAAS","CACI","CAFD","CAKE","CALL","CANE","CAR","CARS","CASH","CAT","CATO","CAW","CBAY","CBIO","BXP","BYLD","BZM","CAAP","CACG","CAF","CAJ","CALI","CAMT","CAPR","CARO","CASA","CASY","CATM","CAVM","CBAN","CBH","CBLK","CBOE","CBAK","CBRL","CBFV","CBTX","CBLI","CCA","CBO","CCE","CBRE","CCK","CBT","CCNE","CC","CCRC","CCD","CCXI","CCJ","CDEV","CCMP","CDMOP","CCR","CDTI","CCU","CDZI","CDE","CEE","CDMO","CEIX"],"percent":"12.4%","estimatedTimeMinutes":50,"i":1000,"totalI":8023,"totalErrors":0,"errors":[]}
 {"time":1527482165721,"batchNames":["CDR","CELH","CDXS","CEN","CECO","CEPU","CEI","CERS","CELGZ","CETXW","CBX","CCCL","CCI","CCLP","CCOI","CCS","CDAY","CDL","CDNS","CDW","CEA","CEFL","CELC","CEM","CENTA","CERC","CETV","CEVA","CFA","CFG","CBM","CBON","CBS","CBU","CCBG","CBPX","CCF","CCL","CCO","CCRN","CCZ","CDK","CDNA","CDTX","CE","CEF","CEL","CELP","CENT","CEQP","CET","CEV","CF","CFFN","CFRX","CGC","CGO","CHAU","CHDN","CHEKZ","CHGG","CHII","CHKE","CHMG","CHRW","CHSCO","CHU","CIA","CID","CBSHP","CBZ","CCCR","CCIH","CCM","CCOR","CCT","CDC","CDLX","CDOR","CDXC","CECE","CEFS","CELG","CEMB","CENX","CERCW","CETX","CEW","CFX","CGEN","CGVIC","CHCI","CHE","CHEP","CHGX","CHIM","CEMI","CHKP","CEO","CHMI"],"percent":"13.7%","estimatedTimeMinutes":49,"i":1100,"totalI":8023,"totalErrors":0,"errors":[]}
 {"time":1527482200760,"batchNames":["CERN","CHS","CETXP","CHSCP","CEY","CHUY","CFBK","CIB","CFO","CIDM","CGA","CIGI","CGIX","CINF","CHA","CIT","CHCT","CIVI","CHEK","CEZ","CFFI","CFR","CGBD","CGNX","CHAD","CHFN","CHI","CHIX","CFBI","CHL","CFMS","CHNR","CG","CHSCM","CGG","CHT","CGW","CHY","CHCO","CIC","CHEF","CIF","CHFC","CHH","CHIQ","CHKR","CHN","CHSCL","CHSP","CHW","CIBR","CIEN","CII","CHD","CHEKW","CHFS","CHIE","CHK","CHMA","CHRS","CHSCN","CHTR","CI","CIC=","CIFS","CIL","CIR","CIVBP","CIZN","CKPT","CLBK","CLDR","CJJD","CL","CLCT","CLDX","CLH","CLLS","CLNS","CLRBW","CLSD","CLW","CLYH","CMCL","CMCTP","CIG","CIK","CIM","CIO","CISN","CIVB","CIVEC","CIZ","CJ","CKH","CKX","CLB","CLBS","CLDC","CLDT"],"percent":"14.9%","estimatedTimeMinutes":47,"i":1200,"totalI":8023,"totalErrors":0,"errors":[]}
 {"time":1527482234263,"batchNames":["CLFD","CLGX","CLIR","CLIX","CLMT","CINR","CLPS","CIU","CLRG","CIX","CLTL","CJNK","CLX","CLAR","CMA","CLD","CMCO","CLF","CMDT","CLI","CMG","CLM","CMRE","CLPR","CLRBZ","CLSN","CLWT","CM","CMCM","CMD","CMFN","CMPR","CMSS","CMTA","CNAC","CNBKA","CNDT","CNI","CNO","CNSF","CNXM","CO","CLGN","CLIRW","CLNC","CLR","CLRO","CLUB","CLXT","CMF","CMP","CMSA","CMT","CNA","CNAT","CLNE","CLRB","CLS","CLVS","CLY","CMC","CMCT","CME","CMO","CMS","CMSSW","CN","CNACW","CNCR","CNHI","CNMD","CNQ","CNTY","CNY","CODA","COG","COL","COM","CONE","COPX","CMBS","CMCSA","CMDY","CMI","CMRX","CMSSU","CMU","CNACU","CNCE","CNFR","CNDF","CNHX","CNNE","CNS","CNX","CNYA","CODI","COHN","COLB","CMSSR"],"percent":"16.2%","estimatedTimeMinutes":46,"i":1300,"totalI":8023,"totalErrors":0,"errors":[]}
 {"time":1527482272407,"batchNames":["COMB","CONN","CMTL","COR","CNACR","CORR","CNC","COTV","CNET","COWNZ","CNIT","CPAH","CNOB","CPG","CNSL","CPK","CNXN","CPRX","COBZ","CPST","COE","CQH","COHU","CRAK","COLL","CRCM","COMM","CRF","COOL","CRK","CRNT","CRR","CRUS","CRY","CNK","CNP","CNTF","CNXT","COCP","COF","COKE","COLM","COMT","COP","CORN","COST","COWB","CPA","CPER","CPI","CPLP","CPSI","CPTAG","CR","CORP","COT","COWN","CPAC","CPF","CPIX","CPRT","CPSS","CODX","COHR","COLD","COMG","COO","CORE","CORT","COTY","COWZ","CPB","CPHC","CPL","CPTAL","CRAI","CRC","CRESY","CRIS","CRMT","CROX","CRTO","CRWS","CSB","CSFL","CSJ","CSOD","CSTE","CSWC","CTAS","CTEK","CTL","CTRE","CTS","CSBR","CSGP","CSL","CSPI","CPS","CPT"],"percent":"17.4%","estimatedTimeMinutes":45,"i":1400,"totalI":8023,"totalErrors":0,"errors":[]}
 {"time":1527482313567,"batchNames":["CQP","CRAY","CRED","CRH","CRL","CROC","CRS","CRUSC","CRZO","CSCO","CSGS","CSLT","CSQ","CRBP","CREG","CORI","CORV","CRI","COUP","CRMD","CP","CROP","CPE","CRT","CPHI","CRVS","CPLA","CSA","CPSH","CSF","CPTA","CSIQ","CQQQ","CSML","CRBN","CSSE","CREE","CSV","CRHM","CTAA","CTDD","CTIC","CTR","CSTM","CSWCL","CTB","CTG","CTLT","CTRL","CTSH","CTW","CTXS","CUBE","CUK","CURE","CVA","CVEO","CVLT","CVONW","CVTI","CW","CWBR","CRM","CTV","CTXRW","CRON","CUBA","CRSP","CUI","CRVL","CUR","CS","CUZ","CSD","CVE","CSII","CVI","CSM","CVON","CSS","CVS","CSTR","CSWI","CTBB","CTHR","CTMX","CTRN","CTSO","CTWS","CTY","CUBI","CULP","CURO","CVBF","CVG","CVLY","CVR","CVU","CWAI","CWCO"],"percent":"18.7%","estimatedTimeMinutes":44,"i":1500,"totalI":8023,"totalErrors":0,"errors":[]}
 {"time":1527482355170,"batchNames":["CWST","CXH","CXW","CYBE","CYH","CYRXW","CYTXW","CZR","DAG","DALT","CTRV","CTU","CTXR","CUB","CUE","CUO","CUTR","CWS","CXE","CXSE","CYB","CYD","CYRX","CYTX","CZNC","CSU","DAC","CSX","DALI","CTBI","DATA","CTIB","DBA","CTO","DBC","CTRP","CTT","CTX","CTZ","CUBS","CUMB","CUT","CVCO","CVGI","CVM","CVRR","CVV","CWAY","CWEB","CWT","CXO","CY","CYBR","CYHHZ","CYS","CYTXZ","CZWI","DAIO","DAN","DAVE","DBAW","DBE","DBEZ","DBMX","CVY","DBUK","CWBC","DCF","CWI","DCOM","CXDC","DDBI","CXRX","DDG","CYAN","DDR","CYCCP","DEA","CYRN","DEFA","CYTR","DENN","CZFC","DESC","D","DEW","DFBG","DFEN","DFNL","DFVS","DGICB","DGP","DGS","DHCP","DHR","DHXM","DIG","DIS","DIT","DIVO"],"percent":"19.9%","estimatedTimeMinutes":44,"i":1600,"totalI":8023,"totalErrors":0,"errors":[]}
 {"time":1527482399328,"batchNames":["DJP","DKT","DLBR","DLPH","DLTH","DMF","DMRI","CVCY","DNBF","CVGW","DNLI","CVNA","DNR","CVRS","DOG","CVX","DOO","CWB","DOTAU","CWH","DPG","CX","CXP","DPW","CYAD","DRE","CYCC","DRIP","CYOU","DRR","CYTK","DRYS","CZA","DSKE","CZZ","DSPG","DAKT","DSWL","DAR","DTEA","DAX","DTN","DBB","DTUS","DTYS","DBES","DUSA","DBKO","DVCR","DBRT","DVN","DBX","DVYL","DCIX","DWCR","DCT","DWLV","DDEZ","DWTR","DDM","DXCM","DDWM","DXJF","DEEF","DXYN","DEM","DYNT","DERM","DZZ","DEUR","DEZU","EACQU","DFBHW","DFJ","EAGL","DFS","DGBP","DGLD","DGRS","DAUD","DBAP","DBD","DBEU","DBL","DBS","DCAR","DCO","DCUD","DDF","DDP","DE","DEF","DEMG","DES","DEUS","DF","DFE","DFND","DFVL","DGICA"],"percent":"21.2%","estimatedTimeMinutes":43,"i":1700,"totalI":8023,"totalErrors":0,"errors":[]}
 {"time":1527482440658,"batchNames":["DGLY","DGRW","DGZ","DHIL","DHX","DIAX","DIOD","DISH","DIVC","DJD","DKS","DLBL","DLNG","DLS","DMB","DMRC","DNB","DNL","DNP","DBEF","DAL","DBGR","DARE","DBO","DB","DBV","DBBR","DCHF","DBEM","DCP","DBJP","DDD","DBP","DDJP","DBVT","DDS","DCI","DECK","DCPH","DEI","DDE","DEO","DDLS","DESP","DDT","DEWJ","DEE","DFBH","DELT","DFFN","DEPO","DFP","DEST","DG","DEX","DGII","DGX","DHI","DHVW","DIAL","DINT","DISCK","DIVB","DJCO","DKL","DLB","DLN","DLR","DM","DMPI","DMRS","DNKN","DNOW","DOCU","DOL","DOTA","DOVA","DPS","DRAD","DRIO","DRNA","DRV","DSGX","DSLV","DSUM","DTD","DTH","DTRM","DTY","DUK","DVA","DVHL","DFBHU","DVYA","DFIN","DWAT","DFRG","DWIN","DGAZ","DGRE"],"percent":"22.4%","estimatedTimeMinutes":42,"i":1800,"totalI":8023,"totalErrors":0,"errors":[]}
 {"time":1527482486175,"batchNames":["DGL","DGSE","DGRO","DHDG","DGT","DHS","DHF","DHY","DHT","DIM","DIA","DISCA","DIN","DIV","DISCB","DIVY","DIVA","DJPY","DJCI","DL","DK","DLBS","DLA","DLPN","DLHC","DLTR","DLPNW","DMLP","DLX","DMRL","DMO","DNI","DMRM","DNN","DNJR","DO","DNO","DOGS","DOD","DON","DOTAR","DOX","DPST","DRD","DRIOW","DRQ","DRW","DSI","DSM","DSW","DTE","DTJ","DTUL","DTYL","DUKH","DVAX","DVMT","DVYE","DWCH","DWLD","DWT","DXC","DXJ","DXR","DYNC","DOC","DZSI","DOGZ","EACQ","DORM","EAF","DOV","DPLO","DOOR","DQ","DOTAW","DRI","DPK","DRN","DPZ","DRUA","DRH","DSE","DRIV","DSL","DRRX","DSU","DS","DSXN","DSKEW","DSS","DSX","DTEC","DTO","DTV","DUC","DUSL","DVD","DVP","DWAQ"],"percent":"23.6%","estimatedTimeMinutes":42,"i":1900,"totalI":8023,"totalErrors":0,"errors":[]}
 {"time":1527482528613,"batchNames":["DWDP","DWM","DWX","DXD","DXJS","DY","DYSL","E","EACQW","DWSN","DXB","DXGE","DXPE","DYLS","DZK","EAB","EAE","EAI","EAT","EBMT","EBTC","ECCB","ECHO","ECON","ED","EDEN","EARS","EDIT","EBAYL","EAGLU","EBR","EAST","ECA","EBF","ECCY","EBS","ECNS","ECC","ECR","ECF","EDBI","ECOL","EDGE","ECT","EDC","DTF","EDGW","DTQ","EARN","DTW","EBAY","DUG","EBND","DUST","EC","DVEM","ECCX","DVY","ECL","DWAS","ECPG","DWFI","EDAP","DWPP","EDF","DX","DXF","EDIV","EDOG","EDOW","EDV","EDR","EDU","EEA","EEFT","EEMA","EDZ","EEH","EEMD","EEP","EEX","EEMX","EEV","EFAV","EFFE","EELV","EEMS","EES","EFAD","EFC","EFL","EFSC","EFZ","EGHT","EGLT","EGPT","EFO","EFU","EGBN","EGIF"],"percent":"24.9%","estimatedTimeMinutes":41,"i":2000,"totalI":8023,"totalErrors":0,"errors":[]}
 {"time":1527482568909,"batchNames":["EGO","EGY","EHTH","EIGR","EDN","EIS","EDRYV","EE","EFAX","EEI","EFG","EEMO","EFOI","EEQ","EFV","EFA","EGC","EFBI","EGL","EFII","EGOV","EFR","EHC","EFX","EIA","EGF","EIM","EGLE","EIV","EGP","EHIC","EHI","EIG","EIDO","EIP","EIO","EIX","DXLG","DYB","DYY","EA","EKAR","EL","ELC","ELF","ELECW","ELLO","ELEC","ELJ","ELOX","ELU","ELS","ELY","ELMD","EMBU","EMD","ELSE","EMAG","EMCB","EMDV","EMFM","EMIH","EMLC","EMF","EMIF","EML","EMO","EMTL","ENBA","EMB","EMCG","EMEM","EMHY","EMJ","EMMS","EMR","EMXC","ENFC","ENJ","ENPH","ENT","ELD","ENVA","ELGX","EOCC","ELON","ENG","ELTK","ENLK","EMAN","ENS","EMCF","ENTG","EME","ENY","EMGF","EMP","EMITF","EMTY","EMLP"],"percent":"26.1%","estimatedTimeMinutes":41,"i":2100,"totalI":8023,"totalErrors":0,"errors":[]}
 {"time":1527482610338,"batchNames":["ENBL","EMQQ","ENIA","EMX","ENO","ENDP","ENSG","ENIC","ENTR","ENOR","ENZ","ENSV","ENV","ENZL","EOG","EOI","EPAM","EOS","EPD","EPHE","EPP","EPAY","EPI","EPV","EQFN","EOLS","EPC","EPIX","EPRF","EQAL","EQH","EQNR","EQWL","EQLT","EQS","ERA","ERI","ERM","ERYP","ESE","EPM","EPS","EQBK","EQIX","EQR","EQWM","ERGF","ERII","ERX","ESBK","EAD","ESES","EAGLW","ESGG","EASTW","ESGU","EBIX","ESGD","EBSB","ESGN","ECCA","ESIO","ECH","ESND","ECOM","EPR","ECYT","EPZM","EDD","EQGP","EDI","EQM","EDOM","EQT","EDUC","EEB","ERC","EEM","ERIC","EEMV","EROS","EET","ES","EFAS","ESEA","EFF","ESGE","EFNL","ESGR","EFT","ESL","EGAN","ESNT","EGI","ERF","ERIE","ERUS","ESBA","ESEAV","ESGF"],"percent":"27.4%","estimatedTimeMinutes":40,"i":2200,"totalI":8023,"totalErrors":0,"errors":[]}
 {"time":1527482649692,"batchNames":["ESGS","ESLT","ESP","ESS","ESRT","ESTR","ETE","ETJ","ETR","ETY","EUFX","EURN","ESML","ESPR","ESSA","ESXB","ETH","ETO","ETW","EUFL","EUO","EUSC","EVBN","EVG","EVI","EVLO","EVOK","EVRI","EVX","EV","EVF","EVGN","EVJ","EVM","EVOP","EVT","EW","EWEM","EWJ","ESRX","ESTRW","ETFC","ETM","ETSY","EUDG","EUM","EURZ","EVA","EVFM","EVH","EVK","EVN","ESV","ETG","ETN","ETV","EUDV","EUMV","EUSA","EVBG","EVFTC","EVHC","EVLMC","EVO","EVR","EVV","EWBC","EWGS","EWL","EWP","EWN","EWS","EWV","EWZS","EXFO","EXLS","EXPO","EVP","EGN","EVTC","EGRX","EWA","EHT","EWG","EIGI","EWK","EIRL","EWO","EKSO","EWSC","ELECU","EWW","ELLI","EXAS","ELP","EXG","ELVT","EXP","EXPR","EYE"],"percent":"28.6%","estimatedTimeMinutes":39,"i":2300,"totalI":8023,"totalErrors":0,"errors":[]}
 {"time":1527482691235,"batchNames":["EYESW","EZM","FAAR","FAM","FANZ","FAT","FB","FBIOP","FBNC","FBSS","FCAL","FCBC","FCEL","FCNCA","FCRE","FDBC","FDIS","FDMO","EXTR","EYES","EZJ","F","FALN","FANH","EWC","EWH","EWM","EWQ","EWU","EWY","EXD","EXIV","EXPE","EXT","EYEGW","EYPT","EZT","FAD","FAN","FARO","FAUS","FBGX","FBK","FBNK","FBZ","FAST","EWT","EWX","EMBH","EXC","EMCI","EXI","EMES","EXPD","EMI","EXR","EMKR","EYEG","EMN","EYLD","EMSH","EZPW","ENB","FAB","ENFR","FAMI","FARM","FATE","FBC","FBIZ","FBND","FBT","FCAN","FCBP","FCF","FCO","FCSC","FDC","FDIV","FDN","FDTS","FE","FAZ","FBIO","FBMS","FBR","FCA","FCB","FCEF","FCN","FCPT","FCX","FDEU","FDM","FDS","FDVV","FEI","FEMB","FENY","FEUL"],"percent":"29.9%","estimatedTimeMinutes":38,"i":2400,"totalI":8023,"totalErrors":0,"errors":[]}
 {"time":1527482730283,"batchNames":["FF","FFC","FFIC","FFNW","FCAP","FCCO","ENLC","ENR","ENTA","ENX","EOD","EOT","EPE","EPOL","FCFS","FCOM","FCT","FDD","FDL","FDP","FDUS","FEDU","FELP","FENC","FET","FEYE","FFBCW","FFHG","FFIV","FFTG","FGB","FGP","FHY","FIDI","FIF","FINL","FISI","FITBI","FIW","FIZZ","FLAG","FLC","FDT","FDX","FEIM","EPU","EQC","EQL","EQRR","EQWS","ERH","ERJ","ERY","FFTY","FGD","FHK","FIBK","FIEE","FIHD","FINX","FISV","FIVA","FIXD","FKO","FLAU","FLCH","FLEU","FLGR","FLIO","FLKR","FLMB","FLO","FLQG","FLR","FLSW","FLWS","FMAO","FMC","FMK","FMSA","FNBG","FEMS","FEO","FEUZ","FFA","FFEU","FFIN","FFR","FFWM","FGEN","FHLC","FIBR","FIEG","FII","FINZ","FIT","FIVE","FIXX","FKU","FLAX"],"percent":"31.1%","estimatedTimeMinutes":38,"i":2500,"totalI":8023,"totalErrors":0,"errors":[]}
 {"time":1527482761185,"batchNames":["FLCO","FELE","FEN","FEP","FEX","FFBC","FFG","FFIU","FFSG","FG","FGM","FHN","FICO","ESCA","ESG","ESGL","ESGW","ESNC","ESQ","ESTE","ETB","ETHO","ETP","ETX","EUFN","EURL","EUXL","EVC","EVGBC","EVIX","EVLV","EVOL","EVSTC","EVY","EWD","EWI","EWMC","EWRE","FIEU","FILL","FIS","FITB","FIVN","FIYY","FL","FLBR","FLDM","FLFR","FLEE","FLGB","FLIC","FLJH","FLLV","FLN","FLQD","FLQM","FLRU","FLTR","FLY","FMBH","FMHI","FMO","FN","FNCL","FNDE","FNGD","FLEX","FLGT","FLIR","FLKS","FLHK","FLIY","FLL","FLMX","FLOW","FLQL","FLRT","FLTB","FLXS","FMB","FMF","FMNB","FMY","FNCF","FNDC","FNDA","FNDX","FNGU","FNKO","FLMI","FNTEW","FOANC","FONE","FORM","FOXA","FPEI","FPRX","FRA","FRBK","FRGI"],"percent":"32.4%","estimatedTimeMinutes":37,"i":2600,"totalI":8023,"totalErrors":0,"errors":[]}
 {"time":1527482797739,"batchNames":["FRO","FRT","FSB","FSFG","FLOT","FLQH","FLRN","FLT","FLXN","FMAT","FMDG","FMN","FMX","FNCB","FNDB","FNF","FNHC","FNLC","FNV","FOE","FONR","FORR","FOXF","EWUS","EWZ","EXEL","EXK","EXPI","EXTN","EYEN","EZA","EZU","FAF","FANG","FAS","FAX","FNJN","FNTE","FNX","FOLD","FORD","FOSL","FNG","FNI","FNSR","FNWB","FOF","FBHS","FBM","FBP","FC","FCAU","FCCY","FCG","FCOR","FCVT","FDEF","FDLO","FDRR","FDUSL","FPAY","FPI","FQAL","FRAN","FRED","FRME","FRSH","FSACU","FSCT","FSLR","FSTA","FSNN","FSV","FTAI","FTEK","FTHI","FTNT","FTS","FTV","FTXL","FUE","FUND","FV","FVL","FOR","FORTY","FPA","FPH","FPXI","FRAK","FRD","FRLG","FRPT","FSAC","FPF","FPX","FRAC","FRC","FRI","FRPH"],"percent":"33.6%","estimatedTimeMinutes":36,"i":2700,"totalI":8023,"totalErrors":0,"errors":[]}
 {"time":1527482835284,"batchNames":["FRTA","FSBC","FSI","FSP","FSZ","FTC","FTEO","FTI","FTNW","FTSD","FTVA","FTXN","FUL","FUSB","FVAL","FWDB","FWP","FSBW","FSIC","FSS","FT","FTCS","FTF","FTK","FTR","FTSI","FTXD","FTXO","FULT","FTA","FTD","FTFT","FTLB","FTRI","FTSL","FTXG","FTXR","FUN","FUTY","FWONK","FXC","FEEU","FEM","FENG","FEU","FEZ","FXG","FXO","FXU","FYT","GABC","GAINO","GARD","GATX","GBF","FFBW","FFHL","FFKT","FFTI","FGBI","FHB","FI","FIDU","FIGY","FINU","FISK","FIV","FIX","FJP","FLAT","FLCA","FLEH","FLGE","FLIN","FLJP","FVD","FWDI","FXA","FXE","FXL","FXS","FYC","GAA","GAINM","GAM","GASS","FUT","FVC","FWDD","FWRD","FXD","FXI","FXR","FXZ","G","GAIN","GALT","GASL","GBLIZ","GCAP"],"percent":"34.9%","estimatedTimeMinutes":35,"i":2800,"totalI":8023,"totalErrors":0,"errors":[]}
 {"time":1527482873843,"batchNames":["GCO","GD","GDO","GDVD","GE","GEF","GENC","GER","GF","GFN","GGAL","FXCH","FXH","FXP","FXY","FYX","GAIA","GAL","GARS","GAZB","GBIL","GBNK","GCBC","GCOW","GDDY","GDOT","GDX","GEC","GEL","GENE","GERN","GFA","GFNCP","GBCI","GBLI","GBT","GCE","GCV","GDI","GDS","GDXS","GECCL","GEMP","GBAB","GBL","GBR","GCC","GCP","GDEN","GDP","GDXJ","GGO","GHDX","GHS","GIFI","GII","GIM","GJR","GLAD","GLDD","GLIBP","GLOB","GLPG","GLTR","GLYC","GMFL","GMRE","GNC","GNMA","GNRC","GNTY","FLM","FLNT","FLQE","FLQS","FLS","FLTW","FM","GECC","GEM","GENY","GES","GEO","GEVO","GFF","GFY","GGM","GGZ","GHL","GHYG","GIGB","GILD","GJO","GJV","GLBZ","GLF","GLNG","GLOW","GLRE","GLV"],"percent":"36.1%","estimatedTimeMinutes":34,"i":2900,"totalI":8023,"totalErrors":0,"errors":[]}
 {"time":1527482907994,"batchNames":["GMED","GMO","GMZ","GNK","GNPX","GNT","GOAU","GOL","FMBI","FMI","FMS","FNB","FND","GFED","GFNSL","GGG","GGT","GHII","GHYB","GIG=","GIL","GJH","GJT","GLBS","GLDW","GGB","GGP","GHG","FNDF","FNGN","FNK","FNTEU","FNY","FOMX","FORK","FOX","FPE","FPL","GHY","GIG","GIII","GIS","GJS","GLADN","GLDI","GOF","GOLF","GOOG","GOVNI","GPC","GPL","GPP","GPT","GRBK","GRFS","GRMY","GRU","GSAT","GSD","GSHD","GSIT","GSLC","GLL","GLOG","GLPI","GLU","GM","GMLP","GMS","GNCA","GNMK","GNRT","GNUS","GOGL","GOOD","GLMD","GLOP","GLQ","FR","FRBA","FREL","FRN","FRSX","FSACW","FSD","FSM","FSTR","FTAG","FTEC","FTGC","FTLS","FTRPR","FTSM","FTXH","FUD","FUNC","FUV","FVE","FWONA","FXB"],"percent":"37.4%","estimatedTimeMinutes":33,"i":3000,"totalI":8023,"totalErrors":0,"errors":[]}
 {"time":1527482938896,"batchNames":["GLUU","GME","GMLPP","GMTA","GNE","GNMX","GNRX","GNW","GOGO","GOODM","GOOS","GPAQ","GPIC","GPMT","GOODO","GORO","GPAQU","GPJA","GPN","GOOGL","GOVT","GPI","GST","GT","GTLS","GTXI","GUDB","GUSH","GVI","GWPH","GWX","GYB","H","HACW","HAIR","HAP","HAWX","HBB","GPM","GPRE","GPX","GRC","GRI","GRNB","GRUB","GSB","GSEU","GSHT","GSJY","GPRO","GRA","GRES","GRIF","GRP=","GRX","GSBD","GSG","GSHTW","GSKY","GSS","GSVC","GTHX","GTS","GTYHU","GURE","GVA","GWB","GWRS","GXG","GYRO","HACK","HAHA","GPRK","GQRE","GREK","GRID","GROW","GRVY","GSBC","GSEW","GSHTU","GSK","GSP","FXF","FXN","FXSG","GSM","GSUM","GTE","GTN","GTY","GULF","GUT","GVIP","GWR","GXC","GYC","HA","HAE","HAL"],"percent":"38.6%","estimatedTimeMinutes":32,"i":3100,"totalI":8023,"totalErrors":0,"errors":[]}
 {"time":1527482971415,"batchNames":["HAS","HAYN","HBCP","HBMD","HCAC=","HCHC","HCOM","HCXZ","HDG","HDP","HEAR","HEEM","HELE","HESM","HEWI","FYLD","GAB","GAINN","GSV","GTES","GTO","GTYH","GUNR","GV","GVP","GWRE","GXF","GYLD","HABT","HAFC","HALL","HASI","HBAN","HBI","HBM","HCAC","HCCI","HCM","HCSG","HDEF","HDNG","HE","HEDJ","HEI","HES","HEWG","HEWU","HFBC","HFWA","HGI","HHC","HIE","GAMR","GASX","GBDC","GBLIL","GBX","GCI","GCVRZ","GDL","GDV","HALO","HAUD","HBANN","HBIO","GDXX","HBP","HCAPZ","HCKT","HCP","HDAW","HDLV","GECCM","GEN","GEOS","GEX","GFI","GG","GGN","GHC","GHM","GIB","GIGM","GILT","GJP","GKOS","GLD","HBNC","HCAP","HCI","HCOR","HII","HIO","HJPX","HLG","HLTH","HMI","HMOP","HMY","HNRG"],"percent":"39.8%","estimatedTimeMinutes":32,"i":3200,"totalI":8023,"totalErrors":0,"errors":[]}
 {"time":1527483002267,"batchNames":["HOLI","HON","HOV","HPI","HPS","HQL","HRG","HRTX","HSDT","HSON","HD","HDGE","HDS","HEB","HEES","HDSN","HEBT","HEFA","HEP","HEUV","HEWL","HEZU","HEMV","HEUS","HEWJ","HEWY","HFC","HFXI","HGSH","HHYX","HIFS","HIL","HIVE","HK","HLIT","HMC","HMN","HMSY","HNI","HOFT","HOMB","HONR","HP","HPP","HQBD","HR","HRL","HSBC","HEWW","HFBL","HFXE","HGSD","HHS","HIFR","HIIQ","HIPS","GLIBA","GLO","GLP","GLT","GLW","GMF","HFGIC","HFXJ","HGT","HI","HIG","HILO","HIW","HL","HLNE","HMG","HMNF","HMTA","HNNA","HOG","HOME","HOPE","HPE","HPQ","HQCL","HRB","HRS","HSC","HSII","HSTM","GMOM","GNBC","GNL","GNR","GNTX","HT","GOEX","GOLD","GOODP","GOV","GPAQW","GPK","GPOR","GPS"],"percent":"41.1%","estimatedTimeMinutes":31,"i":3300,"totalI":8023,"totalErrors":0,"errors":[]}
 {"time":1527483032631,"batchNames":["GRBIC","GRF","GRMN","GRPN","GS","HJV","HLI","HLX","HMLP","HMST","HTBX","HTGX","HTRB","HUBG","HUNT","HUSA","HVT","HWKN","HYACU","HYDD","HYGS","HYLB","HYND","HYXU","HNDL","HNW","HOLX","HONE","HOVNP","HPJ","HPT","HQY","HRI","HRZN","HSGX","HSPX","HTA","HTD","HTH","HTUS","HUBS","HUNTU","HUSE","HSIC","HST","HTAB","HTFA","HTHT","HTY","HUD","HUNTW","HUSV","HWC","HXL","HYB","HYEM","GSC","GSH","HTBI","HTGC","I","IAGG","IAMXW","IBB","IBDC","IBDM","IBDR","IBKCP","IBMI","IBN","IBUY","ICCC","ICFI","ICLR","ICSH","IDE","IDLB","IDRA","IDU","IEA","GSIE","GSL","GSSC","GSY","GTIM","GTT","GTYHW","GURU","GVAL","GWGH","GWW","GXP","GZT","HACV","HAIN","HAO","HAWK","HTLD","HTZ","HUM"],"percent":"42.3%","estimatedTimeMinutes":30,"i":3400,"totalI":8023,"totalErrors":0,"errors":[]}
 {"time":1527483060452,"batchNames":["HURC","HUYA","HWCC","HY","HWBK","HX","HYACW","HYDW","HYH","HYLD","HYS","HYZD","IAC","IAI","IART","IBCD","IBDD","HYD","HYG","HYI","HYLV","HYUP","HZNP","IAF","IAM","IAU","IBCP","IBDK","IBDP","HYHG","HYLS","HYT","HZN","IAE","IAK","IAT","IBCE","IBDH","IBDO","IBIO","IBM","IBMK","IBOC","ICAN","ICD","HBANO","HBK","HCA","HCC","HCLP","HCRF","HDB","HDMV","HDV","HECO","HEFV","HEQ","HEWC","IBDN","IBDS","IBKR","IBMJ","IBND","ICAD","ICCH","ICHR","IEF","IEIH","IESC","IEX","IFIX","IFRA","IGC","IGF","IGM","IGT","IHDG","IHIT","IBKC","IBMG","IBML","IBP","ICB","ICE","ICLK","ICOW","ICL","ICON","ICVT","IDHD","IDMO","IDSY","ICOL","ICUI","IDEV","IDLV","IDSA","IDA","IDHQ","IDN"],"percent":"43.6%","estimatedTimeMinutes":29,"i":3500,"totalI":8023,"totalErrors":0,"errors":[]}
 {"time":1527483092032,"batchNames":["IDT","IDXG","IECS","IEHS","HEWP","HF","HFRO","HGH","HGV","HIBB","HIHO","HIMX","HIX","HLF","HLT","HMHC","HMNY","HMTV","HNP","HOLD","HOML","HOS","HPF","IIF","IIN","IJK","ILF","IMAX","IMKTA","IDV","IEAWW","IEFA","IEME","IETC","IEZ","IFLY","IFRX","IGD","IGHG","IGN","IDX","IEC","IEFN","IEMG","IEUR","IFEU","IFMK","IFV","IGE","IGI","IGOV","IEO","IEUS","IFF","IFN","IG","IGEB","IGIH","IGR","IHC","IMMY","IMPV","IMTM","INBKL","INDF","INDUW","IHG","IHY","IIJI","IJH","IJT","INFO","INGN","INO","INS","INSP","INTC","INTU","INVH","IONS","IOVA","HPR","HQH","HRC","HRTG","HSCZ","HSKA","HSY","HTBK","HTGM","HTLF","HUBB","HUN","HURN","HVBC","HWCPL","IGVT","IHF","IHTA","IIIN"],"percent":"44.8%","estimatedTimeMinutes":28,"i":3600,"totalI":8023,"totalErrors":0,"errors":[]}
 {"time":1527483123423,"batchNames":["IIVI","IJS","ILPT","ILMN","IMH","IMGN","IMMR","IMMP","IMOM","IMO","IMTB","IGV","INB","IHE","INDA","IHT","INDU","III","INFI","IIPR","INFY","IJR","INN","ILG","INPX","IMDZ","INSI","INSY","HYAC","HYDB","HYGH","HYIH","HYMB","IMLP","IMNP","IMRN","IMUC","INCO","INDL","INDY","INFR","INGR","INOD","INSE","INST","INTF","INTX","INWK","IOO","HYXE","IP","IPB","IPFF","IPI","IPOA=","IQDF","IQV","IRDMB","IRMD","IRTC","INTL","INVA","INXX","IOSP","IPAR","IPCI","IPGP","IPKW","HZO","IPWR","IAG","IQDY","IAMXR","IRBT","IBA","IRIX","IBD","IRR","IBDL","ISBC","IBDQ","ISF","IBKCO","ISNS","IBMH","ISSC","IBMM","ITA","IBTX","ITEQ","ITM","ITT","IUSG","IVE","IVLU","IVTY","IWC","IWN","IWV","IXG"],"percent":"46.1%","estimatedTimeMinutes":27,"i":3700,"totalI":8023,"totalErrors":0,"errors":[]}
 {"time":1527483153733,"batchNames":["IYC","IYJ","IYT","IZRL","JASN","JBGS","JBN","JCAP","JCP","JDIV","IMRNW","INAP","INCY","INDS","INF","INFU","INKM","INOV","INSG","INSW","INTG","INUV","INXN","IOR","IPAC","IPCC","IPG","IPIC","IPAY","ICBK","IPE","ICF","IPHS","ICLN","IPOA","ICPT","IQDE","IDCC","IQLT","IDIV","IRDM","IDOG","IRM","IDTI","IRT","IDXX","ISCF","IEDI","ISHG","IEI","ISRA","IEP","ISTR","ITCB","ITGR","ITRI","ITUS","IVAC","IVFGC","IVOO","IVW","IWF","IWP","IWY","IXN","IYF","IYLD","IYY","JAG","JASO","JBK","JBRI","JCI","JCTCF","JE","JEQ","JHB","JHMA","IPOS","IQDG","IR","IRET","IROQ","IRWD","ISDR","ISMD","ISRL","IT","ISD","ISIG","ISRG","ISZE","ITCI","ITI","ITRM","ITW","IVAL","IVFVC","IVOV","IVZ"],"percent":"47.3%","estimatedTimeMinutes":27,"i":3800,"totalI":8023,"totalErrors":0,"errors":[]}
 {"time":1527483186242,"batchNames":["IWL","IWR","IX","IXP","IYG","IYM","IYZ","JAGX","JAX","JBL","JBSS","JCO","JD","IEV","JEC","IFGL","JETS","IFON","JHD","IGA","ITE","ITIC","ITRN","IUSB","IVC","IVH","IVR","IWB","IWM","IWS","IXC","IXUS","IYH","IYR","IZEA","JAKK","JAZZ","JELD","JGH","JHG","JHME","JHMM","JHSC","JJCB","JJSB","JKE","JKI","JLL","JMIN","JMPB","JNJ","JOB","JOUT","JPEM","JPHY","JPM","JPN","JPT","JHMH","JHMT","JHY","JJGB","JJTB","JKG","JKK","JMBA","JBLU","IGEM","IGLD","IGRO","IHD","IHI","IID","IIM","IJJ","IKNX","ILTB","IMI","IMMU","IMOS","IMTE","INBK","INDB","INDUU","INFN","ING","INNT","INR","INSM","JBT","INT","JCOM","INTT","JDD","INVE","JEF","IO","JFR","IOTS","JHDG"],"percent":"48.6%","estimatedTimeMinutes":26,"i":3900,"totalI":8023,"totalErrors":0,"errors":[]}
 {"time":1527483217520,"batchNames":["IPAS","JHMD","IPDN","JHML","IPHI","JHS","IPO","JJAB","IQ","JJPB","IQI","JKD","IRCP","JKHY","IRL","JKS","IRS","JMF","ISCA","JMP","ISG","JNCE","ISR","JNUG","ISTB","JONE","ITB","JPEH","ITG","JPHF","ITOT","JPLS","ITUB","JPMV","IUSV","JPST","IVENC","JQUA","IVOG","JRSH","IVV","JSML","IWD","IWO","IWX","IXJ","IYE","IYK","IYW","JACK","JASNW","JBHT","JBR","JRI","JCE","JRVR","JCS","JSYN","JDST","JTA","JEMD","JWN","JHA","KAAC","JHI","KALU","JHMF","KAR","JHMS","KBE","JHX","KBLMW","JJEB","KBWP","JJSF","JKF","JKJ","JLS","JMLP","JMPD","JNK","JOBS","JP","JPEU","JPI","JPMB","JPNL","JPUS","JRJC","JSD","JSYNR","JTD","JXI","KAACU","KALV","KARS","JMM","KBH","JMT","KBR"],"percent":"49.8%","estimatedTimeMinutes":25,"i":4000,"totalI":8023,"totalErrors":0,"errors":[]}
 {"time":1527483252355,"batchNames":["JNP","KBWR","KCNY","JOE","KELYA","JPC","KEN","JPGB","KEY","JPIH","KFRC","JPME","KGJI","JPS","KIM","KIRK","JPXN","KLDX","JRO","KMF","JSM","KMPH","JSYNU","KND","JTPY","KNOW","JXSB","KODK","KAACW","KONA","KAMN","KOR","KB","KOSS","KRE","KBLM","KRNY","JHMC","KSA","JHMI","KT","JHMU","KTOS","JILL","KURA","KWR","JJMB","KZIA","JJUB","LAC","JKH","LADR","JKL","LAND","JMEI","LAWS","JMOM","LBAI","JMU","LBRDA","LBTYK","JNPR","LCAHW","JOF","LCUT","JPED","LDP","JPGE","LEA","JPIN","LEG","JPMF","LENS","JPSE","LEXEA","JQC","LFUS","LGCYO","LGLV","LHCG","LILAK","LION","LIVE","LKM","LLEX","LLY","LMFA","LMNR","LMRKP","KCE","LNDC","KEG","LNTH","KEMQ","LOGI","KEX","LOOP","KFFB","LOW","KGC"],"percent":"51.1%","estimatedTimeMinutes":24,"i":4100,"totalI":8023,"totalErrors":0,"errors":[]}
 {"time":1527483313442,"batchNames":["LPI","KIE","LPT","KIQ","LQD","KLDW","LRCX","KMDA","LSBK","LSVX","KMPA","LTC","KN","LTPZ","KNOP","LTSL","KO","LUV","KOLD","LVIN","KOPN","LWAY","KOS","LXRX","KRC","LYTS","KRNT","MAA","KS","MACQU","KSU","MAIN","KTN","MANU","KTWO","MAS","KWEB","MATW","KYO","MB","LABU","LAD","MBG","LANC","MBOT","LAUR","MBUU","LB","MCB","LBJ","MCEP","LBTYB","MCHX","MCR","MCS","MDB","MDGS","MDLZ","MDT","MDYG","MEET","MEN","METC","MFD","MFIN","MFO","MG","MGF","MGM","MGU","MHF","MHLD","MICR","MIE","MINC","KBSF","MITK","MIY","KBWY","MKL","KDMN","MLHR","KELYB","MLNX","KEP","MLPE","KEYS","MLPS","KFS","MLR","KGRN","MMC","MMDMW","KIN","MMM","KKR","MMTM","KLIC","MNA","KMG"],"percent":"52.3%","estimatedTimeMinutes":24,"i":4200,"totalI":8023,"totalErrors":0,"errors":[]}
 {"time":1527483370467,"batchNames":["MNK","KMPR","MNR","KNDI","MO","KNSA","MODN","KOF","MOM","KONE","MORL","KORP","MOSC=","KPTI","MOXC","JRS","MPACW","JSMD","MPO","MPX","JSYNW","MRC","JVA","MRK","JYNT","MRSN","KAI","MRVL","KANG","MSBI","KBA","MSF","KBLMR","MSL","KBWB","MSTR","KCAP","MTBCP","KE","MTECU","KEM","MTFBW","KEQU","MTL","KEYW","MTP","KFY","MTSI","KHC","MTX","KINS","MUC","KL","MUFG","KLXI","MUR","KMI","MVC","MVO","MXC","MXI","MYD","MYJ","MYO","MYSZ","MZZ","NAK","NAO","NATI","NAVG","NBEV","NBLX","JT","NBTB","JVAL","NCB","K","NCNA","KALA","NCTY","KAP","NDP","NE","KBAL","NEBUW","KBLMU","NEOG","KBWD","NERV","KCAPL","NETS","KED","NEWR","KEMP","NEXT","KERX","NFLT","KF","NFX","KFYP"],"percent":"53.6%","estimatedTimeMinutes":24,"i":4300,"totalI":8023,"totalErrors":0,"errors":[]}
 {"time":1527483412232,"batchNames":["NGHC","KIDS","KIO","NGL","KLAC","NHA","KMB","NHLDW","KMM","NICE","KMX","NIM","KNL","NJV","KNX","NKTR","KOL","NLS","KOP","NMFC","KORU","NMR","KRA","NMY","KRMA","NNDM","KRYS","NOA","KST","NOG","NOV","NPK","NQP","NRIM","NRZ","NSH","NSPR","NSYS","NTEC","NTIC","NTP","NTRS","NUAG","NUEM","NUMG","NUROW","NUVA","NVDA","NVGS","NVO","NVTA","NWFL","NWPX","KREF","NXC","KRO","NXJ","KSM","NXR","KTCC","NXTM","KTOV","NYMT","KURE","NYNY","KXI","NONE","L","OAS","LACQ","OBE","LAKE","LANDP","OC","LAYN","OCLR","LBC","OCUL","LBRDK","ODT","LBY","OEW","LCI","OFLX","LD","OGEN","LDRI","OHRP","LEAD","OIIL","OILU","OKTA","OLLI","OMAD","OMER","OMI","ON","ONE","ONP","ONTXW"],"percent":"54.8%","estimatedTimeMinutes":23,"i":4400,"totalI":8023,"totalErrors":0,"errors":[]}
 {"time":1527483459405,"batchNames":["OPES","OPHC","OPP","OR","ORC","ORIG","ORN","OSBCP","OSLE","OSS","OTIC","OUSA","OVID","OXBR","LCAHU","OXLCO","LCNB","OYLD","LDOS","PAAS","LE","PAF","LEE","PAH","LEN","PAM","LEVL","PATI","PAVMZ","LFGR","PBA","LGCY","PBD","LGL","PBFX","LHC=","PBIP","KMT","PBR","KNG","PBTP","KNSL","PCEF","PCK","KOIN","PCQ","KOOL","PCY","KORS","PDCO","KR","PDLI","KRG","KRP","KSS","KTF","KTOVW","KVHI","KYE","LABD","LACQU","LALT","LARK","LAZ","LBDC","LBRT","LC","LCII","LDF","LDRS","LECO","LEJU","LEU","LFC","KTH","LILA","KTP","LINK","KW","KYN","LITE","LABL","LKFN","LACQW","LL","LAMR","LLQD","LASR","LMBS","LAZY","LMLP","LBIX","LMRKO","LBTYA","LND","LCA","LNT","LCM","LODE","LDL"],"percent":"56.1%","estimatedTimeMinutes":23,"i":4500,"totalI":8023,"totalErrors":0,"errors":[]}
 {"time":1527483500175,"batchNames":["LONE","LDUR","LOV","LEDS","LPG","LEMB","LPSN","LEVB","LQ","LEGR","LEO","LEXEB","LFVN","LGCYP","LGND","LHO","LINC","LIQT","LIVN","LKOR","LLIT","LM","LMFAW","LMNX","LMT","LNG","LOAN","LGC","LFEQ","LGI","LH","LIFE","LIND","LIT","LIVX","LKQ","LLL","LMAT","LMHA","LMRK","LN","LNGR","PDT","LOB","PEBO","LOGO","PEI","LOR","PENN","LOXO","PERY","LPLA","PETX","LPTX","PF","LQDI","PFF","LRGE","PFGC","LSI","PFIN","LSXMB","PFMT","LTM","PFS","LTRPB","PGAL","LUB","PGJ","LVHD","PGR","LVS","PH","LXFR","PHH","LGC=","PHM","LGIH","PI","LHC","PIE","LII","PIM","PIRS","LINDW","PJH","LITB","PKBK","LJPC","LOGM","LOPE","LOWC","LPL","LPTH","LQDH","LRET","LSCC","LSXMA","LTL","LTRPA"],"percent":"57.3%","estimatedTimeMinutes":22,"i":4600,"totalI":8023,"totalErrors":0,"errors":[]}
 {"time":1527483545869,"batchNames":["LTXB","LVHB","LVL","LX","LXU","LYV","MAB","MACQW","LKSD","LLNW","LMB","LMHB","LMRKN","LNC","LNN","LOCO","LOMA","LORL","LPCN","LPNT","LPX","LQDT","LRGF","LSST","LSXMK","LTN","LTRX","MAMS","MAR","MASI","MATX","MBB","MBI","MBRX","MBVX","MCBC","MCF","MCI","MCRB","MCV","MDC","MDIV","MDP","PKO","LYB","LZB","MAC","MAG","MAN","PLAY","MARA","PLG","MAT","PLOW","MAV","PLUG","MBCN","PLXS","MBII","MBSD","PMD","MBWM","PMO","MCC","PMTS","MCFT","PNFP","MCK","PNQI","MCRI","PODD","MCX","POR","MDCA","PPBI","MDLQ","PPG","MDR","PPLN","LRAD","LULU","LRN","LVHE","LSTR","LVUS","LTBR","LXFT","LTN=","LYG","LTS","M","LUNA","MACK","LVHI","MAGA","LW","MANH","LXP","MARK","LYL"],"percent":"58.5%","estimatedTimeMinutes":21,"i":4700,"totalI":8023,"totalErrors":0,"errors":[]}
 {"time":1527483590722,"batchNames":["MATF","MA","MDU","MDYV","MEI","MEOH","MEXX","MFDX","MFINL","MFSF","MGA","MGI","MGNX","MGV","MHH","MHN","MICT","MIK","MIND","MITL","MJ","MKSI","MLI","MLP","MLPG","MLPX","MLSS","MMD","MAXR","MBFI","MBIN","MBT","MC","MCD","MCHI","MCN","MCRN","MCY","MDCO","MDLX","MDRX","MDXG","MED","MELI","MESO","MFC","MFG","MFM","MFUS","MGEE","MGK","MGPI","MDWD","MEAR","MEIP","MERC","MFA","MFEM","MFL","MFT","MGC","MGIC","MGP","MGYR","MHI","MHNC","MIDD","MILN","MINDP","MITT","MJCO","MKTX","MLM","MLPA","MLPI","MLPY","MLTI","MMDM","MMI","MMP","MMU","MNDO","MNKD","MNRO","MOAT","MOFG","MOMO","MACQ","MORN","MAGS","MOSY","MANT","MPA","MARPS","MPB","MATR","MPV","MAYS","MQT","MBFIO"],"percent":"59.8%","estimatedTimeMinutes":21,"i":4800,"totalI":8023,"totalErrors":0,"errors":[]}
 {"time":1527483625915,"batchNames":["MRCC","MBIO","MRLN","MBTF","MRT","MCA","MS","MCEF","MSCC","MCHP","MSFT","MCO","MSM","MCRO","MSUS","MD","MHD","MDGL","MHK","MDLY","MDSO","MHO","MDY","MIDU","MEDP","MIME","MINI","PPSI","MIW","PQG","MKC","PRB","MLAB","PRFZ","MLN","PRI","MLPB","PRLB","MLPO","PRO","MLPZ","PRPO","MLVF","PRTA","MMDMR","PRU","MMIT","PSC","MMSI","PSCH","MMYT","PSDO","MNGA","PSJ","MNOV","PSMC","MNTA","PSP","MOC","PSTI","MOGO","PTEN","MOO","PTI","MOS","PTN","MOTS","MMIN","MMS","MMV","MNE","MNLO","MNST","MOBL","MOGLC","MON","MORT","MOTI","MPAA","MPC","MPVD","MQY","MPAC","MPCT","MPW","MRAM","MRGR","MRO","MRTX","MSB","MSD","MSGN","MSON","MTB","MTDR","MTEX","MTGEP","MTNB","MTRX","MTUM"],"percent":"61%","estimatedTimeMinutes":20,"i":4900,"totalI":8023,"totalErrors":0,"errors":[]}
 {"time":1527483668780,"batchNames":["MUA","MUDSW","MUJ","MUX","MVIN","MWA","MXE","MXWL","MYGN","MYND","MYOV","MZF","NAII","NANO","NAT","NAV","MTCH","MTECW","MTG","MTLS","MTR","MTSL","MTZ","MUDS","MUH","MUS","MVCD","MVT","MRCY","MELR","MRNS","MET","MRTN","MFCB","MSA","MFGP","MSCI","MFNC","MSG","MFV","MSN","MGEN","MT","MGLN","MTD","MGRC","MTEM","MTGE","MHE","MHLA","MTN","MIC","MTRN","MIDZ","MTT","MIN","MU","MUDSU","MUI","MINT","MUSA","MIXT","MVF","MKGI","MVV","MLCO","MXDU","MLNT","MXL","MLPC","MYF","MLPQ","MYN","MLQD","MYOS","MMAC","MZA","MMDMU","NAD","MMLP","NAN","MMT","NAP","NAUH","NAZ","NBHC","NBO","NBY","NCI","NCR","NCZ","NDRAW","NEAR","NEM","NEOS","NESR","NEV","NEWTI","NFEC","NFO"],"percent":"62.3%","estimatedTimeMinutes":19,"i":5000,"totalI":8023,"totalErrors":0,"errors":[]}
 {"time":1527483713498,"batchNames":["NGD","NGHCO","MXDE","MXIM","MYE","MYL","MYOK","MYY","NAC","NAKD","NAOV","NATR","NAVI","NBH","NBN","NBW","NCBS","NCOM","NCV","NDRA","NEA","NEE","PTX","NEON","PULM","NES","PVAC","NEU","PVI","NEWT","PWOD","NFBK","PX","NFLX","NBB","PXI","NBIX","PXMG","NBR","PXSG","NC","NCLH","NCS","NDAQ","NDRO","NEBU","NEN","NEP","NESRW","NEWA","NEWTZ","NFG","NFRA","NGE","NGHCP","NGVT","NHI","NI","NIE","NITE","NKG","NLNK","NLY","NML","NMS","NGVC","NHF","NHTC","NID","NIQ","NKE","NL","NLST","NMIH","NMRK","NNA","NNN","NOBL","NOM","NOVT","NPO","NRC","NRO","NSA","NSL","NSSC","NTB","NTEST","NNBR","PYN","NNVC","PZA","NOC","PZN","NOMD","QADB","NOW","QCAN","NPTN","QD"],"percent":"63.5%","estimatedTimeMinutes":19,"i":5100,"totalI":8023,"totalErrors":0,"errors":[]}
 {"time":1527483751140,"batchNames":["NRE","QDYN","NRP","QES","NSC","QID","NSM","QLD","NSTG","QMOM","NTC","QQQE","NTG","QRTEB","NTN","QTEC","NTRI","QTRX","NTX","QUIK","NUDM","QVAL","NULV","QXRR","NURE","RAAX","NUSC","RALS","NVCN","NVFY","NVMI","NVS","NWBI","NWLI","NTLA","NTRA","NTWK","NUBD","NULG","NUO","NUSA","NVAX","NVEE","NVLN","NVRO","NVUS","NWL","NWSA","NXEO","NXP","NXST","NYF","NYMTO","NYT","OA","OASM","OBNK","OCFC","OCSI","ODC","OEF","OFED","OFSSL","OHAI","OIA","OILB","OIS","NG","NGHCN","NGS","NHC","NHS","NICK","NINE","NK","NKX","NLSN","NMI","NMRD","NMZ","NNI","NOAH","NWY","NXEOU","NXPI","NXTD","NYH","NYMTP","NYV","OAK","OBAS","OBOR","OCIO","OCSL","ODFL","OESX","OFG","OGCP","OHGI","OIH"],"percent":"64.8%","estimatedTimeMinutes":18,"i":5200,"totalI":8023,"totalErrors":0,"errors":[]}
 {"time":1527483790825,"batchNames":["OILD","OKDCC","OLED","OLP","OMCL","MN","MNI","MNP","MNTX","MOD","MOH","MOR","MOSC","MOV","MPACU","MPLX","MPWR","MRBK","MRIN","MRRL","MRUS","MSBF","MSEX","MSI","NOK","NOVN","NPN","NR","NRK","NS","NSIT","RAVI","RBC","RBS","RCII","RCMT","RDCM","RDIV","RDVY","REDU","REFR","REI","RELX","RENN","MSP","OLD","OLO","OMC","OMF","OMNT","ONCE","ONEQ","ONSIW","OOMA","OPESW","OPK","OPTT","ORAN","ORG","ORLY","MTBC","MTEC","MTFB","MTH","MTOR","MTSC","MTW","MUB","MUE","MUNI","MVBF","MVIS","NSS","NTAP","OMFL","OMOM","ONCS","ONEV","ONTL","OPB","OPGN","OPNT","OPY","ORBC","ORGS","ORM","OSB","OSIZ","OSPRU","OTEL","OTTW","OVAS","OVLY","OXLC","OXSQL","P","NTES","NTIP","NTR","NTRSP"],"percent":"66%","estimatedTimeMinutes":17,"i":5300,"totalI":8023,"totalErrors":0,"errors":[]}
 {"time":1527483834018,"batchNames":["NUAN","NUGT","NUMV","NUS","NUW","NVEC","NVIV","NVR","NVTR","NWHM","NWS","NXE","NXN","NXRT","NYCB","RESN","REVG","RF","RFEM","RFIL","RGA","RGLD","ORRF","OSIS","OSPR","OSUR","OTTR","OUT","OVLU","OXFD","OXSQ","OZRK","PACB","PAGG","PAI","PANW","PAVE","MX","MXF","MYC","RGSE","RHP","RICK","RILY","RINF","RIV","RJZ","RLH","RM","RMD","MYI","MYNDW","MYRG","MZOR","NAIL","NANR","NATH","NAVB","NBD","NBL","NBRV","NCA","NCMI","NCSM","NDLS","NDSN","NEBUU","NEO","NYMTN","NYRT","O","OASI","OBLN","OCC","OCN","OCX","OEC","OFC","OFS","OGS","OI","OIIM","OILX","OLBK","OLN","OMAD=","OMEX","OMN","PACQU","PAGP","PAK","PAR","PAVM","PAYX","PBCT","PBEE","RMT","RNEM","RNMC","RNST"],"percent":"67.3%","estimatedTimeMinutes":17,"i":5400,"totalI":8023,"totalErrors":0,"errors":[]}
 {"time":1527483875859,"batchNames":["ROBT","ROGS","PAYC","PBBI","PBE","PBHC","PBND","PBSK","PBW","PCG","PCMI","PCSB","PCYO","PDFS","PBI","PBP","PBSM","PBYI","PCH","PCN","PCTI","PDBC","PDI","PDP","PEB","PEGA","NEPT","NETE","NEWM","NEXA","NFJ","NFTY","NGG","NGHCZ","NH","PDN","PE","PEG","PEJ","PEP","PESI","PEX","PFBI","PFFD","PFI","PFL","PFNX","PFSW","ONB","ONEO","ONS","ONVO","OPESU","OPHT","OPTN","ORA","ORCL","ORIT","ORPN","OSG","OSN","OSTK","OTIV","OUSM","OVLC","PEK","PER","PETQ","PEY","PFD","PFFR","PFIE","PFLT","PFO","PFXF","PGH","PGNX","PGX","PHDG","PHIIK","PHX","PICO","PII","PIO","ROLL","ROSE","ROX","RPG","RPV","RRGB","RSLS","RSX","RTIX","RTTR","RUSL","RVNC","RVT","RWK","RWR","RXI"],"percent":"68.5%","estimatedTimeMinutes":16,"i":5500,"totalI":8023,"totalErrors":0,"errors":[]}
 {"time":1527483926009,"batchNames":["RY","RYF","RYT","NHLD","NIB","NIHD","NJR","RZG","SAB","SAFM","SAIA","NKSH","NLR","NM","NMM","NMT","NNC","PGF","PGMB","PGTI","PHD","PHII","PHT","PICK","PIHPP","PINC","PIY","PJT","PKE","PKW","PLCE","PLM","PLSE","PLW","PLYM","PMF","PMPT","PNBK","PNK","PNRG","SALT","SANM","SATS","NNY","NODK","NORW","NP","NPV","NRG","NRT","NSEC","NSP","NSU","NTCT","NTGR","NTNX","NTRP","NTZ","NUE","SBB","SBFG","SBI","SBNA","SBPH","SBSI","SCAC","SCCO","SCHC","SCHH","SCHO","SCHX","SCIJ","SCKT","SCPH","SCWX","SDCI","SDLP","SDR","OXBRW","OXM","OZM","PAC","PAG","PAHC","PANL","PATK","PAY","PBB","PBDM","PBH","PBJ","PBS","PBUS","PCF","PCM","PCRX","PCYG","PIZ","PK","PKG"],"percent":"69.8%","estimatedTimeMinutes":16,"i":5600,"totalI":8023,"totalErrors":0,"errors":[]}
 {"time":1527483969426,"batchNames":["PKX","PLCY","PLND","PLT","PLX","PM","PML","NUM","NURO","NUV","NVCR","NVG","NVMM","NVT","NWE","NWN","NX","NXEOW","NXQ","NXTDW","NYLD","NYMX","NZF","OAKS","OBCI","OBSV","OCIP","OCSLL","ODP","OEUR","OFIX","OGE","OHI","OII","OILK","PMR","PNC","PNM","PNTR","POOL","POWL","PPDM","PPL","PPR","PPTY","PRAH","PRF","PRGX","PRK","PRN","PRPL","PRSS","PRTS","PSAU","PSCE","SDY","POLA","POWI","PPDF","PPIH","PPMC","PPTB","PRAA","PREF","PRGS","PRIM","PRMW","PRPH","PRSC","PRTO","PSA","PSCD","PSCM","PSET","SEAS","SEE","SELB","SENEA","SES","SFBS","SFL","SFST","SGC","SGH","SGMS","SGU","SHAK","SHI","SHLM","SHO","SHSP","PDEX","PDM","PDVW","PED","PEIX","PEO","PES","PETZ","PFBC"],"percent":"71%","estimatedTimeMinutes":15,"i":5700,"totalI":8023,"totalErrors":0,"errors":[]}
 {"time":1527484014346,"batchNames":["PFFA","PFH","PFIS","PFN","PFSI","PGC","PGLC","PGRE","PHB","PHI","PHO","PICB","PIH","PIN","PIXY","PJP","PKD","PSCT","PSF","PSLV","PSMT","PST","PTC","PTGX","PTLC","PTR","PUI","PUTW","PVG","PWB","PWV","PXF","SHYG","SIF","SIGI","SILJ","SIR","SIVR","SJI","SJT","SKOR","SKYW","SLCT","SLF","PSL","PSMM","PSR","PSXP","PTF","PTLA","PTNR","PUB","PUMP","OKE","OLEM","OMAB","OMED","OMFS","OMP","ONDK","ONEY","ONTX","OPBK","OPGNW","PKOH","PLBC","PLLL","PLPC","PLUS","PLYA","PME","PMOM","PMX","PNI","PNR","POL","POST","PPC","PPH","PPLT","PPT","PRA","PRCP","PRGO","PRID","PRME","PROV","PVBC","PW","PWS","PXE","PXLG","PXQ","PXUS","PYS","PZD","PZZA","QARP","QCOM","QDEL"],"percent":"72.3%","estimatedTimeMinutes":14,"i":5800,"totalI":8023,"totalErrors":0,"errors":[]}
 {"time":1527484057333,"batchNames":["SLM","SLQD","SLV","SLYG","SMBC","SMDV","SMH","SMIT","PXLV","PXR","PY","PYT","PZG","QABA","QAT","QCP","QDEU","QEMM","QGTA","QJPN","QLYS","QQQ","QRHC","QSR","QTNT","QUAD","QURE","QXGG","R","RADA","OPOF","OQAL","ORBK","ORI","ORMP","OSBC","OSK","OSPRW","OTEX","OUNZ","OVBC","OVOL","OXLCM","OXY","PAA","PACW","PAGS","PALL","PARR","SMM","SMMV","SMRT","SN","SNDE","SNFCA","SNHNL","SNN","SNPS","SNX","SOFO","SOHOO","SOJB","SONC","SOXS","SPAB","SPDV","SPFF","SPHD","SPKE","SPLP","QEFA","QGEN","QIWI","QLTA","QQEW","QQXT","QSII","QTNA","QTWO","QUOT","PRQR","PRTK","PS","PSCC","PSCI","PSEC","PSK","PSMG","PSQ","PSX","PTEU","PTIE","PTNQ","PTY","PULS","PVAL","PVTL","PWR","PXD","PXJ"],"percent":"73.5%","estimatedTimeMinutes":14,"i":5900,"totalI":8023,"totalErrors":0,"errors":[]}
 {"time":1527484095531,"batchNames":["PXMV","PXSV","PYPL","QWLD","QYLD","RAD","RARE","RBA","RBCN","RCD","RCKY","RCS","RDHL","RDNT","RDY","REEM","REGI","REK","REML","REPH","RETL","REX","RFCI","RFFC","RFP","RGEN","RGNX","RH","RHT","RIG","RILYH","RIO","RARX","RBB","RBIN","RCG","RCL","RCUS","RDI","RDUS","RE","REET","REGL","RELL","REMX","RES","RETO","REXR","RFDA","RFG","RFUN","RGI","PAVMW","PB","PBCTP","SPMV","SPOT","SPRT","SPTM","SPVM","SPXC","SPXT","SPYB","SQ","SQQQ","SRCE","SRE","SRI","SRRA","SRTSW","SSBI","SSI","PBF","PBIB","PBPB","PBT","PCAR","PCI","PCOM","PCTY","PDCE","PDLB","PDS","PEBK","PEGI","PEN","PERI","PETS","PEZ","PFE","PFG","PFIG","RGR","RHE","RIBT","RIGL","RILYL","RIOT","RJI","RLGT"],"percent":"74.7%","estimatedTimeMinutes":13,"i":6000,"totalI":8023,"totalErrors":0,"errors":[]}
 {"time":1527484138894,"batchNames":["PZC","PZT","QAI","QCLN","SSNT","SSTK","SSYS","STAR","STCN","STI","STL","STM","STNG","STOR","STRL","STWD","SUB","SUNS","SURF","SVBI","SVVC","SWJ","QDEF","QED","QGBR","RJF","RL","RLJ","RMBL","RMNI","RNDB","RNG","RNP","ROAD","RODI","ROK","ROOF","ROSEW","RP","RPM","RQI","RRTS","RSP","RSYS","RTM","RUN","RUTH","RVP","RWGE","RWLK","PFM","PFPT","PG","PGHY","RLJE","RMBS","RMP","RNDM","RNGR","RNR","ROAM","RODM","ROKU","ROP","ROST","RPAI","RPT","RRC","RS","RSPP","RTEC","QINC","QLS","QNST","QQQX","QRVO","QTM","QTS","QUMU","QVM","QXTR","RACE","RAND","RAVN","RBCAA","RBUS","RCKT","RCON","RDFN","RDN","RDWR","REED","REG","PGP","PGZ","PHG","PHK","PHYS","PID","PILL"],"percent":"76%","estimatedTimeMinutes":12,"i":6100,"totalI":8023,"totalErrors":0,"errors":[]}
 {"time":1527484176296,"batchNames":["PIR","PJC","PKB","SWP","SXE","SYE","SYLD","SYNH","SYV","SZO","TACOW","TAIT","TANNI","TAPR","PKI","PLAB","PLD","PLNT","PLTM","PLXP","PMBC","PMM","PMT","PNF","PNNT","PNW","POPE","PPA","PPEM","PPLC","PPSC","PPX","PRAN","PRFT","PRH","PRKR","PRNT","PRPLW","RTN","RUSHA","RVEN","RVRS","RWGE=","RWM","RWX","RXL","RYB","RYJ","RZA","SA","SAEX","SAGG","SAL","SAN","SAR","SB","SBBX","SBGL","TAX","TBI","TBT","TCBIP","TCCO","TCI","TCPC","TCTL","TDC","TDIV","TDTT","TECH","TEF","TEN","TERM","TEVA","TFX","TGEN","TGP","THD","THO","REIS","REM","RENX","RETA","RWW","RXIIW","RYAM","RYI","RYU","S","SACH","SAGE","SAIL","SAMG","SAP","REW","RFAP","RFEU","RFL","RGCO","RGLS"],"percent":"77.2%","estimatedTimeMinutes":12,"i":6200,"totalI":8023,"totalErrors":0,"errors":[]}
 {"time":1527484210098,"batchNames":["RGT","RHS","RIF","RILYG","SAVE","SBBP","SBGI","SBLK","SBNYW","SBRA","SBUX","SCACW","SCG","SCHE","SCHL","SCHR","SCI","SCIU","SCM","SCSC","SBLKZ","SBOT","SBRAP","SC","SCAP","SCHA","SCHF","SCHM","SCHV","SCID","SCIX","SCO","SCTO","SCZ","SDI","SDP","SDT","SEA","SECT","SEIC","SEMG","RING","RJA","RKDA","RLI","RMAX","PRT","PRTY","PSB","PSCF","PSCU","PSI","PSMB","PSO","PSTG","PTCT","PTH","PTMC","PTSI","PUK","THST","TIBRW","TILE","TIPZ","TIVO","TKR","TLH","TLRA","TLYS","TMHC","TMSR","TNAV","TNP","TOL","TOT","TPB","TPGH=","TPL","TPVY","TR","TREC","TRI","RMGN","RMTI","RNET","RNN","RNWK","ROCK","ROIC","ROM","ROSEU","ROYT","RPIBC","RPXC","RRR","RSO","RSXJ","RTL","SCYX","SDEM"],"percent":"78.5%","estimatedTimeMinutes":11,"i":6300,"totalI":8023,"totalErrors":0,"errors":[]}
 {"time":1527484248683,"batchNames":["SDOW","SDS","SE","SECO","SEF","SEM","SENS","SF","SFHY","SFM","SGA","SGDM","SGLBW","SGOL","SGZA","SHE","SHIPW","PUW","PVH","PWC","PWZ","PXH","PXLW","PXS","PYDS","PYZ","PZI","QADA","QBAK","QCRH","QDF","QEP","QHC","QLC","QMN","QQQC","QRTEA","QSY","QTRH","QUAL","QUS","QXMI","RA","RAIL","RAVE","RBBN","SEP","SFB","SFIG","SFNC","SGB","SGEN","RUBI","RUSS","RVNU","RWC","RWL","RWT","RXII","RYAAY","RYH","RYTM","RZV","SABR","SAFT","SAIC","SGMA","SGRP","SH","SHEN","SHLD","SHM","SHOS","SHY","SIEB","SIG","SIL","SINA","SITO","SIZE","SJNK","SKIS","SKY","SLB","SLDB","SLGN","SLNOW","TRMB","TRNC","TROX","TRST","TRUE","TRX","TSCAP","TSI","TSN","TST","TTD","SHLX","SHOP"],"percent":"79.7%","estimatedTimeMinutes":10,"i":6400,"totalI":8023,"totalErrors":0,"errors":[]}