construct
Succeeded connected to: mongodb://localhost/test
init started
stocks instantiated
stocks details fetched downloaded
started fetching charts
[ 'start',
  { name: 'fetchAndMapCharts',
    startI: 0,
    batchSize: 100,
    totalI: 16146 } ]
{ batchNames: 
   [ 'A',
     'AA',
     'AABA',
     'AAC',
     'AADR',
     'AAL',
     'AAMC',
     'AAN',
     'AAOI',
     'AAON',
     'AAP',
     'AAT',
     'AAME',
     'AAU',
     'AAV',
     'AAPL',
     'AAWW',
     'AAXN',
     'AB',
     'ABAC',
     'AAXJ',
     'ABAX',
     'ABBV',
     'ABB',
     'ABC',
     'ABCB',
     'ABCD',
     'ABEO',
     'ABDC',
     'ABEOW',
     'ABEV',
     'ABG',
     'ABIO',
     'ABIL',
     'ABLX',
     'ABM',
     'ABMD',
     'ABT',
     'ABR',
     'ABTX',
     'ABUS',
     'ABX',
     'ACAD',
     'AC',
     'ACBI',
     'ACC',
     'ACCO',
     'ACET',
     'ACER',
     'ACFC',
     'ACGL',
     'ACGLO',
     'ACH',
     'ACGLP',
     'ACHC',
     'ACHN',
     'ACHV',
     'ACIM',
     'ACIA',
     'ACIU',
     'ACIW',
     'ACLS',
     'ACMR',
     'ACM',
     'ACN',
     'ACNB',
     'ACOR',
     'ACRE',
     'ACP',
     'ACRS',
     'ACRX',
     'ACSF',
     'ACST',
     'ACSI',
     'ACT',
     'ACTG',
     'ACU',
     'ACWF',
     'ACV',
     'ACWI',
     'ACWV',
     'ACWX',
     'ACY',
     'ACXM',
     'ADAP',
     'ADBE',
     'ADC',
     'ADI',
     'ADES',
     'ADM',
     'ADMA',
     'ADMP',
     'ADNT',
     'ADMS',
     'ADOM',
     'ADP',
     'ADRA',
     'ADRE',
     'ADRD',
     'ADRO' ],
  percent: '0%',
  estimatedTimeMinutes: 13183,
  'i/totalI': '0/16146',
  totalErrors: 0 }
